<?xml version="1.0" encoding="UTF-8"?>
<testsuite xmlns:xsi="http://www.w3.org/2001/XMLSchema-instance" xsi:noNamespaceSchemaLocation="https://maven.apache.org/surefire/maven-surefire-plugin/xsd/surefire-test-report.xsd" name="TestSuite" time="44.521" tests="12" errors="0" skipped="0" failures="12">
  <properties>
    <property name="gopherProxySet" value="false"/>
    <property name="awt.toolkit" value="sun.lwawt.macosx.LWCToolkit"/>
    <property name="java.specification.version" value="11"/>
    <property name="sun.cpu.isalist" value=""/>
    <property name="sun.jnu.encoding" value="UTF-8"/>
    <property name="java.class.path" value="/Users/abiramisundarapandian/Documents/RubixEclipseWorkspace/SmartfleetApp/target/test-classes:/Users/abiramisundarapandian/Documents/RubixEclipseWorkspace/SmartfleetApp/target/classes:/Users/abiramisundarapandian/.m2/repository/com/browserstack/browserstack-java-sdk/1.12.2/browserstack-java-sdk-1.12.2.jar:/Users/abiramisundarapandian/.m2/repository/com/browserstack/browserstack-local-java/1.1.0/browserstack-local-java-1.1.0.jar:/Users/abiramisundarapandian/.m2/repository/org/json/json/20230227/json-20230227.jar:/Users/abiramisundarapandian/.m2/repository/org/apache/maven/surefire/surefire-grouper/2.22.1/surefire-grouper-2.22.1.jar:/Users/abiramisundarapandian/.m2/repository/io/cucumber/cucumber-java/7.14.0/cucumber-java-7.14.0.jar:/Users/abiramisundarapandian/.m2/repository/io/cucumber/cucumber-core/7.14.0/cucumber-core-7.14.0.jar:/Users/abiramisundarapandian/.m2/repository/io/cucumber/cucumber-gherkin/7.14.0/cucumber-gherkin-7.14.0.jar:/Users/abiramisundarapandian/.m2/repository/io/cucumber/cucumber-gherkin-messages/7.14.0/cucumber-gherkin-messages-7.14.0.jar:/Users/abiramisundarapandian/.m2/repository/io/cucumber/gherkin/26.2.0/gherkin-26.2.0.jar:/Users/abiramisundarapandian/.m2/repository/io/cucumber/messages/22.0.0/messages-22.0.0.jar:/Users/abiramisundarapandian/.m2/repository/io/cucumber/tag-expressions/5.0.6/tag-expressions-5.0.6.jar:/Users/abiramisundarapandian/.m2/repository/io/cucumber/cucumber-expressions/16.1.2/cucumber-expressions-16.1.2.jar:/Users/abiramisundarapandian/.m2/repository/io/cucumber/datatable/7.14.0/datatable-7.14.0.jar:/Users/abiramisundarapandian/.m2/repository/io/cucumber/cucumber-plugin/7.14.0/cucumber-plugin-7.14.0.jar:/Users/abiramisundarapandian/.m2/repository/io/cucumber/docstring/7.14.0/docstring-7.14.0.jar:/Users/abiramisundarapandian/.m2/repository/io/cucumber/html-formatter/20.4.0/html-formatter-20.4.0.jar:/Users/abiramisundarapandian/.m2/repository/io/cucumber/junit-xml-formatter/0.2.0/junit-xml-formatter-0.2.0.jar:/Users/abiramisundarapandian/.m2/repository/io/cucumber/ci-environment/9.2.0/ci-environment-9.2.0.jar:/Users/abiramisundarapandian/.m2/repository/org/apiguardian/apiguardian-api/1.1.2/apiguardian-api-1.1.2.jar:/Users/abiramisundarapandian/.m2/repository/org/seleniumhq/selenium/selenium-http-jdk-client/4.13.0/selenium-http-jdk-client-4.13.0.jar:/Users/abiramisundarapandian/.m2/repository/com/google/auto/service/auto-service-annotations/1.1.1/auto-service-annotations-1.1.1.jar:/Users/abiramisundarapandian/.m2/repository/org/seleniumhq/selenium/selenium-api/4.13.0/selenium-api-4.13.0.jar:/Users/abiramisundarapandian/.m2/repository/org/seleniumhq/selenium/selenium-http/4.13.0/selenium-http-4.13.0.jar:/Users/abiramisundarapandian/.m2/repository/com/google/guava/guava/32.1.2-jre/guava-32.1.2-jre.jar:/Users/abiramisundarapandian/.m2/repository/com/google/guava/failureaccess/1.0.1/failureaccess-1.0.1.jar:/Users/abiramisundarapandian/.m2/repository/com/google/guava/listenablefuture/9999.0-empty-to-avoid-conflict-with-guava/listenablefuture-9999.0-empty-to-avoid-conflict-with-guava.jar:/Users/abiramisundarapandian/.m2/repository/com/google/code/findbugs/jsr305/3.0.2/jsr305-3.0.2.jar:/Users/abiramisundarapandian/.m2/repository/org/checkerframework/checker-qual/3.33.0/checker-qual-3.33.0.jar:/Users/abiramisundarapandian/.m2/repository/com/google/errorprone/error_prone_annotations/2.18.0/error_prone_annotations-2.18.0.jar:/Users/abiramisundarapandian/.m2/repository/com/google/j2objc/j2objc-annotations/2.8/j2objc-annotations-2.8.jar:/Users/abiramisundarapandian/.m2/repository/dev/failsafe/failsafe/3.3.2/failsafe-3.3.2.jar:/Users/abiramisundarapandian/.m2/repository/org/seleniumhq/selenium/selenium-json/4.13.0/selenium-json-4.13.0.jar:/Users/abiramisundarapandian/.m2/repository/io/cucumber/cucumber-testng/7.14.0/cucumber-testng-7.14.0.jar:/Users/abiramisundarapandian/.m2/repository/org/testng/testng/7.8.0/testng-7.8.0.jar:/Users/abiramisundarapandian/.m2/repository/com/beust/jcommander/1.82/jcommander-1.82.jar:/Users/abiramisundarapandian/.m2/repository/org/webjars/jquery/3.6.1/jquery-3.6.1.jar:/Users/abiramisundarapandian/.m2/repository/org/seleniumhq/selenium/selenium-java/4.14.1/selenium-java-4.14.1.jar:/Users/abiramisundarapandian/.m2/repository/org/seleniumhq/selenium/selenium-chrome-driver/4.14.1/selenium-chrome-driver-4.14.1.jar:/Users/abiramisundarapandian/.m2/repository/org/seleniumhq/selenium/selenium-chromium-driver/4.14.1/selenium-chromium-driver-4.14.1.jar:/Users/abiramisundarapandian/.m2/repository/org/seleniumhq/selenium/selenium-manager/4.14.1/selenium-manager-4.14.1.jar:/Users/abiramisundarapandian/.m2/repository/org/seleniumhq/selenium/selenium-devtools-v116/4.14.1/selenium-devtools-v116-4.14.1.jar:/Users/abiramisundarapandian/.m2/repository/org/seleniumhq/selenium/selenium-devtools-v117/4.14.1/selenium-devtools-v117-4.14.1.jar:/Users/abiramisundarapandian/.m2/repository/org/seleniumhq/selenium/selenium-devtools-v118/4.14.1/selenium-devtools-v118-4.14.1.jar:/Users/abiramisundarapandian/.m2/repository/org/seleniumhq/selenium/selenium-devtools-v85/4.14.1/selenium-devtools-v85-4.14.1.jar:/Users/abiramisundarapandian/.m2/repository/org/seleniumhq/selenium/selenium-edge-driver/4.14.1/selenium-edge-driver-4.14.1.jar:/Users/abiramisundarapandian/.m2/repository/org/seleniumhq/selenium/selenium-firefox-driver/4.14.1/selenium-firefox-driver-4.14.1.jar:/Users/abiramisundarapandian/.m2/repository/org/seleniumhq/selenium/selenium-ie-driver/4.14.1/selenium-ie-driver-4.14.1.jar:/Users/abiramisundarapandian/.m2/repository/org/seleniumhq/selenium/selenium-safari-driver/4.14.1/selenium-safari-driver-4.14.1.jar:/Users/abiramisundarapandian/.m2/repository/org/seleniumhq/selenium/selenium-server/4.0.0-alpha-2/selenium-server-4.0.0-alpha-2.jar:/Users/abiramisundarapandian/.m2/repository/org/seleniumhq/selenium/grid/4.0.0-alpha-2/grid-4.0.0-alpha-2.jar:/Users/abiramisundarapandian/.m2/repository/org/seleniumhq/selenium/selenium-edgehtml-driver/4.0.0-alpha-2/selenium-edgehtml-driver-4.0.0-alpha-2.jar:/Users/abiramisundarapandian/.m2/repository/org/seleniumhq/selenium/jetty-repacked/9.4.12.v20180830.1/jetty-repacked-9.4.12.v20180830.1.jar:/Users/abiramisundarapandian/.m2/repository/javax/servlet/javax.servlet-api/3.1.0/javax.servlet-api-3.1.0.jar:/Users/abiramisundarapandian/.m2/repository/org/zeromq/jeromq/0.5.1/jeromq-0.5.1.jar:/Users/abiramisundarapandian/.m2/repository/eu/neilalexander/jnacl/1.0.0/jnacl-1.0.0.jar:/Users/abiramisundarapandian/.m2/repository/net/jcip/jcip-annotations/1.0/jcip-annotations-1.0.jar:/Users/abiramisundarapandian/.m2/repository/org/yaml/snakeyaml/1.24/snakeyaml-1.24.jar:/Users/abiramisundarapandian/.m2/repository/io/appium/java-client/8.6.0/java-client-8.6.0.jar:/Users/abiramisundarapandian/.m2/repository/org/seleniumhq/selenium/selenium-remote-driver/4.13.0/selenium-remote-driver-4.13.0.jar:/Users/abiramisundarapandian/.m2/repository/io/netty/netty-buffer/4.1.96.Final/netty-buffer-4.1.96.Final.jar:/Users/abiramisundarapandian/.m2/repository/io/netty/netty-codec-http/4.1.96.Final/netty-codec-http-4.1.96.Final.jar:/Users/abiramisundarapandian/.m2/repository/io/netty/netty-codec/4.1.96.Final/netty-codec-4.1.96.Final.jar:/Users/abiramisundarapandian/.m2/repository/io/netty/netty-handler/4.1.96.Final/netty-handler-4.1.96.Final.jar:/Users/abiramisundarapandian/.m2/repository/io/netty/netty-common/4.1.96.Final/netty-common-4.1.96.Final.jar:/Users/abiramisundarapandian/.m2/repository/io/netty/netty-transport-classes-epoll/4.1.96.Final/netty-transport-classes-epoll-4.1.96.Final.jar:/Users/abiramisundarapandian/.m2/repository/io/netty/netty-transport-classes-kqueue/4.1.96.Final/netty-transport-classes-kqueue-4.1.96.Final.jar:/Users/abiramisundarapandian/.m2/repository/io/netty/netty-transport-native-epoll/4.1.96.Final/netty-transport-native-epoll-4.1.96.Final.jar:/Users/abiramisundarapandian/.m2/repository/io/netty/netty-transport-native-kqueue/4.1.96.Final/netty-transport-native-kqueue-4.1.96.Final.jar:/Users/abiramisundarapandian/.m2/repository/io/netty/netty-transport-native-unix-common/4.1.96.Final/netty-transport-native-unix-common-4.1.96.Final.jar:/Users/abiramisundarapandian/.m2/repository/io/netty/netty-transport/4.1.96.Final/netty-transport-4.1.96.Final.jar:/Users/abiramisundarapandian/.m2/repository/io/netty/netty-resolver/4.1.96.Final/netty-resolver-4.1.96.Final.jar:/Users/abiramisundarapandian/.m2/repository/io/opentelemetry/opentelemetry-api/1.28.0/opentelemetry-api-1.28.0.jar:/Users/abiramisundarapandian/.m2/repository/io/opentelemetry/opentelemetry-context/1.28.0/opentelemetry-context-1.28.0.jar:/Users/abiramisundarapandian/.m2/repository/io/opentelemetry/opentelemetry-exporter-logging/1.28.0/opentelemetry-exporter-logging-1.28.0.jar:/Users/abiramisundarapandian/.m2/repository/io/opentelemetry/opentelemetry-sdk-metrics/1.28.0/opentelemetry-sdk-metrics-1.28.0.jar:/Users/abiramisundarapandian/.m2/repository/io/opentelemetry/opentelemetry-extension-incubator/1.28.0-alpha/opentelemetry-extension-incubator-1.28.0-alpha.jar:/Users/abiramisundarapandian/.m2/repository/io/opentelemetry/opentelemetry-sdk-logs/1.28.0/opentelemetry-sdk-logs-1.28.0.jar:/Users/abiramisundarapandian/.m2/repository/io/opentelemetry/opentelemetry-sdk-common/1.28.0/opentelemetry-sdk-common-1.28.0.jar:/Users/abiramisundarapandian/.m2/repository/io/opentelemetry/opentelemetry-sdk-extension-autoconfigure-spi/1.28.0/opentelemetry-sdk-extension-autoconfigure-spi-1.28.0.jar:/Users/abiramisundarapandian/.m2/repository/io/opentelemetry/opentelemetry-sdk-extension-autoconfigure/1.28.0/opentelemetry-sdk-extension-autoconfigure-1.28.0.jar:/Users/abiramisundarapandian/.m2/repository/io/opentelemetry/opentelemetry-api-events/1.28.0-alpha/opentelemetry-api-events-1.28.0-alpha.jar:/Users/abiramisundarapandian/.m2/repository/io/opentelemetry/opentelemetry-sdk-trace/1.28.0/opentelemetry-sdk-trace-1.28.0.jar:/Users/abiramisundarapandian/.m2/repository/io/opentelemetry/opentelemetry-sdk/1.28.0/opentelemetry-sdk-1.28.0.jar:/Users/abiramisundarapandian/.m2/repository/io/opentelemetry/opentelemetry-semconv/1.28.0-alpha/opentelemetry-semconv-1.28.0-alpha.jar:/Users/abiramisundarapandian/.m2/repository/net/bytebuddy/byte-buddy/1.14.5/byte-buddy-1.14.5.jar:/Users/abiramisundarapandian/.m2/repository/org/asynchttpclient/async-http-client/2.12.3/async-http-client-2.12.3.jar:/Users/abiramisundarapandian/.m2/repository/org/asynchttpclient/async-http-client-netty-utils/2.12.3/async-http-client-netty-utils-2.12.3.jar:/Users/abiramisundarapandian/.m2/repository/io/netty/netty-codec-socks/4.1.60.Final/netty-codec-socks-4.1.60.Final.jar:/Users/abiramisundarapandian/.m2/repository/io/netty/netty-handler-proxy/4.1.60.Final/netty-handler-proxy-4.1.60.Final.jar:/Users/abiramisundarapandian/.m2/repository/io/netty/netty-transport-native-epoll/4.1.60.Final/netty-transport-native-epoll-4.1.60.Final-linux-x86_64.jar:/Users/abiramisundarapandian/.m2/repository/io/netty/netty-transport-native-kqueue/4.1.60.Final/netty-transport-native-kqueue-4.1.60.Final-osx-x86_64.jar:/Users/abiramisundarapandian/.m2/repository/com/typesafe/netty/netty-reactive-streams/2.0.4/netty-reactive-streams-2.0.4.jar:/Users/abiramisundarapandian/.m2/repository/com/sun/activation/jakarta.activation/1.2.2/jakarta.activation-1.2.2.jar:/Users/abiramisundarapandian/.m2/repository/org/seleniumhq/selenium/selenium-os/4.13.0/selenium-os-4.13.0.jar:/Users/abiramisundarapandian/.m2/repository/org/seleniumhq/selenium/selenium-support/4.13.0/selenium-support-4.13.0.jar:/Users/abiramisundarapandian/.m2/repository/com/google/code/gson/gson/2.10.1/gson-2.10.1.jar:/Users/abiramisundarapandian/.m2/repository/org/apache/commons/commons-lang3/3.13.0/commons-lang3-3.13.0.jar:/Users/abiramisundarapandian/.m2/repository/org/slf4j/slf4j-api/2.0.9/slf4j-api-2.0.9.jar:/Users/abiramisundarapandian/.m2/repository/io/rest-assured/rest-assured/5.3.2/rest-assured-5.3.2.jar:/Users/abiramisundarapandian/.m2/repository/org/apache/groovy/groovy/4.0.11/groovy-4.0.11.jar:/Users/abiramisundarapandian/.m2/repository/org/apache/groovy/groovy-xml/4.0.11/groovy-xml-4.0.11.jar:/Users/abiramisundarapandian/.m2/repository/org/apache/httpcomponents/httpclient/4.5.13/httpclient-4.5.13.jar:/Users/abiramisundarapandian/.m2/repository/org/apache/httpcomponents/httpcore/4.4.13/httpcore-4.4.13.jar:/Users/abiramisundarapandian/.m2/repository/commons-logging/commons-logging/1.2/commons-logging-1.2.jar:/Users/abiramisundarapandian/.m2/repository/commons-codec/commons-codec/1.11/commons-codec-1.11.jar:/Users/abiramisundarapandian/.m2/repository/org/apache/httpcomponents/httpmime/4.5.13/httpmime-4.5.13.jar:/Users/abiramisundarapandian/.m2/repository/org/hamcrest/hamcrest/2.2/hamcrest-2.2.jar:/Users/abiramisundarapandian/.m2/repository/org/ccil/cowan/tagsoup/tagsoup/1.2.1/tagsoup-1.2.1.jar:/Users/abiramisundarapandian/.m2/repository/io/rest-assured/json-path/5.3.2/json-path-5.3.2.jar:/Users/abiramisundarapandian/.m2/repository/org/apache/groovy/groovy-json/4.0.11/groovy-json-4.0.11.jar:/Users/abiramisundarapandian/.m2/repository/io/rest-assured/rest-assured-common/5.3.2/rest-assured-common-5.3.2.jar:/Users/abiramisundarapandian/.m2/repository/io/rest-assured/xml-path/5.3.2/xml-path-5.3.2.jar:/Users/abiramisundarapandian/.m2/repository/org/hamcrest/hamcrest-all/1.3/hamcrest-all-1.3.jar:/Users/abiramisundarapandian/.m2/repository/com/sikulix/sikulixapi/2.0.4/sikulixapi-2.0.4.jar:/Users/abiramisundarapandian/.m2/repository/com/sikulix/sikulix2tigervnc/1.1.4/sikulix2tigervnc-1.1.4.jar:/Users/abiramisundarapandian/.m2/repository/commons-cli/commons-cli/1.4/commons-cli-1.4.jar:/Users/abiramisundarapandian/.m2/repository/org/apache/commons/commons-exec/1.3/commons-exec-1.3.jar:/Users/abiramisundarapandian/.m2/repository/net/java/dev/jna/jna-platform/5.4.0/jna-platform-5.4.0.jar:/Users/abiramisundarapandian/.m2/repository/net/java/dev/jna/jna/5.4.0/jna-5.4.0.jar:/Users/abiramisundarapandian/.m2/repository/net/oneandone/reflections8/reflections8/0.11.6/reflections8-0.11.6.jar:/Users/abiramisundarapandian/.m2/repository/org/javassist/javassist/3.22.0-GA/javassist-3.22.0-GA.jar:/Users/abiramisundarapandian/.m2/repository/net/sourceforge/tess4j/tess4j/4.4.1/tess4j-4.4.1.jar:/Users/abiramisundarapandian/.m2/repository/com/github/jai-imageio/jai-imageio-core/1.4.0/jai-imageio-core-1.4.0.jar:/Users/abiramisundarapandian/.m2/repository/org/ghost4j/ghost4j/1.0.1/ghost4j-1.0.1.jar:/Users/abiramisundarapandian/.m2/repository/log4j/log4j/1.2.17/log4j-1.2.17.jar:/Users/abiramisundarapandian/.m2/repository/commons-beanutils/commons-beanutils/1.9.2/commons-beanutils-1.9.2.jar:/Users/abiramisundarapandian/.m2/repository/commons-collections/commons-collections/3.2.1/commons-collections-3.2.1.jar:/Users/abiramisundarapandian/.m2/repository/org/apache/xmlgraphics/xmlgraphics-commons/1.4/xmlgraphics-commons-1.4.jar:/Users/abiramisundarapandian/.m2/repository/com/lowagie/itext/2.1.7/itext-2.1.7.jar:/Users/abiramisundarapandian/.m2/repository/org/apache/pdfbox/pdfbox/2.0.17/pdfbox-2.0.17.jar:/Users/abiramisundarapandian/.m2/repository/org/apache/pdfbox/fontbox/2.0.17/fontbox-2.0.17.jar:/Users/abiramisundarapandian/.m2/repository/org/apache/pdfbox/pdfbox-tools/2.0.17/pdfbox-tools-2.0.17.jar:/Users/abiramisundarapandian/.m2/repository/org/apache/pdfbox/pdfbox-debugger/2.0.17/pdfbox-debugger-2.0.17.jar:/Users/abiramisundarapandian/.m2/repository/org/apache/pdfbox/jbig2-imageio/3.0.2/jbig2-imageio-3.0.2.jar:/Users/abiramisundarapandian/.m2/repository/net/sourceforge/lept4j/lept4j/1.12.3/lept4j-1.12.3.jar:/Users/abiramisundarapandian/.m2/repository/org/jboss/jboss-vfs/3.2.14.Final/jboss-vfs-3.2.14.Final.jar:/Users/abiramisundarapandian/.m2/repository/org/jboss/logging/jboss-logging/3.1.4.GA/jboss-logging-3.1.4.GA.jar:/Users/abiramisundarapandian/.m2/repository/org/slf4j/jul-to-slf4j/1.7.28/jul-to-slf4j-1.7.28.jar:/Users/abiramisundarapandian/.m2/repository/org/slf4j/jcl-over-slf4j/1.7.28/jcl-over-slf4j-1.7.28.jar:/Users/abiramisundarapandian/.m2/repository/org/slf4j/log4j-over-slf4j/1.7.28/log4j-over-slf4j-1.7.28.jar:/Users/abiramisundarapandian/.m2/repository/org/slf4j/slf4j-nop/1.7.28/slf4j-nop-1.7.28.jar:/Users/abiramisundarapandian/.m2/repository/io/cucumber/cucumber-picocontainer/7.13.0/cucumber-picocontainer-7.13.0.jar:/Users/abiramisundarapandian/.m2/repository/org/picocontainer/picocontainer/2.15/picocontainer-2.15.jar:/Users/abiramisundarapandian/.m2/repository/com/aventstack/extentreports/5.1.0/extentreports-5.1.0.jar:/Users/abiramisundarapandian/.m2/repository/io/reactivex/rxjava3/rxjava/3.1.6/rxjava-3.1.6.jar:/Users/abiramisundarapandian/.m2/repository/org/reactivestreams/reactive-streams/1.0.4/reactive-streams-1.0.4.jar:/Users/abiramisundarapandian/.m2/repository/org/freemarker/freemarker/2.3.32/freemarker-2.3.32.jar:/Users/abiramisundarapandian/.m2/repository/org/projectlombok/lombok/1.18.26/lombok-1.18.26.jar:/Users/abiramisundarapandian/.m2/repository/tech/grasshopper/extentreports-cucumber7-adapter/1.14.0/extentreports-cucumber7-adapter-1.14.0.jar:/Users/abiramisundarapandian/.m2/repository/tech/grasshopper/extent-pdf-report/2.12.0/extent-pdf-report-2.12.0.jar:/Users/abiramisundarapandian/.m2/repository/tech/grasshopper/cucumber-pdf-report/2.14.0/cucumber-pdf-report-2.14.0.jar:/Users/abiramisundarapandian/.m2/repository/org/knowm/xchart/xchart/3.8.0/xchart-3.8.0.jar:/Users/abiramisundarapandian/.m2/repository/de/erichseifert/vectorgraphics2d/VectorGraphics2D/0.13/VectorGraphics2D-0.13.jar:/Users/abiramisundarapandian/.m2/repository/de/rototor/pdfbox/graphics2d/0.30/graphics2d-0.30.jar:/Users/abiramisundarapandian/.m2/repository/com/madgag/animated-gif-lib/1.4/animated-gif-lib-1.4.jar:/Users/abiramisundarapandian/.m2/repository/tech/grasshopper/table-layout/1.5.1/table-layout-1.5.1.jar:/Users/abiramisundarapandian/.m2/repository/tech/grasshopper/rest-assured-cucumber-pdf-report/1.5.0/rest-assured-cucumber-pdf-report-1.5.0.jar:/Users/abiramisundarapandian/.m2/repository/org/jsoup/jsoup/1.15.3/jsoup-1.15.3.jar:/Users/abiramisundarapandian/.m2/repository/com/aventstack/klov-reporter/5.1.0/klov-reporter-5.1.0.jar:/Users/abiramisundarapandian/.m2/repository/org/mongodb/mongodb-driver/3.6.4/mongodb-driver-3.6.4.jar:/Users/abiramisundarapandian/.m2/repository/org/mongodb/mongodb-driver-core/3.6.4/mongodb-driver-core-3.6.4.jar:/Users/abiramisundarapandian/.m2/repository/org/mongodb/bson/3.6.4/bson-3.6.4.jar:/Users/abiramisundarapandian/.m2/repository/tech/grasshopper/htmlextentreporter/1.1.0/htmlextentreporter-1.1.0.jar:/Users/abiramisundarapandian/.m2/repository/tech/grasshopper/extent-excel-report/1.4.0/extent-excel-report-1.4.0.jar:/Users/abiramisundarapandian/.m2/repository/org/apache/poi/poi/5.2.3/poi-5.2.3.jar:/Users/abiramisundarapandian/.m2/repository/org/apache/commons/commons-collections4/4.4/commons-collections4-4.4.jar:/Users/abiramisundarapandian/.m2/repository/org/apache/commons/commons-math3/3.6.1/commons-math3-3.6.1.jar:/Users/abiramisundarapandian/.m2/repository/com/zaxxer/SparseBitSet/1.2/SparseBitSet-1.2.jar:/Users/abiramisundarapandian/.m2/repository/org/apache/logging/log4j/log4j-api/2.18.0/log4j-api-2.18.0.jar:/Users/abiramisundarapandian/.m2/repository/org/apache/poi/poi-ooxml/5.2.3/poi-ooxml-5.2.3.jar:/Users/abiramisundarapandian/.m2/repository/org/apache/poi/poi-ooxml-lite/5.2.3/poi-ooxml-lite-5.2.3.jar:/Users/abiramisundarapandian/.m2/repository/org/apache/xmlbeans/xmlbeans/5.1.1/xmlbeans-5.1.1.jar:/Users/abiramisundarapandian/.m2/repository/org/apache/commons/commons-compress/1.21/commons-compress-1.21.jar:/Users/abiramisundarapandian/.m2/repository/com/github/virtuald/curvesapi/1.07/curvesapi-1.07.jar:/Users/abiramisundarapandian/.m2/repository/commons-io/commons-io/2.13.0/commons-io-2.13.0.jar:/Users/abiramisundarapandian/.m2/repository/org/springframework/spring-core/5.3.5/spring-core-5.3.5.jar:/Users/abiramisundarapandian/.m2/repository/org/springframework/spring-jcl/5.3.5/spring-jcl-5.3.5.jar:/Users/abiramisundarapandian/.m2/repository/org/springframework/spring-context/5.3.5/spring-context-5.3.5.jar:/Users/abiramisundarapandian/.m2/repository/org/springframework/spring-aop/5.3.5/spring-aop-5.3.5.jar:/Users/abiramisundarapandian/.m2/repository/org/springframework/spring-beans/5.3.5/spring-beans-5.3.5.jar:/Users/abiramisundarapandian/.m2/repository/org/springframework/spring-expression/5.3.5/spring-expression-5.3.5.jar:/Users/abiramisundarapandian/.m2/repository/org/springframework/spring-test/5.3.5/spring-test-5.3.5.jar:"/>
    <property name="java.vm.vendor" value="Oracle Corporation"/>
    <property name="cucumber.execution.parallel.config.fixed.parallelism" value="1"/>
    <property name="sun.arch.data.model" value="64"/>
    <property name="OBSERVABILITY_BUILD_HASHED_ID" value="mesomzbob7o60xmllstqej3nw5az6nr9ptlqp2h4"/>
    <property name="java.vendor.url" value="https://openjdk.java.net/"/>
    <property name="user.timezone" value="Asia/Kolkata"/>
    <property name="cucumber.execution.parallel.enabled" value="true"/>
    <property name="os.name" value="Mac OS X"/>
    <property name="java.vm.specification.version" value="11"/>
    <property name="junit.jupiter.execution.parallel.config.fixed.max-pool-size" value="1"/>
    <property name="sun.java.launcher" value="SUN_STANDARD"/>
    <property name="user.country" value="DE"/>
    <property name="sun.boot.library.path" value="/Library/Java/JavaVirtualMachines/jdk-11.0.17.jdk/Contents/Home/lib"/>
    <property name="OBSERVABILITY_ALLOW_SCREENSHOTS" value="true"/>
    <property name="sun.java.command" value="/Users/abiramisundarapandian/Documents/RubixEclipseWorkspace/SmartfleetApp/target/surefire/surefirebooter11124241422837612261.jar /Users/abiramisundarapandian/Documents/RubixEclipseWorkspace/SmartfleetApp/target/surefire 2023-12-04T11-19-42_907-jvmRun1 surefire1985987539842582355tmp surefire_015528876562112467912tmp"/>
    <property name="http.nonProxyHosts" value="local|*.local|169.254/16|*.169.254/16"/>
    <property name="jdk.debug" value="release"/>
    <property name="surefire.test.class.path" value="/Users/abiramisundarapandian/Documents/RubixEclipseWorkspace/SmartfleetApp/target/test-classes:/Users/abiramisundarapandian/Documents/RubixEclipseWorkspace/SmartfleetApp/target/classes:/Users/abiramisundarapandian/.m2/repository/com/browserstack/browserstack-java-sdk/1.12.2/browserstack-java-sdk-1.12.2.jar:/Users/abiramisundarapandian/.m2/repository/com/browserstack/browserstack-local-java/1.1.0/browserstack-local-java-1.1.0.jar:/Users/abiramisundarapandian/.m2/repository/org/json/json/20230227/json-20230227.jar:/Users/abiramisundarapandian/.m2/repository/org/apache/maven/surefire/surefire-grouper/2.22.1/surefire-grouper-2.22.1.jar:/Users/abiramisundarapandian/.m2/repository/io/cucumber/cucumber-java/7.14.0/cucumber-java-7.14.0.jar:/Users/abiramisundarapandian/.m2/repository/io/cucumber/cucumber-core/7.14.0/cucumber-core-7.14.0.jar:/Users/abiramisundarapandian/.m2/repository/io/cucumber/cucumber-gherkin/7.14.0/cucumber-gherkin-7.14.0.jar:/Users/abiramisundarapandian/.m2/repository/io/cucumber/cucumber-gherkin-messages/7.14.0/cucumber-gherkin-messages-7.14.0.jar:/Users/abiramisundarapandian/.m2/repository/io/cucumber/gherkin/26.2.0/gherkin-26.2.0.jar:/Users/abiramisundarapandian/.m2/repository/io/cucumber/messages/22.0.0/messages-22.0.0.jar:/Users/abiramisundarapandian/.m2/repository/io/cucumber/tag-expressions/5.0.6/tag-expressions-5.0.6.jar:/Users/abiramisundarapandian/.m2/repository/io/cucumber/cucumber-expressions/16.1.2/cucumber-expressions-16.1.2.jar:/Users/abiramisundarapandian/.m2/repository/io/cucumber/datatable/7.14.0/datatable-7.14.0.jar:/Users/abiramisundarapandian/.m2/repository/io/cucumber/cucumber-plugin/7.14.0/cucumber-plugin-7.14.0.jar:/Users/abiramisundarapandian/.m2/repository/io/cucumber/docstring/7.14.0/docstring-7.14.0.jar:/Users/abiramisundarapandian/.m2/repository/io/cucumber/html-formatter/20.4.0/html-formatter-20.4.0.jar:/Users/abiramisundarapandian/.m2/repository/io/cucumber/junit-xml-formatter/0.2.0/junit-xml-formatter-0.2.0.jar:/Users/abiramisundarapandian/.m2/repository/io/cucumber/ci-environment/9.2.0/ci-environment-9.2.0.jar:/Users/abiramisundarapandian/.m2/repository/org/apiguardian/apiguardian-api/1.1.2/apiguardian-api-1.1.2.jar:/Users/abiramisundarapandian/.m2/repository/org/seleniumhq/selenium/selenium-http-jdk-client/4.13.0/selenium-http-jdk-client-4.13.0.jar:/Users/abiramisundarapandian/.m2/repository/com/google/auto/service/auto-service-annotations/1.1.1/auto-service-annotations-1.1.1.jar:/Users/abiramisundarapandian/.m2/repository/org/seleniumhq/selenium/selenium-api/4.13.0/selenium-api-4.13.0.jar:/Users/abiramisundarapandian/.m2/repository/org/seleniumhq/selenium/selenium-http/4.13.0/selenium-http-4.13.0.jar:/Users/abiramisundarapandian/.m2/repository/com/google/guava/guava/32.1.2-jre/guava-32.1.2-jre.jar:/Users/abiramisundarapandian/.m2/repository/com/google/guava/failureaccess/1.0.1/failureaccess-1.0.1.jar:/Users/abiramisundarapandian/.m2/repository/com/google/guava/listenablefuture/9999.0-empty-to-avoid-conflict-with-guava/listenablefuture-9999.0-empty-to-avoid-conflict-with-guava.jar:/Users/abiramisundarapandian/.m2/repository/com/google/code/findbugs/jsr305/3.0.2/jsr305-3.0.2.jar:/Users/abiramisundarapandian/.m2/repository/org/checkerframework/checker-qual/3.33.0/checker-qual-3.33.0.jar:/Users/abiramisundarapandian/.m2/repository/com/google/errorprone/error_prone_annotations/2.18.0/error_prone_annotations-2.18.0.jar:/Users/abiramisundarapandian/.m2/repository/com/google/j2objc/j2objc-annotations/2.8/j2objc-annotations-2.8.jar:/Users/abiramisundarapandian/.m2/repository/dev/failsafe/failsafe/3.3.2/failsafe-3.3.2.jar:/Users/abiramisundarapandian/.m2/repository/org/seleniumhq/selenium/selenium-json/4.13.0/selenium-json-4.13.0.jar:/Users/abiramisundarapandian/.m2/repository/io/cucumber/cucumber-testng/7.14.0/cucumber-testng-7.14.0.jar:/Users/abiramisundarapandian/.m2/repository/org/testng/testng/7.8.0/testng-7.8.0.jar:/Users/abiramisundarapandian/.m2/repository/com/beust/jcommander/1.82/jcommander-1.82.jar:/Users/abiramisundarapandian/.m2/repository/org/webjars/jquery/3.6.1/jquery-3.6.1.jar:/Users/abiramisundarapandian/.m2/repository/org/seleniumhq/selenium/selenium-java/4.14.1/selenium-java-4.14.1.jar:/Users/abiramisundarapandian/.m2/repository/org/seleniumhq/selenium/selenium-chrome-driver/4.14.1/selenium-chrome-driver-4.14.1.jar:/Users/abiramisundarapandian/.m2/repository/org/seleniumhq/selenium/selenium-chromium-driver/4.14.1/selenium-chromium-driver-4.14.1.jar:/Users/abiramisundarapandian/.m2/repository/org/seleniumhq/selenium/selenium-manager/4.14.1/selenium-manager-4.14.1.jar:/Users/abiramisundarapandian/.m2/repository/org/seleniumhq/selenium/selenium-devtools-v116/4.14.1/selenium-devtools-v116-4.14.1.jar:/Users/abiramisundarapandian/.m2/repository/org/seleniumhq/selenium/selenium-devtools-v117/4.14.1/selenium-devtools-v117-4.14.1.jar:/Users/abiramisundarapandian/.m2/repository/org/seleniumhq/selenium/selenium-devtools-v118/4.14.1/selenium-devtools-v118-4.14.1.jar:/Users/abiramisundarapandian/.m2/repository/org/seleniumhq/selenium/selenium-devtools-v85/4.14.1/selenium-devtools-v85-4.14.1.jar:/Users/abiramisundarapandian/.m2/repository/org/seleniumhq/selenium/selenium-edge-driver/4.14.1/selenium-edge-driver-4.14.1.jar:/Users/abiramisundarapandian/.m2/repository/org/seleniumhq/selenium/selenium-firefox-driver/4.14.1/selenium-firefox-driver-4.14.1.jar:/Users/abiramisundarapandian/.m2/repository/org/seleniumhq/selenium/selenium-ie-driver/4.14.1/selenium-ie-driver-4.14.1.jar:/Users/abiramisundarapandian/.m2/repository/org/seleniumhq/selenium/selenium-safari-driver/4.14.1/selenium-safari-driver-4.14.1.jar:/Users/abiramisundarapandian/.m2/repository/org/seleniumhq/selenium/selenium-server/4.0.0-alpha-2/selenium-server-4.0.0-alpha-2.jar:/Users/abiramisundarapandian/.m2/repository/org/seleniumhq/selenium/grid/4.0.0-alpha-2/grid-4.0.0-alpha-2.jar:/Users/abiramisundarapandian/.m2/repository/org/seleniumhq/selenium/selenium-edgehtml-driver/4.0.0-alpha-2/selenium-edgehtml-driver-4.0.0-alpha-2.jar:/Users/abiramisundarapandian/.m2/repository/org/seleniumhq/selenium/jetty-repacked/9.4.12.v20180830.1/jetty-repacked-9.4.12.v20180830.1.jar:/Users/abiramisundarapandian/.m2/repository/javax/servlet/javax.servlet-api/3.1.0/javax.servlet-api-3.1.0.jar:/Users/abiramisundarapandian/.m2/repository/org/zeromq/jeromq/0.5.1/jeromq-0.5.1.jar:/Users/abiramisundarapandian/.m2/repository/eu/neilalexander/jnacl/1.0.0/jnacl-1.0.0.jar:/Users/abiramisundarapandian/.m2/repository/net/jcip/jcip-annotations/1.0/jcip-annotations-1.0.jar:/Users/abiramisundarapandian/.m2/repository/org/yaml/snakeyaml/1.24/snakeyaml-1.24.jar:/Users/abiramisundarapandian/.m2/repository/io/appium/java-client/8.6.0/java-client-8.6.0.jar:/Users/abiramisundarapandian/.m2/repository/org/seleniumhq/selenium/selenium-remote-driver/4.13.0/selenium-remote-driver-4.13.0.jar:/Users/abiramisundarapandian/.m2/repository/io/netty/netty-buffer/4.1.96.Final/netty-buffer-4.1.96.Final.jar:/Users/abiramisundarapandian/.m2/repository/io/netty/netty-codec-http/4.1.96.Final/netty-codec-http-4.1.96.Final.jar:/Users/abiramisundarapandian/.m2/repository/io/netty/netty-codec/4.1.96.Final/netty-codec-4.1.96.Final.jar:/Users/abiramisundarapandian/.m2/repository/io/netty/netty-handler/4.1.96.Final/netty-handler-4.1.96.Final.jar:/Users/abiramisundarapandian/.m2/repository/io/netty/netty-common/4.1.96.Final/netty-common-4.1.96.Final.jar:/Users/abiramisundarapandian/.m2/repository/io/netty/netty-transport-classes-epoll/4.1.96.Final/netty-transport-classes-epoll-4.1.96.Final.jar:/Users/abiramisundarapandian/.m2/repository/io/netty/netty-transport-classes-kqueue/4.1.96.Final/netty-transport-classes-kqueue-4.1.96.Final.jar:/Users/abiramisundarapandian/.m2/repository/io/netty/netty-transport-native-epoll/4.1.96.Final/netty-transport-native-epoll-4.1.96.Final.jar:/Users/abiramisundarapandian/.m2/repository/io/netty/netty-transport-native-kqueue/4.1.96.Final/netty-transport-native-kqueue-4.1.96.Final.jar:/Users/abiramisundarapandian/.m2/repository/io/netty/netty-transport-native-unix-common/4.1.96.Final/netty-transport-native-unix-common-4.1.96.Final.jar:/Users/abiramisundarapandian/.m2/repository/io/netty/netty-transport/4.1.96.Final/netty-transport-4.1.96.Final.jar:/Users/abiramisundarapandian/.m2/repository/io/netty/netty-resolver/4.1.96.Final/netty-resolver-4.1.96.Final.jar:/Users/abiramisundarapandian/.m2/repository/io/opentelemetry/opentelemetry-api/1.28.0/opentelemetry-api-1.28.0.jar:/Users/abiramisundarapandian/.m2/repository/io/opentelemetry/opentelemetry-context/1.28.0/opentelemetry-context-1.28.0.jar:/Users/abiramisundarapandian/.m2/repository/io/opentelemetry/opentelemetry-exporter-logging/1.28.0/opentelemetry-exporter-logging-1.28.0.jar:/Users/abiramisundarapandian/.m2/repository/io/opentelemetry/opentelemetry-sdk-metrics/1.28.0/opentelemetry-sdk-metrics-1.28.0.jar:/Users/abiramisundarapandian/.m2/repository/io/opentelemetry/opentelemetry-extension-incubator/1.28.0-alpha/opentelemetry-extension-incubator-1.28.0-alpha.jar:/Users/abiramisundarapandian/.m2/repository/io/opentelemetry/opentelemetry-sdk-logs/1.28.0/opentelemetry-sdk-logs-1.28.0.jar:/Users/abiramisundarapandian/.m2/repository/io/opentelemetry/opentelemetry-sdk-common/1.28.0/opentelemetry-sdk-common-1.28.0.jar:/Users/abiramisundarapandian/.m2/repository/io/opentelemetry/opentelemetry-sdk-extension-autoconfigure-spi/1.28.0/opentelemetry-sdk-extension-autoconfigure-spi-1.28.0.jar:/Users/abiramisundarapandian/.m2/repository/io/opentelemetry/opentelemetry-sdk-extension-autoconfigure/1.28.0/opentelemetry-sdk-extension-autoconfigure-1.28.0.jar:/Users/abiramisundarapandian/.m2/repository/io/opentelemetry/opentelemetry-api-events/1.28.0-alpha/opentelemetry-api-events-1.28.0-alpha.jar:/Users/abiramisundarapandian/.m2/repository/io/opentelemetry/opentelemetry-sdk-trace/1.28.0/opentelemetry-sdk-trace-1.28.0.jar:/Users/abiramisundarapandian/.m2/repository/io/opentelemetry/opentelemetry-sdk/1.28.0/opentelemetry-sdk-1.28.0.jar:/Users/abiramisundarapandian/.m2/repository/io/opentelemetry/opentelemetry-semconv/1.28.0-alpha/opentelemetry-semconv-1.28.0-alpha.jar:/Users/abiramisundarapandian/.m2/repository/net/bytebuddy/byte-buddy/1.14.5/byte-buddy-1.14.5.jar:/Users/abiramisundarapandian/.m2/repository/org/asynchttpclient/async-http-client/2.12.3/async-http-client-2.12.3.jar:/Users/abiramisundarapandian/.m2/repository/org/asynchttpclient/async-http-client-netty-utils/2.12.3/async-http-client-netty-utils-2.12.3.jar:/Users/abiramisundarapandian/.m2/repository/io/netty/netty-codec-socks/4.1.60.Final/netty-codec-socks-4.1.60.Final.jar:/Users/abiramisundarapandian/.m2/repository/io/netty/netty-handler-proxy/4.1.60.Final/netty-handler-proxy-4.1.60.Final.jar:/Users/abiramisundarapandian/.m2/repository/io/netty/netty-transport-native-epoll/4.1.60.Final/netty-transport-native-epoll-4.1.60.Final-linux-x86_64.jar:/Users/abiramisundarapandian/.m2/repository/io/netty/netty-transport-native-kqueue/4.1.60.Final/netty-transport-native-kqueue-4.1.60.Final-osx-x86_64.jar:/Users/abiramisundarapandian/.m2/repository/com/typesafe/netty/netty-reactive-streams/2.0.4/netty-reactive-streams-2.0.4.jar:/Users/abiramisundarapandian/.m2/repository/com/sun/activation/jakarta.activation/1.2.2/jakarta.activation-1.2.2.jar:/Users/abiramisundarapandian/.m2/repository/org/seleniumhq/selenium/selenium-os/4.13.0/selenium-os-4.13.0.jar:/Users/abiramisundarapandian/.m2/repository/org/seleniumhq/selenium/selenium-support/4.13.0/selenium-support-4.13.0.jar:/Users/abiramisundarapandian/.m2/repository/com/google/code/gson/gson/2.10.1/gson-2.10.1.jar:/Users/abiramisundarapandian/.m2/repository/org/apache/commons/commons-lang3/3.13.0/commons-lang3-3.13.0.jar:/Users/abiramisundarapandian/.m2/repository/org/slf4j/slf4j-api/2.0.9/slf4j-api-2.0.9.jar:/Users/abiramisundarapandian/.m2/repository/io/rest-assured/rest-assured/5.3.2/rest-assured-5.3.2.jar:/Users/abiramisundarapandian/.m2/repository/org/apache/groovy/groovy/4.0.11/groovy-4.0.11.jar:/Users/abiramisundarapandian/.m2/repository/org/apache/groovy/groovy-xml/4.0.11/groovy-xml-4.0.11.jar:/Users/abiramisundarapandian/.m2/repository/org/apache/httpcomponents/httpclient/4.5.13/httpclient-4.5.13.jar:/Users/abiramisundarapandian/.m2/repository/org/apache/httpcomponents/httpcore/4.4.13/httpcore-4.4.13.jar:/Users/abiramisundarapandian/.m2/repository/commons-logging/commons-logging/1.2/commons-logging-1.2.jar:/Users/abiramisundarapandian/.m2/repository/commons-codec/commons-codec/1.11/commons-codec-1.11.jar:/Users/abiramisundarapandian/.m2/repository/org/apache/httpcomponents/httpmime/4.5.13/httpmime-4.5.13.jar:/Users/abiramisundarapandian/.m2/repository/org/hamcrest/hamcrest/2.2/hamcrest-2.2.jar:/Users/abiramisundarapandian/.m2/repository/org/ccil/cowan/tagsoup/tagsoup/1.2.1/tagsoup-1.2.1.jar:/Users/abiramisundarapandian/.m2/repository/io/rest-assured/json-path/5.3.2/json-path-5.3.2.jar:/Users/abiramisundarapandian/.m2/repository/org/apache/groovy/groovy-json/4.0.11/groovy-json-4.0.11.jar:/Users/abiramisundarapandian/.m2/repository/io/rest-assured/rest-assured-common/5.3.2/rest-assured-common-5.3.2.jar:/Users/abiramisundarapandian/.m2/repository/io/rest-assured/xml-path/5.3.2/xml-path-5.3.2.jar:/Users/abiramisundarapandian/.m2/repository/org/hamcrest/hamcrest-all/1.3/hamcrest-all-1.3.jar:/Users/abiramisundarapandian/.m2/repository/com/sikulix/sikulixapi/2.0.4/sikulixapi-2.0.4.jar:/Users/abiramisundarapandian/.m2/repository/com/sikulix/sikulix2tigervnc/1.1.4/sikulix2tigervnc-1.1.4.jar:/Users/abiramisundarapandian/.m2/repository/commons-cli/commons-cli/1.4/commons-cli-1.4.jar:/Users/abiramisundarapandian/.m2/repository/org/apache/commons/commons-exec/1.3/commons-exec-1.3.jar:/Users/abiramisundarapandian/.m2/repository/net/java/dev/jna/jna-platform/5.4.0/jna-platform-5.4.0.jar:/Users/abiramisundarapandian/.m2/repository/net/java/dev/jna/jna/5.4.0/jna-5.4.0.jar:/Users/abiramisundarapandian/.m2/repository/net/oneandone/reflections8/reflections8/0.11.6/reflections8-0.11.6.jar:/Users/abiramisundarapandian/.m2/repository/org/javassist/javassist/3.22.0-GA/javassist-3.22.0-GA.jar:/Users/abiramisundarapandian/.m2/repository/net/sourceforge/tess4j/tess4j/4.4.1/tess4j-4.4.1.jar:/Users/abiramisundarapandian/.m2/repository/com/github/jai-imageio/jai-imageio-core/1.4.0/jai-imageio-core-1.4.0.jar:/Users/abiramisundarapandian/.m2/repository/org/ghost4j/ghost4j/1.0.1/ghost4j-1.0.1.jar:/Users/abiramisundarapandian/.m2/repository/log4j/log4j/1.2.17/log4j-1.2.17.jar:/Users/abiramisundarapandian/.m2/repository/commons-beanutils/commons-beanutils/1.9.2/commons-beanutils-1.9.2.jar:/Users/abiramisundarapandian/.m2/repository/commons-collections/commons-collections/3.2.1/commons-collections-3.2.1.jar:/Users/abiramisundarapandian/.m2/repository/org/apache/xmlgraphics/xmlgraphics-commons/1.4/xmlgraphics-commons-1.4.jar:/Users/abiramisundarapandian/.m2/repository/com/lowagie/itext/2.1.7/itext-2.1.7.jar:/Users/abiramisundarapandian/.m2/repository/org/apache/pdfbox/pdfbox/2.0.17/pdfbox-2.0.17.jar:/Users/abiramisundarapandian/.m2/repository/org/apache/pdfbox/fontbox/2.0.17/fontbox-2.0.17.jar:/Users/abiramisundarapandian/.m2/repository/org/apache/pdfbox/pdfbox-tools/2.0.17/pdfbox-tools-2.0.17.jar:/Users/abiramisundarapandian/.m2/repository/org/apache/pdfbox/pdfbox-debugger/2.0.17/pdfbox-debugger-2.0.17.jar:/Users/abiramisundarapandian/.m2/repository/org/apache/pdfbox/jbig2-imageio/3.0.2/jbig2-imageio-3.0.2.jar:/Users/abiramisundarapandian/.m2/repository/net/sourceforge/lept4j/lept4j/1.12.3/lept4j-1.12.3.jar:/Users/abiramisundarapandian/.m2/repository/org/jboss/jboss-vfs/3.2.14.Final/jboss-vfs-3.2.14.Final.jar:/Users/abiramisundarapandian/.m2/repository/org/jboss/logging/jboss-logging/3.1.4.GA/jboss-logging-3.1.4.GA.jar:/Users/abiramisundarapandian/.m2/repository/org/slf4j/jul-to-slf4j/1.7.28/jul-to-slf4j-1.7.28.jar:/Users/abiramisundarapandian/.m2/repository/org/slf4j/jcl-over-slf4j/1.7.28/jcl-over-slf4j-1.7.28.jar:/Users/abiramisundarapandian/.m2/repository/org/slf4j/log4j-over-slf4j/1.7.28/log4j-over-slf4j-1.7.28.jar:/Users/abiramisundarapandian/.m2/repository/org/slf4j/slf4j-nop/1.7.28/slf4j-nop-1.7.28.jar:/Users/abiramisundarapandian/.m2/repository/io/cucumber/cucumber-picocontainer/7.13.0/cucumber-picocontainer-7.13.0.jar:/Users/abiramisundarapandian/.m2/repository/org/picocontainer/picocontainer/2.15/picocontainer-2.15.jar:/Users/abiramisundarapandian/.m2/repository/com/aventstack/extentreports/5.1.0/extentreports-5.1.0.jar:/Users/abiramisundarapandian/.m2/repository/io/reactivex/rxjava3/rxjava/3.1.6/rxjava-3.1.6.jar:/Users/abiramisundarapandian/.m2/repository/org/reactivestreams/reactive-streams/1.0.4/reactive-streams-1.0.4.jar:/Users/abiramisundarapandian/.m2/repository/org/freemarker/freemarker/2.3.32/freemarker-2.3.32.jar:/Users/abiramisundarapandian/.m2/repository/org/projectlombok/lombok/1.18.26/lombok-1.18.26.jar:/Users/abiramisundarapandian/.m2/repository/tech/grasshopper/extentreports-cucumber7-adapter/1.14.0/extentreports-cucumber7-adapter-1.14.0.jar:/Users/abiramisundarapandian/.m2/repository/tech/grasshopper/extent-pdf-report/2.12.0/extent-pdf-report-2.12.0.jar:/Users/abiramisundarapandian/.m2/repository/tech/grasshopper/cucumber-pdf-report/2.14.0/cucumber-pdf-report-2.14.0.jar:/Users/abiramisundarapandian/.m2/repository/org/knowm/xchart/xchart/3.8.0/xchart-3.8.0.jar:/Users/abiramisundarapandian/.m2/repository/de/erichseifert/vectorgraphics2d/VectorGraphics2D/0.13/VectorGraphics2D-0.13.jar:/Users/abiramisundarapandian/.m2/repository/de/rototor/pdfbox/graphics2d/0.30/graphics2d-0.30.jar:/Users/abiramisundarapandian/.m2/repository/com/madgag/animated-gif-lib/1.4/animated-gif-lib-1.4.jar:/Users/abiramisundarapandian/.m2/repository/tech/grasshopper/table-layout/1.5.1/table-layout-1.5.1.jar:/Users/abiramisundarapandian/.m2/repository/tech/grasshopper/rest-assured-cucumber-pdf-report/1.5.0/rest-assured-cucumber-pdf-report-1.5.0.jar:/Users/abiramisundarapandian/.m2/repository/org/jsoup/jsoup/1.15.3/jsoup-1.15.3.jar:/Users/abiramisundarapandian/.m2/repository/com/aventstack/klov-reporter/5.1.0/klov-reporter-5.1.0.jar:/Users/abiramisundarapandian/.m2/repository/org/mongodb/mongodb-driver/3.6.4/mongodb-driver-3.6.4.jar:/Users/abiramisundarapandian/.m2/repository/org/mongodb/mongodb-driver-core/3.6.4/mongodb-driver-core-3.6.4.jar:/Users/abiramisundarapandian/.m2/repository/org/mongodb/bson/3.6.4/bson-3.6.4.jar:/Users/abiramisundarapandian/.m2/repository/tech/grasshopper/htmlextentreporter/1.1.0/htmlextentreporter-1.1.0.jar:/Users/abiramisundarapandian/.m2/repository/tech/grasshopper/extent-excel-report/1.4.0/extent-excel-report-1.4.0.jar:/Users/abiramisundarapandian/.m2/repository/org/apache/poi/poi/5.2.3/poi-5.2.3.jar:/Users/abiramisundarapandian/.m2/repository/org/apache/commons/commons-collections4/4.4/commons-collections4-4.4.jar:/Users/abiramisundarapandian/.m2/repository/org/apache/commons/commons-math3/3.6.1/commons-math3-3.6.1.jar:/Users/abiramisundarapandian/.m2/repository/com/zaxxer/SparseBitSet/1.2/SparseBitSet-1.2.jar:/Users/abiramisundarapandian/.m2/repository/org/apache/logging/log4j/log4j-api/2.18.0/log4j-api-2.18.0.jar:/Users/abiramisundarapandian/.m2/repository/org/apache/poi/poi-ooxml/5.2.3/poi-ooxml-5.2.3.jar:/Users/abiramisundarapandian/.m2/repository/org/apache/poi/poi-ooxml-lite/5.2.3/poi-ooxml-lite-5.2.3.jar:/Users/abiramisundarapandian/.m2/repository/org/apache/xmlbeans/xmlbeans/5.1.1/xmlbeans-5.1.1.jar:/Users/abiramisundarapandian/.m2/repository/org/apache/commons/commons-compress/1.21/commons-compress-1.21.jar:/Users/abiramisundarapandian/.m2/repository/com/github/virtuald/curvesapi/1.07/curvesapi-1.07.jar:/Users/abiramisundarapandian/.m2/repository/commons-io/commons-io/2.13.0/commons-io-2.13.0.jar:/Users/abiramisundarapandian/.m2/repository/org/springframework/spring-core/5.3.5/spring-core-5.3.5.jar:/Users/abiramisundarapandian/.m2/repository/org/springframework/spring-jcl/5.3.5/spring-jcl-5.3.5.jar:/Users/abiramisundarapandian/.m2/repository/org/springframework/spring-context/5.3.5/spring-context-5.3.5.jar:/Users/abiramisundarapandian/.m2/repository/org/springframework/spring-aop/5.3.5/spring-aop-5.3.5.jar:/Users/abiramisundarapandian/.m2/repository/org/springframework/spring-beans/5.3.5/spring-beans-5.3.5.jar:/Users/abiramisundarapandian/.m2/repository/org/springframework/spring-expression/5.3.5/spring-expression-5.3.5.jar:/Users/abiramisundarapandian/.m2/repository/org/springframework/spring-test/5.3.5/spring-test-5.3.5.jar:"/>
    <property name="sun.cpu.endian" value="little"/>
    <property name="user.home" value="/Users/abiramisundarapandian"/>
    <property name="user.language" value="en"/>
    <property name="java.specification.vendor" value="Oracle Corporation"/>
    <property name="java.version.date" value="2022-10-18"/>
    <property name="java.home" value="/Library/Java/JavaVirtualMachines/jdk-11.0.17.jdk/Contents/Home"/>
    <property name="junit.jupiter.execution.parallel.mode.default" value="same_thread"/>
    <property name="file.separator" value="/"/>
    <property name="style.color" value="always"/>
    <property name="basedir" value="/Users/abiramisundarapandian/Documents/RubixEclipseWorkspace/SmartfleetApp"/>
    <property name="java.vm.compressedOopsMode" value="Zero based"/>
    <property name="line.separator" value="&#10;"/>
    <property name="java.specification.name" value="Java Platform API Specification"/>
    <property name="java.vm.specification.vendor" value="Oracle Corporation"/>
    <property name="java.awt.graphicsenv" value="sun.awt.CGraphicsEnvironment"/>
    <property name="surefire.real.class.path" value="/Users/abiramisundarapandian/Documents/RubixEclipseWorkspace/SmartfleetApp/target/surefire/surefirebooter11124241422837612261.jar"/>
    <property name="sun.management.compiler" value="HotSpot 64-Bit Tiered Compilers"/>
    <property name="ftp.nonProxyHosts" value="local|*.local|169.254/16|*.169.254/16"/>
    <property name="java.runtime.version" value="11.0.17+10-LTS-269"/>
    <property name="user.name" value="abiramisundarapandian"/>
    <property name="path.separator" value=":"/>
    <property name="os.version" value="14.0"/>
    <property name="java.runtime.name" value="Java(TM) SE Runtime Environment"/>
    <property name="file.encoding" value="UTF-8"/>
    <property name="junit.jupiter.execution.parallel.mode.classes.default" value="concurrent"/>
    <property name="junit.jupiter.execution.parallel.config.strategy" value="fixed"/>
    <property name="java.vm.name" value="Java HotSpot(TM) 64-Bit Server VM"/>
    <property name="java.vendor.version" value="18.9"/>
    <property name="junit.jupiter.execution.parallel.enabled" value="true"/>
    <property name="localRepository" value="/Users/abiramisundarapandian/.m2/repository"/>
    <property name="java.vendor.url.bug" value="https://bugreport.java.com/bugreport/"/>
    <property name="java.io.tmpdir" value="/var/folders/n3/0q1wc9dx5wq1qtm401w34rh00000gn/T/"/>
    <property name="java.version" value="11.0.17"/>
    <property name="user.dir" value="/Users/abiramisundarapandian/Documents/RubixEclipseWorkspace/SmartfleetApp"/>
    <property name="os.arch" value="aarch64"/>
    <property name="java.vm.specification.name" value="Java Virtual Machine Specification"/>
    <property name="java.awt.printerjob" value="sun.lwawt.macosx.CPrinterJob"/>
    <property name="OBSERVABILITY_JWT" value="eyJhbGciOiJIUzI1NiJ9.eyJpc3MiOiJicm93c2Vyc3RhY2tfb2IiLCJzdWIiOiI4MDMwMzA4IiwiZ3JvdXBfaWQiOjc5Mzk1MTIsInVzZXJfaWQiOjgwMzAzMDgsImJ1aWxkX2hhc2hlZF9pZCI6Im1lc29temJvYjdvNjB4bWxsc3RxZWozbnc1YXo2bnI5cHRscXAyaDQiLCJwcm9qZWN0X25hbWUiOiJCcm93c2VyU3RhY2sgU2FtcGxlIiwiaG9va19hc190ZXN0IjoiMSIsImlhdCI6MTcwMTY2ODk5NiwiZXhwIjoxNzAyMDE0NTk2fQ.DtDky5jrR-SKwj_kQMzhy47SlzBXQ84P8rtZ6ioVolk"/>
    <property name="sun.os.patch.level" value="unknown"/>
    <property name="java.library.path" value="/Users/abiramisundarapandian/Library/Java/Extensions:/Library/Java/Extensions:/Network/Library/Java/Extensions:/System/Library/Java/Extensions:/usr/lib/java:."/>
    <property name="junit.jupiter.execution.parallel.config.fixed.parallelism" value="1"/>
    <property name="java.vendor" value="Oracle Corporation"/>
    <property name="java.vm.info" value="mixed mode"/>
    <property name="java.vm.version" value="11.0.17+10-LTS-269"/>
    <property name="cucumber.execution.execution-mode.feature" value="same_thread"/>
    <property name="cucumber.execution.parallel.config.strategy" value="fixed"/>
    <property name="sun.io.unicode.encoding" value="UnicodeBig"/>
    <property name="java.class.version" value="55.0"/>
    <property name="socksNonProxyHosts" value="local|*.local|169.254/16|*.169.254/16"/>
  </properties>
  <testcase name="runScenario" classname="cucumberOptions.TestNGTestRunner" time="11.659">
    <failure message="Multiple entries with same key: appium:app=bs://sample.app and appium:app=bs://c0f7fb58da2572be3153c560f9e6e13efa1dfc2d" type="java.lang.IllegalArgumentException">java.lang.IllegalArgumentException: Multiple entries with same key: appium:app=bs://sample.app and appium:app=bs://c0f7fb58da2572be3153c560f9e6e13efa1dfc2d
</failure>
    <system-out><![CDATA[
@US121942
Scenario: TC122298 Verify Error message should throw if the minimum or maximum value exceeds by user in Wireline Run time, Stack Frac portion only &amp#27;[90m# src/test/java/features/US121942.feature:4&amp#27;[0m

@US121942
Scenario: TC122298 Verify Error message should throw if the minimum or maximum value exceeds by user in Wireline Run time, Stack Frac portion only &amp#27;[90m# src/test/java/features/US121942.feature:4&amp#27;[0m

@US121942
Scenario: TC122298 Verify Error message should throw if the minimum or maximum value exceeds by user in Wireline Run time, Stack Frac portion only &amp#27;[90m# src/test/java/features/US121942.feature:4&amp#27;[0m
  &amp#27;[31mGiven &amp#27;[0m&amp#27;[31mUser launches the mobile application&amp#27;[0m                                                                                                       &amp#27;[90m# stepDefinitions.LoginPageStepDefinitions.user_launches_the_mobile_application()&amp#27;[0m
      &amp#27;[31mjava.lang.IllegalArgumentException: Multiple entries with same key: appium:app=bs://sample.app and appium:app=bs://c0f7fb58da2572be3153c560f9e6e13efa1dfc2d
	at com.google.common.collect.ImmutableMap.a(Unknown Source)
	at com.google.common.collect.ImmutableMap.a(Unknown Source)
	at com.google.common.collect.RegularImmutableMap.a(Unknown Source)
	at com.google.common.collect.RegularImmutableMap.b(Unknown Source)
	at com.google.common.collect.RegularImmutableMap.a(Unknown Source)
	at com.google.common.collect.ImmutableMap$Builder.a(Unknown Source)
	at com.google.common.collect.ImmutableMap$Builder.buildOrThrow(Unknown Source)
	at com.google.common.collect.ImmutableMap$Builder.build(Unknown Source)
	at java.base/java.util.stream.ReferencePipeline.collect(ReferencePipeline.java:582)
	at io.appium.java_client.remote.AppiumNewSessionCommandPayload.makeW3CSafe(AppiumNewSessionCommandPayload.java:40)
	at io.appium.java_client.remote.AppiumNewSessionCommandPayload.<init>(AppiumNewSessionCommandPayload.java:54)
	at io.appium.java_client.AppiumDriver.startSession(AppiumDriver.java:274)
	at org.openqa.selenium.remote.RemoteWebDriver.<init>(RemoteWebDriver.java:163)
	at io.appium.java_client.AppiumDriver.<init>(AppiumDriver.java:89)
	at io.appium.java_client.AppiumDriver.<init>(AppiumDriver.java:101)
	at io.appium.java_client.ios.IOSDriver.<init>(IOSDriver.java:104)
	at utils.TestBase.setup(TestBase.java:40)
	at utils.TestContextSetup.<init>(TestContextSetup.java:19)
	at java.base/jdk.internal.reflect.NativeConstructorAccessorImpl.newInstance0(Native Method)
	at java.base/jdk.internal.reflect.NativeConstructorAccessorImpl.newInstance(NativeConstructorAccessorImpl.java:62)
	at java.base/jdk.internal.reflect.DelegatingConstructorAccessorImpl.newInstance(DelegatingConstructorAccessorImpl.java:45)
	at java.base/java.lang.reflect.Constructor.newInstance(Constructor.java:490)
	at org.picocontainer.injectors.AbstractInjector.newInstance(AbstractInjector.java:145)
	at org.picocontainer.injectors.ConstructorInjector$1.run(ConstructorInjector.java:342)
	at org.picocontainer.injectors.AbstractInjector$ThreadLocalCyclicDependencyGuard.observe(AbstractInjector.java:270)
	at org.picocontainer.injectors.ConstructorInjector.getComponentInstance(ConstructorInjector.java:364)
	at org.picocontainer.injectors.AbstractInjectionFactory$LifecycleAdapter.getComponentInstance(AbstractInjectionFactory.java:56)
	at org.picocontainer.behaviors.AbstractBehavior.getComponentInstance(AbstractBehavior.java:64)
	at org.picocontainer.behaviors.Stored.getComponentInstance(Stored.java:91)
	at org.picocontainer.DefaultPicoContainer.getInstance(DefaultPicoContainer.java:699)
	at org.picocontainer.DefaultPicoContainer.getComponent(DefaultPicoContainer.java:647)
	at org.picocontainer.DefaultPicoContainer.getComponent(DefaultPicoContainer.java:632)
	at org.picocontainer.parameters.BasicComponentParameter$1.resolveInstance(BasicComponentParameter.java:118)
	at org.picocontainer.parameters.ComponentParameter$1.resolveInstance(ComponentParameter.java:136)
	at org.picocontainer.injectors.SingleMemberInjector.getParameter(SingleMemberInjector.java:78)
	at org.picocontainer.injectors.ConstructorInjector$CtorAndAdapters.getParameterArguments(ConstructorInjector.java:309)
	at org.picocontainer.injectors.ConstructorInjector$1.run(ConstructorInjector.java:335)
	at org.picocontainer.injectors.AbstractInjector$ThreadLocalCyclicDependencyGuard.observe(AbstractInjector.java:270)
	at org.picocontainer.injectors.ConstructorInjector.getComponentInstance(ConstructorInjector.java:364)
	at org.picocontainer.injectors.AbstractInjectionFactory$LifecycleAdapter.getComponentInstance(AbstractInjectionFactory.java:56)
	at org.picocontainer.behaviors.AbstractBehavior.getComponentInstance(AbstractBehavior.java:64)
	at org.picocontainer.behaviors.Stored.getComponentInstance(Stored.java:91)
	at org.picocontainer.DefaultPicoContainer.getInstance(DefaultPicoContainer.java:699)
	at org.picocontainer.DefaultPicoContainer.getComponent(DefaultPicoContainer.java:647)
	at org.picocontainer.DefaultPicoContainer.getComponent(DefaultPicoContainer.java:678)
	at io.cucumber.picocontainer.PicoFactory.getInstance(PicoFactory.java:64)
	at io.cucumber.java.AbstractGlueDefinition.invokeMethod(AbstractGlueDefinition.java:47)
	at io.cucumber.java.JavaStepDefinition.execute(JavaStepDefinition.java:29)
	at io.cucumber.core.runner.CoreStepDefinition.execute(CoreStepDefinition.java:66)
	at io.cucumber.core.runner.PickleStepDefinitionMatch.runStep(PickleStepDefinitionMatch.java:63)
	at io.cucumber.core.runner.ExecutionMode$1.execute(ExecutionMode.java:10)
	at io.cucumber.core.runner.TestStep.executeStep(TestStep.java:84)
	at io.cucumber.core.runner.TestStep.run(TestStep.java:56)
	at io.cucumber.core.runner.PickleStepTestStep.run(PickleStepTestStep.java:51)
	at io.cucumber.core.runner.TestCase.run(TestCase.java:84)
	at io.cucumber.core.runner.Runner.runPickle(Runner.java:75)
	at io.cucumber.testng.TestNGCucumberRunner.lambda$runScenario$1(TestNGCucumberRunner.java:132)
	at io.cucumber.core.runtime.CucumberExecutionContext.lambda$runTestCase$5(CucumberExecutionContext.java:137)
	at io.cucumber.core.runtime.RethrowingThrowableCollector.executeAndThrow(RethrowingThrowableCollector.java:23)
	at io.cucumber.core.runtime.CucumberExecutionContext.runTestCase(CucumberExecutionContext.java:137)
	at io.cucumber.testng.TestNGCucumberRunner.runScenario(TestNGCucumberRunner.java:129)
	at io.cucumber.testng.AbstractTestNGCucumberTests.runScenario(AbstractTestNGCucumberTests.java:35)
	at java.base/jdk.internal.reflect.NativeMethodAccessorImpl.invoke0(Native Method)
	at java.base/jdk.internal.reflect.NativeMethodAccessorImpl.invoke(NativeMethodAccessorImpl.java:62)
	at java.base/jdk.internal.reflect.DelegatingMethodAccessorImpl.invoke(DelegatingMethodAccessorImpl.java:43)
	at java.base/java.lang.reflect.Method.invoke(Method.java:566)
	at org.testng.internal.invokers.MethodInvocationHelper.invokeMethod(Unknown Source)
	at org.testng.internal.invokers.TestInvoker.a(Unknown Source)
	at org.testng.internal.invokers.TestInvoker.invokeTestMethod(Unknown Source)
	at org.testng.internal.invokers.MethodRunner.runInSequence(Unknown Source)
	at org.testng.internal.invokers.TestInvoker$MethodInvocationAgent.a(Unknown Source)
	at org.testng.internal.invokers.TestInvoker.invokeTestMethods(Unknown Source)
	at org.testng.internal.invokers.TestMethodWorker.invokeTestMethods(Unknown Source)
	at org.testng.internal.invokers.TestMethodWorker.run(Unknown Source)
	at java.base/java.util.ArrayList.forEach(ArrayList.java:1541)
	at org.testng.TestRunner.a(Unknown Source)
	at org.testng.TestRunner.run(Unknown Source)
	at org.testng.SuiteRunner.a(Unknown Source)
	at org.testng.SuiteRunner.a(Unknown Source)
	at org.testng.SuiteRunner$SuiteWorker.run(Unknown Source)
	at org.testng.internal.thread.ThreadUtil.a(Unknown Source)
	at java.base/java.util.concurrent.FutureTask.run(FutureTask.java:264)
	at java.base/java.util.concurrent.ThreadPoolExecutor.runWorker(ThreadPoolExecutor.java:1128)
	at java.base/java.util.concurrent.ThreadPoolExecutor$Worker.run(ThreadPoolExecutor.java:628)
	at java.base/java.lang.Thread.run(Thread.java:834)
&amp#27;[0m
  &amp#27;[31mGiven &amp#27;[0m&amp#27;[31mUser launches the mobile application&amp#27;[0m                                                                                                       &amp#27;[90m# stepDefinitions.LoginPageStepDefinitions.user_launches_the_mobile_application()&amp#27;[0m
      &amp#27;[31mjava.lang.IllegalArgumentException: Multiple entries with same key: appium:app=bs://sample.app and appium:app=bs://c0f7fb58da2572be3153c560f9e6e13efa1dfc2d
	at com.google.common.collect.ImmutableMap.a(Unknown Source)
	at com.google.common.collect.ImmutableMap.a(Unknown Source)
	at com.google.common.collect.RegularImmutableMap.a(Unknown Source)
	at com.google.common.collect.RegularImmutableMap.b(Unknown Source)
	at com.google.common.collect.RegularImmutableMap.a(Unknown Source)
	at com.google.common.collect.ImmutableMap$Builder.a(Unknown Source)
	at com.google.common.collect.ImmutableMap$Builder.buildOrThrow(Unknown Source)
	at com.google.common.collect.ImmutableMap$Builder.build(Unknown Source)
	at java.base/java.util.stream.ReferencePipeline.collect(ReferencePipeline.java:582)
	at io.appium.java_client.remote.AppiumNewSessionCommandPayload.makeW3CSafe(AppiumNewSessionCommandPayload.java:40)
	at io.appium.java_client.remote.AppiumNewSessionCommandPayload.<init>(AppiumNewSessionCommandPayload.java:54)
	at io.appium.java_client.AppiumDriver.startSession(AppiumDriver.java:274)
	at org.openqa.selenium.remote.RemoteWebDriver.<init>(RemoteWebDriver.java:163)
	at io.appium.java_client.AppiumDriver.<init>(AppiumDriver.java:89)
	at io.appium.java_client.AppiumDriver.<init>(AppiumDriver.java:101)
	at io.appium.java_client.ios.IOSDriver.<init>(IOSDriver.java:104)
	at utils.TestBase.setup(TestBase.java:40)
	at utils.TestContextSetup.<init>(TestContextSetup.java:19)
	at java.base/jdk.internal.reflect.NativeConstructorAccessorImpl.newInstance0(Native Method)
	at java.base/jdk.internal.reflect.NativeConstructorAccessorImpl.newInstance(NativeConstructorAccessorImpl.java:62)
	at java.base/jdk.internal.reflect.DelegatingConstructorAccessorImpl.newInstance(DelegatingConstructorAccessorImpl.java:45)
	at java.base/java.lang.reflect.Constructor.newInstance(Constructor.java:490)
	at org.picocontainer.injectors.AbstractInjector.newInstance(AbstractInjector.java:145)
	at org.picocontainer.injectors.ConstructorInjector$1.run(ConstructorInjector.java:342)
	at org.picocontainer.injectors.AbstractInjector$ThreadLocalCyclicDependencyGuard.observe(AbstractInjector.java:270)
	at org.picocontainer.injectors.ConstructorInjector.getComponentInstance(ConstructorInjector.java:364)
	at org.picocontainer.injectors.AbstractInjectionFactory$LifecycleAdapter.getComponentInstance(AbstractInjectionFactory.java:56)
	at org.picocontainer.behaviors.AbstractBehavior.getComponentInstance(AbstractBehavior.java:64)
	at org.picocontainer.behaviors.Stored.getComponentInstance(Stored.java:91)
	at org.picocontainer.DefaultPicoContainer.getInstance(DefaultPicoContainer.java:699)
	at org.picocontainer.DefaultPicoContainer.getComponent(DefaultPicoContainer.java:647)
	at org.picocontainer.DefaultPicoContainer.getComponent(DefaultPicoContainer.java:632)
	at org.picocontainer.parameters.BasicComponentParameter$1.resolveInstance(BasicComponentParameter.java:118)
	at org.picocontainer.parameters.ComponentParameter$1.resolveInstance(ComponentParameter.java:136)
	at org.picocontainer.injectors.SingleMemberInjector.getParameter(SingleMemberInjector.java:78)
	at org.picocontainer.injectors.ConstructorInjector$CtorAndAdapters.getParameterArguments(ConstructorInjector.java:309)
	at org.picocontainer.injectors.ConstructorInjector$1.run(ConstructorInjector.java:335)
	at org.picocontainer.injectors.AbstractInjector$ThreadLocalCyclicDependencyGuard.observe(AbstractInjector.java:270)
	at org.picocontainer.injectors.ConstructorInjector.getComponentInstance(ConstructorInjector.java:364)
	at org.picocontainer.injectors.AbstractInjectionFactory$LifecycleAdapter.getComponentInstance(AbstractInjectionFactory.java:56)
	at org.picocontainer.behaviors.AbstractBehavior.getComponentInstance(AbstractBehavior.java:64)
	at org.picocontainer.behaviors.Stored.getComponentInstance(Stored.java:91)
	at org.picocontainer.DefaultPicoContainer.getInstance(DefaultPicoContainer.java:699)
	at org.picocontainer.DefaultPicoContainer.getComponent(DefaultPicoContainer.java:647)
	at org.picocontainer.DefaultPicoContainer.getComponent(DefaultPicoContainer.java:678)
	at io.cucumber.picocontainer.PicoFactory.getInstance(PicoFactory.java:64)
	at io.cucumber.java.AbstractGlueDefinition.invokeMethod(AbstractGlueDefinition.java:47)
	at io.cucumber.java.JavaStepDefinition.execute(JavaStepDefinition.java:29)
	at io.cucumber.core.runner.CoreStepDefinition.execute(CoreStepDefinition.java:66)
	at io.cucumber.core.runner.PickleStepDefinitionMatch.runStep(PickleStepDefinitionMatch.java:63)
	at io.cucumber.core.runner.ExecutionMode$1.execute(ExecutionMode.java:10)
	at io.cucumber.core.runner.TestStep.executeStep(TestStep.java:84)
	at io.cucumber.core.runner.TestStep.run(TestStep.java:56)
	at io.cucumber.core.runner.PickleStepTestStep.run(PickleStepTestStep.java:51)
	at io.cucumber.core.runner.TestCase.run(TestCase.java:84)
	at io.cucumber.core.runner.Runner.runPickle(Runner.java:75)
	at io.cucumber.testng.TestNGCucumberRunner.lambda$runScenario$1(TestNGCucumberRunner.java:132)
	at io.cucumber.core.runtime.CucumberExecutionContext.lambda$runTestCase$5(CucumberExecutionContext.java:137)
	at io.cucumber.core.runtime.RethrowingThrowableCollector.executeAndThrow(RethrowingThrowableCollector.java:23)
	at io.cucumber.core.runtime.CucumberExecutionContext.runTestCase(CucumberExecutionContext.java:137)
	at io.cucumber.testng.TestNGCucumberRunner.runScenario(TestNGCucumberRunner.java:129)
	at io.cucumber.testng.AbstractTestNGCucumberTests.runScenario(AbstractTestNGCucumberTests.java:35)
	at java.base/jdk.internal.reflect.NativeMethodAccessorImpl.invoke0(Native Method)
	at java.base/jdk.internal.reflect.NativeMethodAccessorImpl.invoke(NativeMethodAccessorImpl.java:62)
	at java.base/jdk.internal.reflect.DelegatingMethodAccessorImpl.invoke(DelegatingMethodAccessorImpl.java:43)
	at java.base/java.lang.reflect.Method.invoke(Method.java:566)
	at org.testng.internal.invokers.MethodInvocationHelper.invokeMethod(Unknown Source)
	at org.testng.internal.invokers.TestInvoker.a(Unknown Source)
	at org.testng.internal.invokers.TestInvoker.invokeTestMethod(Unknown Source)
	at org.testng.internal.invokers.MethodRunner.runInSequence(Unknown Source)
	at org.testng.internal.invokers.TestInvoker$MethodInvocationAgent.a(Unknown Source)
	at org.testng.internal.invokers.TestInvoker.invokeTestMethods(Unknown Source)
	at org.testng.internal.invokers.TestMethodWorker.invokeTestMethods(Unknown Source)
	at org.testng.internal.invokers.TestMethodWorker.run(Unknown Source)
	at java.base/java.util.ArrayList.forEach(ArrayList.java:1541)
	at org.testng.TestRunner.a(Unknown Source)
	at org.testng.TestRunner.run(Unknown Source)
	at org.testng.SuiteRunner.a(Unknown Source)
	at org.testng.SuiteRunner.a(Unknown Source)
	at org.testng.SuiteRunner$SuiteWorker.run(Unknown Source)
	at org.testng.internal.thread.ThreadUtil.a(Unknown Source)
	at java.base/java.util.concurrent.FutureTask.run(FutureTask.java:264)
	at java.base/java.util.concurrent.ThreadPoolExecutor.runWorker(ThreadPoolExecutor.java:1128)
	at java.base/java.util.concurrent.ThreadPoolExecutor$Worker.run(ThreadPoolExecutor.java:628)
	at java.base/java.lang.Thread.run(Thread.java:834)
&amp#27;[0m
  &amp#27;[31mGiven &amp#27;[0m&amp#27;[31mUser launches the mobile application&amp#27;[0m                                                                                                       &amp#27;[90m# stepDefinitions.LoginPageStepDefinitions.user_launches_the_mobile_application()&amp#27;[0m
      &amp#27;[31mjava.lang.IllegalArgumentException: Multiple entries with same key: appium:app=bs://sample.app and appium:app=bs://c0f7fb58da2572be3153c560f9e6e13efa1dfc2d
	at com.google.common.collect.ImmutableMap.a(Unknown Source)
	at com.google.common.collect.ImmutableMap.a(Unknown Source)
	at com.google.common.collect.RegularImmutableMap.a(Unknown Source)
	at com.google.common.collect.RegularImmutableMap.b(Unknown Source)
	at com.google.common.collect.RegularImmutableMap.a(Unknown Source)
	at com.google.common.collect.ImmutableMap$Builder.a(Unknown Source)
	at com.google.common.collect.ImmutableMap$Builder.buildOrThrow(Unknown Source)
	at com.google.common.collect.ImmutableMap$Builder.build(Unknown Source)
	at java.base/java.util.stream.ReferencePipeline.collect(ReferencePipeline.java:582)
	at io.appium.java_client.remote.AppiumNewSessionCommandPayload.makeW3CSafe(AppiumNewSessionCommandPayload.java:40)
	at io.appium.java_client.remote.AppiumNewSessionCommandPayload.<init>(AppiumNewSessionCommandPayload.java:54)
	at io.appium.java_client.AppiumDriver.startSession(AppiumDriver.java:274)
	at org.openqa.selenium.remote.RemoteWebDriver.<init>(RemoteWebDriver.java:163)
	at io.appium.java_client.AppiumDriver.<init>(AppiumDriver.java:89)
	at io.appium.java_client.AppiumDriver.<init>(AppiumDriver.java:101)
	at io.appium.java_client.ios.IOSDriver.<init>(IOSDriver.java:104)
	at utils.TestBase.setup(TestBase.java:40)
	at utils.TestContextSetup.<init>(TestContextSetup.java:19)
	at java.base/jdk.internal.reflect.NativeConstructorAccessorImpl.newInstance0(Native Method)
	at java.base/jdk.internal.reflect.NativeConstructorAccessorImpl.newInstance(NativeConstructorAccessorImpl.java:62)
	at java.base/jdk.internal.reflect.DelegatingConstructorAccessorImpl.newInstance(DelegatingConstructorAccessorImpl.java:45)
	at java.base/java.lang.reflect.Constructor.newInstance(Constructor.java:490)
	at org.picocontainer.injectors.AbstractInjector.newInstance(AbstractInjector.java:145)
	at org.picocontainer.injectors.ConstructorInjector$1.run(ConstructorInjector.java:342)
	at org.picocontainer.injectors.AbstractInjector$ThreadLocalCyclicDependencyGuard.observe(AbstractInjector.java:270)
	at org.picocontainer.injectors.ConstructorInjector.getComponentInstance(ConstructorInjector.java:364)
	at org.picocontainer.injectors.AbstractInjectionFactory$LifecycleAdapter.getComponentInstance(AbstractInjectionFactory.java:56)
	at org.picocontainer.behaviors.AbstractBehavior.getComponentInstance(AbstractBehavior.java:64)
	at org.picocontainer.behaviors.Stored.getComponentInstance(Stored.java:91)
	at org.picocontainer.DefaultPicoContainer.getInstance(DefaultPicoContainer.java:699)
	at org.picocontainer.DefaultPicoContainer.getComponent(DefaultPicoContainer.java:647)
	at org.picocontainer.DefaultPicoContainer.getComponent(DefaultPicoContainer.java:632)
	at org.picocontainer.parameters.BasicComponentParameter$1.resolveInstance(BasicComponentParameter.java:118)
	at org.picocontainer.parameters.ComponentParameter$1.resolveInstance(ComponentParameter.java:136)
	at org.picocontainer.injectors.SingleMemberInjector.getParameter(SingleMemberInjector.java:78)
	at org.picocontainer.injectors.ConstructorInjector$CtorAndAdapters.getParameterArguments(ConstructorInjector.java:309)
	at org.picocontainer.injectors.ConstructorInjector$1.run(ConstructorInjector.java:335)
	at org.picocontainer.injectors.AbstractInjector$ThreadLocalCyclicDependencyGuard.observe(AbstractInjector.java:270)
	at org.picocontainer.injectors.ConstructorInjector.getComponentInstance(ConstructorInjector.java:364)
	at org.picocontainer.injectors.AbstractInjectionFactory$LifecycleAdapter.getComponentInstance(AbstractInjectionFactory.java:56)
	at org.picocontainer.behaviors.AbstractBehavior.getComponentInstance(AbstractBehavior.java:64)
	at org.picocontainer.behaviors.Stored.getComponentInstance(Stored.java:91)
	at org.picocontainer.DefaultPicoContainer.getInstance(DefaultPicoContainer.java:699)
	at org.picocontainer.DefaultPicoContainer.getComponent(DefaultPicoContainer.java:647)
	at org.picocontainer.DefaultPicoContainer.getComponent(DefaultPicoContainer.java:678)
	at io.cucumber.picocontainer.PicoFactory.getInstance(PicoFactory.java:64)
	at io.cucumber.java.AbstractGlueDefinition.invokeMethod(AbstractGlueDefinition.java:47)
	at io.cucumber.java.JavaStepDefinition.execute(JavaStepDefinition.java:29)
	at io.cucumber.core.runner.CoreStepDefinition.execute(CoreStepDefinition.java:66)
	at io.cucumber.core.runner.PickleStepDefinitionMatch.runStep(PickleStepDefinitionMatch.java:63)
	at io.cucumber.core.runner.ExecutionMode$1.execute(ExecutionMode.java:10)
	at io.cucumber.core.runner.TestStep.executeStep(TestStep.java:84)
	at io.cucumber.core.runner.TestStep.run(TestStep.java:56)
	at io.cucumber.core.runner.PickleStepTestStep.run(PickleStepTestStep.java:51)
	at io.cucumber.core.runner.TestCase.run(TestCase.java:84)
	at io.cucumber.core.runner.Runner.runPickle(Runner.java:75)
	at io.cucumber.testng.TestNGCucumberRunner.lambda$runScenario$1(TestNGCucumberRunner.java:132)
	at io.cucumber.core.runtime.CucumberExecutionContext.lambda$runTestCase$5(CucumberExecutionContext.java:137)
	at io.cucumber.core.runtime.RethrowingThrowableCollector.executeAndThrow(RethrowingThrowableCollector.java:23)
	at io.cucumber.core.runtime.CucumberExecutionContext.runTestCase(CucumberExecutionContext.java:137)
	at io.cucumber.testng.TestNGCucumberRunner.runScenario(TestNGCucumberRunner.java:129)
	at io.cucumber.testng.AbstractTestNGCucumberTests.runScenario(AbstractTestNGCucumberTests.java:35)
	at java.base/jdk.internal.reflect.NativeMethodAccessorImpl.invoke0(Native Method)
	at java.base/jdk.internal.reflect.NativeMethodAccessorImpl.invoke(NativeMethodAccessorImpl.java:62)
	at java.base/jdk.internal.reflect.DelegatingMethodAccessorImpl.invoke(DelegatingMethodAccessorImpl.java:43)
	at java.base/java.lang.reflect.Method.invoke(Method.java:566)
	at org.testng.internal.invokers.MethodInvocationHelper.invokeMethod(Unknown Source)
	at org.testng.internal.invokers.TestInvoker.a(Unknown Source)
	at org.testng.internal.invokers.TestInvoker.invokeTestMethod(Unknown Source)
	at org.testng.internal.invokers.MethodRunner.runInSequence(Unknown Source)
	at org.testng.internal.invokers.TestInvoker$MethodInvocationAgent.a(Unknown Source)
	at org.testng.internal.invokers.TestInvoker.invokeTestMethods(Unknown Source)
	at org.testng.internal.invokers.TestMethodWorker.invokeTestMethods(Unknown Source)
	at org.testng.internal.invokers.TestMethodWorker.run(Unknown Source)
	at java.base/java.util.ArrayList.forEach(ArrayList.java:1541)
	at org.testng.TestRunner.a(Unknown Source)
	at org.testng.TestRunner.run(Unknown Source)
	at org.testng.SuiteRunner.a(Unknown Source)
	at org.testng.SuiteRunner.a(Unknown Source)
	at org.testng.SuiteRunner$SuiteWorker.run(Unknown Source)
	at org.testng.internal.thread.ThreadUtil.a(Unknown Source)
	at java.base/java.util.concurrent.FutureTask.run(FutureTask.java:264)
	at java.base/java.util.concurrent.ThreadPoolExecutor.runWorker(ThreadPoolExecutor.java:1128)
	at java.base/java.util.concurrent.ThreadPoolExecutor$Worker.run(ThreadPoolExecutor.java:628)
	at java.base/java.lang.Thread.run(Thread.java:834)
&amp#27;[0m
      &amp#27;[31mjava.lang.IllegalArgumentException: Multiple entries with same key: appium:app=bs://sample.app and appium:app=bs://c0f7fb58da2572be3153c560f9e6e13efa1dfc2d
	at com.google.common.collect.ImmutableMap.a(Unknown Source)
	at com.google.common.collect.ImmutableMap.a(Unknown Source)
	at com.google.common.collect.RegularImmutableMap.a(Unknown Source)
	at com.google.common.collect.RegularImmutableMap.b(Unknown Source)
	at com.google.common.collect.RegularImmutableMap.a(Unknown Source)
	at com.google.common.collect.ImmutableMap$Builder.a(Unknown Source)
	at com.google.common.collect.ImmutableMap$Builder.buildOrThrow(Unknown Source)
	at com.google.common.collect.ImmutableMap$Builder.build(Unknown Source)
	at java.base/java.util.stream.ReferencePipeline.collect(ReferencePipeline.java:582)
	at io.appium.java_client.remote.AppiumNewSessionCommandPayload.makeW3CSafe(AppiumNewSessionCommandPayload.java:40)
	at io.appium.java_client.remote.AppiumNewSessionCommandPayload.<init>(AppiumNewSessionCommandPayload.java:54)
	at io.appium.java_client.AppiumDriver.startSession(AppiumDriver.java:274)
	at org.openqa.selenium.remote.RemoteWebDriver.<init>(RemoteWebDriver.java:163)
	at io.appium.java_client.AppiumDriver.<init>(AppiumDriver.java:89)
	at io.appium.java_client.AppiumDriver.<init>(AppiumDriver.java:101)
	at io.appium.java_client.ios.IOSDriver.<init>(IOSDriver.java:104)
	at utils.TestBase.setup(TestBase.java:40)
	at utils.TestContextSetup.<init>(TestContextSetup.java:19)
	at java.base/jdk.internal.reflect.NativeConstructorAccessorImpl.newInstance0(Native Method)
	at java.base/jdk.internal.reflect.NativeConstructorAccessorImpl.newInstance(NativeConstructorAccessorImpl.java:62)
	at java.base/jdk.internal.reflect.DelegatingConstructorAccessorImpl.newInstance(DelegatingConstructorAccessorImpl.java:45)
	at java.base/java.lang.reflect.Constructor.newInstance(Constructor.java:490)
	at org.picocontainer.injectors.AbstractInjector.newInstance(AbstractInjector.java:145)
	at org.picocontainer.injectors.ConstructorInjector$1.run(ConstructorInjector.java:342)
	at org.picocontainer.injectors.AbstractInjector$ThreadLocalCyclicDependencyGuard.observe(AbstractInjector.java:270)
	at org.picocontainer.injectors.ConstructorInjector.getComponentInstance(ConstructorInjector.java:364)
	at org.picocontainer.injectors.AbstractInjectionFactory$LifecycleAdapter.getComponentInstance(AbstractInjectionFactory.java:56)
	at org.picocontainer.behaviors.AbstractBehavior.getComponentInstance(AbstractBehavior.java:64)
	at org.picocontainer.behaviors.Stored.getComponentInstance(Stored.java:91)
	at org.picocontainer.DefaultPicoContainer.getInstance(DefaultPicoContainer.java:699)
	at org.picocontainer.DefaultPicoContainer.getComponent(DefaultPicoContainer.java:647)
	at org.picocontainer.DefaultPicoContainer.getComponent(DefaultPicoContainer.java:632)
	at org.picocontainer.parameters.BasicComponentParameter$1.resolveInstance(BasicComponentParameter.java:118)
	at org.picocontainer.parameters.ComponentParameter$1.resolveInstance(ComponentParameter.java:136)
	at org.picocontainer.injectors.SingleMemberInjector.getParameter(SingleMemberInjector.java:78)
	at org.picocontainer.injectors.ConstructorInjector$CtorAndAdapters.getParameterArguments(ConstructorInjector.java:309)
	at org.picocontainer.injectors.ConstructorInjector$1.run(ConstructorInjector.java:335)
	at org.picocontainer.injectors.AbstractInjector$ThreadLocalCyclicDependencyGuard.observe(AbstractInjector.java:270)
	at org.picocontainer.injectors.ConstructorInjector.getComponentInstance(ConstructorInjector.java:364)
	at org.picocontainer.injectors.AbstractInjectionFactory$LifecycleAdapter.getComponentInstance(AbstractInjectionFactory.java:56)
	at org.picocontainer.behaviors.AbstractBehavior.getComponentInstance(AbstractBehavior.java:64)
	at org.picocontainer.behaviors.Stored.getComponentInstance(Stored.java:91)
	at org.picocontainer.DefaultPicoContainer.getInstance(DefaultPicoContainer.java:699)
	at org.picocontainer.DefaultPicoContainer.getComponent(DefaultPicoContainer.java:647)
	at org.picocontainer.DefaultPicoContainer.getComponent(DefaultPicoContainer.java:678)
	at io.cucumber.picocontainer.PicoFactory.getInstance(PicoFactory.java:64)
	at io.cucumber.java.AbstractGlueDefinition.invokeMethod(AbstractGlueDefinition.java:47)
	at io.cucumber.java.JavaHookDefinition.execute(JavaHookDefinition.java:64)
	at io.cucumber.core.runner.CoreHookDefinition.execute(CoreHookDefinition.java:46)
	at io.cucumber.core.runner.HookDefinitionMatch.runStep(HookDefinitionMatch.java:21)
	at io.cucumber.core.runner.ExecutionMode$1.execute(ExecutionMode.java:10)
	at io.cucumber.core.runner.TestStep.executeStep(TestStep.java:84)
	at io.cucumber.core.runner.TestStep.run(TestStep.java:56)
	at io.cucumber.core.runner.PickleStepTestStep.run(PickleStepTestStep.java:56)
	at io.cucumber.core.runner.TestCase.run(TestCase.java:84)
	at io.cucumber.core.runner.Runner.runPickle(Runner.java:75)
	at io.cucumber.testng.TestNGCucumberRunner.lambda$runScenario$1(TestNGCucumberRunner.java:132)
	at io.cucumber.core.runtime.CucumberExecutionContext.lambda$runTestCase$5(CucumberExecutionContext.java:137)
	at io.cucumber.core.runtime.RethrowingThrowableCollector.executeAndThrow(RethrowingThrowableCollector.java:23)
	at io.cucumber.core.runtime.CucumberExecutionContext.runTestCase(CucumberExecutionContext.java:137)
	at io.cucumber.testng.TestNGCucumberRunner.runScenario(TestNGCucumberRunner.java:129)
	at io.cucumber.testng.AbstractTestNGCucumberTests.runScenario(AbstractTestNGCucumberTests.java:35)
	at java.base/jdk.internal.reflect.NativeMethodAccessorImpl.invoke0(Native Method)
	at java.base/jdk.internal.reflect.NativeMethodAccessorImpl.invoke(NativeMethodAccessorImpl.java:62)
	at java.base/jdk.internal.reflect.DelegatingMethodAccessorImpl.invoke(DelegatingMethodAccessorImpl.java:43)
	at java.base/java.lang.reflect.Method.invoke(Method.java:566)
	at org.testng.internal.invokers.MethodInvocationHelper.invokeMethod(Unknown Source)
	at org.testng.internal.invokers.TestInvoker.a(Unknown Source)
	at org.testng.internal.invokers.TestInvoker.invokeTestMethod(Unknown Source)
	at org.testng.internal.invokers.MethodRunner.runInSequence(Unknown Source)
	at org.testng.internal.invokers.TestInvoker$MethodInvocationAgent.a(Unknown Source)
	at org.testng.internal.invokers.TestInvoker.invokeTestMethods(Unknown Source)
	at org.testng.internal.invokers.TestMethodWorker.invokeTestMethods(Unknown Source)
	at org.testng.internal.invokers.TestMethodWorker.run(Unknown Source)
	at java.base/java.util.ArrayList.forEach(ArrayList.java:1541)
	at org.testng.TestRunner.a(Unknown Source)
	at org.testng.TestRunner.run(Unknown Source)
	at org.testng.SuiteRunner.a(Unknown Source)
	at org.testng.SuiteRunner.a(Unknown Source)
	at org.testng.SuiteRunner$SuiteWorker.run(Unknown Source)
	at org.testng.internal.thread.ThreadUtil.a(Unknown Source)
	at java.base/java.util.concurrent.FutureTask.run(FutureTask.java:264)
	at java.base/java.util.concurrent.ThreadPoolExecutor.runWorker(ThreadPoolExecutor.java:1128)
	at java.base/java.util.concurrent.ThreadPoolExecutor$Worker.run(ThreadPoolExecutor.java:628)
	at java.base/java.lang.Thread.run(Thread.java:834)
&amp#27;[0m
      &amp#27;[31mjava.lang.IllegalArgumentException: Multiple entries with same key: appium:app=bs://sample.app and appium:app=bs://c0f7fb58da2572be3153c560f9e6e13efa1dfc2d
	at com.google.common.collect.ImmutableMap.a(Unknown Source)
	at com.google.common.collect.ImmutableMap.a(Unknown Source)
	at com.google.common.collect.RegularImmutableMap.a(Unknown Source)
	at com.google.common.collect.RegularImmutableMap.b(Unknown Source)
	at com.google.common.collect.RegularImmutableMap.a(Unknown Source)
	at com.google.common.collect.ImmutableMap$Builder.a(Unknown Source)
	at com.google.common.collect.ImmutableMap$Builder.buildOrThrow(Unknown Source)
	at com.google.common.collect.ImmutableMap$Builder.build(Unknown Source)
	at java.base/java.util.stream.ReferencePipeline.collect(ReferencePipeline.java:582)
	at io.appium.java_client.remote.AppiumNewSessionCommandPayload.makeW3CSafe(AppiumNewSessionCommandPayload.java:40)
	at io.appium.java_client.remote.AppiumNewSessionCommandPayload.<init>(AppiumNewSessionCommandPayload.java:54)
	at io.appium.java_client.AppiumDriver.startSession(AppiumDriver.java:274)
	at org.openqa.selenium.remote.RemoteWebDriver.<init>(RemoteWebDriver.java:163)
	at io.appium.java_client.AppiumDriver.<init>(AppiumDriver.java:89)
	at io.appium.java_client.AppiumDriver.<init>(AppiumDriver.java:101)
	at io.appium.java_client.ios.IOSDriver.<init>(IOSDriver.java:104)
	at utils.TestBase.setup(TestBase.java:40)
	at utils.TestContextSetup.<init>(TestContextSetup.java:19)
	at java.base/jdk.internal.reflect.NativeConstructorAccessorImpl.newInstance0(Native Method)
	at java.base/jdk.internal.reflect.NativeConstructorAccessorImpl.newInstance(NativeConstructorAccessorImpl.java:62)
	at java.base/jdk.internal.reflect.DelegatingConstructorAccessorImpl.newInstance(DelegatingConstructorAccessorImpl.java:45)
	at java.base/java.lang.reflect.Constructor.newInstance(Constructor.java:490)
	at org.picocontainer.injectors.AbstractInjector.newInstance(AbstractInjector.java:145)
	at org.picocontainer.injectors.ConstructorInjector$1.run(ConstructorInjector.java:342)
	at org.picocontainer.injectors.AbstractInjector$ThreadLocalCyclicDependencyGuard.observe(AbstractInjector.java:270)
	at org.picocontainer.injectors.ConstructorInjector.getComponentInstance(ConstructorInjector.java:364)
	at org.picocontainer.injectors.AbstractInjectionFactory$LifecycleAdapter.getComponentInstance(AbstractInjectionFactory.java:56)
	at org.picocontainer.behaviors.AbstractBehavior.getComponentInstance(AbstractBehavior.java:64)
	at org.picocontainer.behaviors.Stored.getComponentInstance(Stored.java:91)
	at org.picocontainer.DefaultPicoContainer.getInstance(DefaultPicoContainer.java:699)
	at org.picocontainer.DefaultPicoContainer.getComponent(DefaultPicoContainer.java:647)
	at org.picocontainer.DefaultPicoContainer.getComponent(DefaultPicoContainer.java:632)
	at org.picocontainer.parameters.BasicComponentParameter$1.resolveInstance(BasicComponentParameter.java:118)
	at org.picocontainer.parameters.ComponentParameter$1.resolveInstance(ComponentParameter.java:136)
	at org.picocontainer.injectors.SingleMemberInjector.getParameter(SingleMemberInjector.java:78)
	at org.picocontainer.injectors.ConstructorInjector$CtorAndAdapters.getParameterArguments(ConstructorInjector.java:309)
	at org.picocontainer.injectors.ConstructorInjector$1.run(ConstructorInjector.java:335)
	at org.picocontainer.injectors.AbstractInjector$ThreadLocalCyclicDependencyGuard.observe(AbstractInjector.java:270)
	at org.picocontainer.injectors.ConstructorInjector.getComponentInstance(ConstructorInjector.java:364)
	at org.picocontainer.injectors.AbstractInjectionFactory$LifecycleAdapter.getComponentInstance(AbstractInjectionFactory.java:56)
	at org.picocontainer.behaviors.AbstractBehavior.getComponentInstance(AbstractBehavior.java:64)
	at org.picocontainer.behaviors.Stored.getComponentInstance(Stored.java:91)
	at org.picocontainer.DefaultPicoContainer.getInstance(DefaultPicoContainer.java:699)
	at org.picocontainer.DefaultPicoContainer.getComponent(DefaultPicoContainer.java:647)
	at org.picocontainer.DefaultPicoContainer.getComponent(DefaultPicoContainer.java:678)
	at io.cucumber.picocontainer.PicoFactory.getInstance(PicoFactory.java:64)
	at io.cucumber.java.AbstractGlueDefinition.invokeMethod(AbstractGlueDefinition.java:47)
	at io.cucumber.java.JavaHookDefinition.execute(JavaHookDefinition.java:64)
	at io.cucumber.core.runner.CoreHookDefinition.execute(CoreHookDefinition.java:46)
	at io.cucumber.core.runner.HookDefinitionMatch.runStep(HookDefinitionMatch.java:21)
	at io.cucumber.core.runner.ExecutionMode$1.execute(ExecutionMode.java:10)
	at io.cucumber.core.runner.TestStep.executeStep(TestStep.java:84)
	at io.cucumber.core.runner.TestStep.run(TestStep.java:56)
	at io.cucumber.core.runner.PickleStepTestStep.run(PickleStepTestStep.java:56)
	at io.cucumber.core.runner.TestCase.run(TestCase.java:84)
	at io.cucumber.core.runner.Runner.runPickle(Runner.java:75)
	at io.cucumber.testng.TestNGCucumberRunner.lambda$runScenario$1(TestNGCucumberRunner.java:132)
	at io.cucumber.core.runtime.CucumberExecutionContext.lambda$runTestCase$5(CucumberExecutionContext.java:137)
	at io.cucumber.core.runtime.RethrowingThrowableCollector.executeAndThrow(RethrowingThrowableCollector.java:23)
	at io.cucumber.core.runtime.CucumberExecutionContext.runTestCase(CucumberExecutionContext.java:137)
	at io.cucumber.testng.TestNGCucumberRunner.runScenario(TestNGCucumberRunner.java:129)
	at io.cucumber.testng.AbstractTestNGCucumberTests.runScenario(AbstractTestNGCucumberTests.java:35)
	at java.base/jdk.internal.reflect.NativeMethodAccessorImpl.invoke0(Native Method)
	at java.base/jdk.internal.reflect.NativeMethodAccessorImpl.invoke(NativeMethodAccessorImpl.java:62)
	at java.base/jdk.internal.reflect.DelegatingMethodAccessorImpl.invoke(DelegatingMethodAccessorImpl.java:43)
	at java.base/java.lang.reflect.Method.invoke(Method.java:566)
	at org.testng.internal.invokers.MethodInvocationHelper.invokeMethod(Unknown Source)
	at org.testng.internal.invokers.TestInvoker.a(Unknown Source)
	at org.testng.internal.invokers.TestInvoker.invokeTestMethod(Unknown Source)
	at org.testng.internal.invokers.MethodRunner.runInSequence(Unknown Source)
	at org.testng.internal.invokers.TestInvoker$MethodInvocationAgent.a(Unknown Source)
	at org.testng.internal.invokers.TestInvoker.invokeTestMethods(Unknown Source)
	at org.testng.internal.invokers.TestMethodWorker.invokeTestMethods(Unknown Source)
	at org.testng.internal.invokers.TestMethodWorker.run(Unknown Source)
	at java.base/java.util.ArrayList.forEach(ArrayList.java:1541)
	at org.testng.TestRunner.a(Unknown Source)
	at org.testng.TestRunner.run(Unknown Source)
	at org.testng.SuiteRunner.a(Unknown Source)
	at org.testng.SuiteRunner.a(Unknown Source)
	at org.testng.SuiteRunner$SuiteWorker.run(Unknown Source)
	at org.testng.internal.thread.ThreadUtil.a(Unknown Source)
	at java.base/java.util.concurrent.FutureTask.run(FutureTask.java:264)
	at java.base/java.util.concurrent.ThreadPoolExecutor.runWorker(ThreadPoolExecutor.java:1128)
	at java.base/java.util.concurrent.ThreadPoolExecutor$Worker.run(ThreadPoolExecutor.java:628)
	at java.base/java.lang.Thread.run(Thread.java:834)
&amp#27;[0m
  &amp#27;[36mWhen &amp#27;[0m&amp#27;[36mUser logs in with username &amp#27;[0m&amp#27;[36m&amp#27;[1m"rajyalakshmi724@gmail.com"&amp#27;[0m&amp#27;[36m and password &amp#27;[0m&amp#27;[36m&amp#27;[1m"Amma@31348286"&amp#27;[0m                                                         &amp#27;[90m# stepDefinitions.LoginPageStepDefinitions.user_logs_in_with_username_and_password(java.lang.String,java.lang.String)&amp#27;[0m
  &amp#27;[36mWhen &amp#27;[0m&amp#27;[36mUser logs in with username &amp#27;[0m&amp#27;[36m&amp#27;[1m"rajyalakshmi724@gmail.com"&amp#27;[0m&amp#27;[36m and password &amp#27;[0m&amp#27;[36m&amp#27;[1m"Amma@31348286"&amp#27;[0m                                                         &amp#27;[90m# stepDefinitions.LoginPageStepDefinitions.user_logs_in_with_username_and_password(java.lang.String,java.lang.String)&amp#27;[0m
      &amp#27;[31mjava.lang.IllegalArgumentException: Multiple entries with same key: appium:app=bs://sample.app and appium:app=bs://c0f7fb58da2572be3153c560f9e6e13efa1dfc2d
	at com.google.common.collect.ImmutableMap.a(Unknown Source)
	at com.google.common.collect.ImmutableMap.a(Unknown Source)
	at com.google.common.collect.RegularImmutableMap.a(Unknown Source)
	at com.google.common.collect.RegularImmutableMap.b(Unknown Source)
	at com.google.common.collect.RegularImmutableMap.a(Unknown Source)
	at com.google.common.collect.ImmutableMap$Builder.a(Unknown Source)
	at com.google.common.collect.ImmutableMap$Builder.buildOrThrow(Unknown Source)
	at com.google.common.collect.ImmutableMap$Builder.build(Unknown Source)
	at java.base/java.util.stream.ReferencePipeline.collect(ReferencePipeline.java:582)
	at io.appium.java_client.remote.AppiumNewSessionCommandPayload.makeW3CSafe(AppiumNewSessionCommandPayload.java:40)
	at io.appium.java_client.remote.AppiumNewSessionCommandPayload.<init>(AppiumNewSessionCommandPayload.java:54)
	at io.appium.java_client.AppiumDriver.startSession(AppiumDriver.java:274)
	at org.openqa.selenium.remote.RemoteWebDriver.<init>(RemoteWebDriver.java:163)
	at io.appium.java_client.AppiumDriver.<init>(AppiumDriver.java:89)
	at io.appium.java_client.AppiumDriver.<init>(AppiumDriver.java:101)
	at io.appium.java_client.ios.IOSDriver.<init>(IOSDriver.java:104)
	at utils.TestBase.setup(TestBase.java:40)
	at utils.TestContextSetup.<init>(TestContextSetup.java:19)
	at java.base/jdk.internal.reflect.NativeConstructorAccessorImpl.newInstance0(Native Method)
	at java.base/jdk.internal.reflect.NativeConstructorAccessorImpl.newInstance(NativeConstructorAccessorImpl.java:62)
	at java.base/jdk.internal.reflect.DelegatingConstructorAccessorImpl.newInstance(DelegatingConstructorAccessorImpl.java:45)
	at java.base/java.lang.reflect.Constructor.newInstance(Constructor.java:490)
	at org.picocontainer.injectors.AbstractInjector.newInstance(AbstractInjector.java:145)
	at org.picocontainer.injectors.ConstructorInjector$1.run(ConstructorInjector.java:342)
	at org.picocontainer.injectors.AbstractInjector$ThreadLocalCyclicDependencyGuard.observe(AbstractInjector.java:270)
	at org.picocontainer.injectors.ConstructorInjector.getComponentInstance(ConstructorInjector.java:364)
	at org.picocontainer.injectors.AbstractInjectionFactory$LifecycleAdapter.getComponentInstance(AbstractInjectionFactory.java:56)
	at org.picocontainer.behaviors.AbstractBehavior.getComponentInstance(AbstractBehavior.java:64)
	at org.picocontainer.behaviors.Stored.getComponentInstance(Stored.java:91)
	at org.picocontainer.DefaultPicoContainer.getInstance(DefaultPicoContainer.java:699)
	at org.picocontainer.DefaultPicoContainer.getComponent(DefaultPicoContainer.java:647)
	at org.picocontainer.DefaultPicoContainer.getComponent(DefaultPicoContainer.java:632)
	at org.picocontainer.parameters.BasicComponentParameter$1.resolveInstance(BasicComponentParameter.java:118)
	at org.picocontainer.parameters.ComponentParameter$1.resolveInstance(ComponentParameter.java:136)
	at org.picocontainer.injectors.SingleMemberInjector.getParameter(SingleMemberInjector.java:78)
	at org.picocontainer.injectors.ConstructorInjector$CtorAndAdapters.getParameterArguments(ConstructorInjector.java:309)
	at org.picocontainer.injectors.ConstructorInjector$1.run(ConstructorInjector.java:335)
	at org.picocontainer.injectors.AbstractInjector$ThreadLocalCyclicDependencyGuard.observe(AbstractInjector.java:270)
	at org.picocontainer.injectors.ConstructorInjector.getComponentInstance(ConstructorInjector.java:364)
	at org.picocontainer.injectors.AbstractInjectionFactory$LifecycleAdapter.getComponentInstance(AbstractInjectionFactory.java:56)
	at org.picocontainer.behaviors.AbstractBehavior.getComponentInstance(AbstractBehavior.java:64)
	at org.picocontainer.behaviors.Stored.getComponentInstance(Stored.java:91)
	at org.picocontainer.DefaultPicoContainer.getInstance(DefaultPicoContainer.java:699)
	at org.picocontainer.DefaultPicoContainer.getComponent(DefaultPicoContainer.java:647)
	at org.picocontainer.DefaultPicoContainer.getComponent(DefaultPicoContainer.java:678)
	at io.cucumber.picocontainer.PicoFactory.getInstance(PicoFactory.java:64)
	at io.cucumber.java.AbstractGlueDefinition.invokeMethod(AbstractGlueDefinition.java:47)
	at io.cucumber.java.JavaHookDefinition.execute(JavaHookDefinition.java:64)
	at io.cucumber.core.runner.CoreHookDefinition.execute(CoreHookDefinition.java:46)
	at io.cucumber.core.runner.HookDefinitionMatch.runStep(HookDefinitionMatch.java:21)
	at io.cucumber.core.runner.ExecutionMode$1.execute(ExecutionMode.java:10)
	at io.cucumber.core.runner.TestStep.executeStep(TestStep.java:84)
	at io.cucumber.core.runner.TestStep.run(TestStep.java:56)
	at io.cucumber.core.runner.PickleStepTestStep.run(PickleStepTestStep.java:56)
	at io.cucumber.core.runner.TestCase.run(TestCase.java:84)
	at io.cucumber.core.runner.Runner.runPickle(Runner.java:75)
	at io.cucumber.testng.TestNGCucumberRunner.lambda$runScenario$1(TestNGCucumberRunner.java:132)
	at io.cucumber.core.runtime.CucumberExecutionContext.lambda$runTestCase$5(CucumberExecutionContext.java:137)
	at io.cucumber.core.runtime.RethrowingThrowableCollector.executeAndThrow(RethrowingThrowableCollector.java:23)
	at io.cucumber.core.runtime.CucumberExecutionContext.runTestCase(CucumberExecutionContext.java:137)
	at io.cucumber.testng.TestNGCucumberRunner.runScenario(TestNGCucumberRunner.java:129)
	at io.cucumber.testng.AbstractTestNGCucumberTests.runScenario(AbstractTestNGCucumberTests.java:35)
	at java.base/jdk.internal.reflect.NativeMethodAccessorImpl.invoke0(Native Method)
	at java.base/jdk.internal.reflect.NativeMethodAccessorImpl.invoke(NativeMethodAccessorImpl.java:62)
	at java.base/jdk.internal.reflect.DelegatingMethodAccessorImpl.invoke(DelegatingMethodAccessorImpl.java:43)
	at java.base/java.lang.reflect.Method.invoke(Method.java:566)
	at org.testng.internal.invokers.MethodInvocationHelper.invokeMethod(Unknown Source)
	at org.testng.internal.invokers.TestInvoker.a(Unknown Source)
	at org.testng.internal.invokers.TestInvoker.invokeTestMethod(Unknown Source)
	at org.testng.internal.invokers.MethodRunner.runInSequence(Unknown Source)
	at org.testng.internal.invokers.TestInvoker$MethodInvocationAgent.a(Unknown Source)
	at org.testng.internal.invokers.TestInvoker.invokeTestMethods(Unknown Source)
	at org.testng.internal.invokers.TestMethodWorker.invokeTestMethods(Unknown Source)
	at org.testng.internal.invokers.TestMethodWorker.run(Unknown Source)
	at java.base/java.util.ArrayList.forEach(ArrayList.java:1541)
	at org.testng.TestRunner.a(Unknown Source)
	at org.testng.TestRunner.run(Unknown Source)
	at org.testng.SuiteRunner.a(Unknown Source)
	at org.testng.SuiteRunner.a(Unknown Source)
	at org.testng.SuiteRunner$SuiteWorker.run(Unknown Source)
	at org.testng.internal.thread.ThreadUtil.a(Unknown Source)
	at java.base/java.util.concurrent.FutureTask.run(FutureTask.java:264)
	at java.base/java.util.concurrent.ThreadPoolExecutor.runWorker(ThreadPoolExecutor.java:1128)
	at java.base/java.util.concurrent.ThreadPoolExecutor$Worker.run(ThreadPoolExecutor.java:628)
	at java.base/java.lang.Thread.run(Thread.java:834)
&amp#27;[0m
  &amp#27;[36mWhen &amp#27;[0m&amp#27;[36mUser logs in with username &amp#27;[0m&amp#27;[36m&amp#27;[1m"rajyalakshmi724@gmail.com"&amp#27;[0m&amp#27;[36m and password &amp#27;[0m&amp#27;[36m&amp#27;[1m"Amma@31348286"&amp#27;[0m                                                         &amp#27;[90m# stepDefinitions.LoginPageStepDefinitions.user_logs_in_with_username_and_password(java.lang.String,java.lang.String)&amp#27;[0m
  &amp#27;[36mThen &amp#27;[0m&amp#27;[36mUser should be able to login&amp#27;[0m                                                                                                                &amp#27;[90m# stepDefinitions.LoginPageStepDefinitions.user_should_be_able_to_login()&amp#27;[0m
  &amp#27;[36mThen &amp#27;[0m&amp#27;[36mUser should be able to login&amp#27;[0m                                                                                                                &amp#27;[90m# stepDefinitions.LoginPageStepDefinitions.user_should_be_able_to_login()&amp#27;[0m
  &amp#27;[36mThen &amp#27;[0m&amp#27;[36mUser clicks on the pre-planning icon in homepage&amp#27;[0m                                                                                            &amp#27;[90m# stepDefinitions.HomePageStepDefinitions.user_clicks_on_the_pre_planning_icon_in_homepage()&amp#27;[0m
  &amp#27;[36mThen &amp#27;[0m&amp#27;[36mUser should be able to login&amp#27;[0m                                                                                                                &amp#27;[90m# stepDefinitions.LoginPageStepDefinitions.user_should_be_able_to_login()&amp#27;[0m
  &amp#27;[36mThen &amp#27;[0m&amp#27;[36mUser clicks on the pre-planning icon in homepage&amp#27;[0m                                                                                            &amp#27;[90m# stepDefinitions.HomePageStepDefinitions.user_clicks_on_the_pre_planning_icon_in_homepage()&amp#27;[0m
  &amp#27;[36mAnd &amp#27;[0m&amp#27;[36mUser clicks on Frac Sequence Planning in menu tab&amp#27;[0m                                                                                            &amp#27;[90m# stepDefinitions.PrePlanningStepDefinitions.user_clicks_on_frac_sequence_planning_in_menu_tab()&amp#27;[0m
  &amp#27;[36mAnd &amp#27;[0m&amp#27;[36mUser clicks on Frac Sequence Planning in menu tab&amp#27;[0m                                                                                            &amp#27;[90m# stepDefinitions.PrePlanningStepDefinitions.user_clicks_on_frac_sequence_planning_in_menu_tab()&amp#27;[0m
  &amp#27;[36mThen &amp#27;[0m&amp#27;[36mUser clicks on the pre-planning icon in homepage&amp#27;[0m                                                                                            &amp#27;[90m# stepDefinitions.HomePageStepDefinitions.user_clicks_on_the_pre_planning_icon_in_homepage()&amp#27;[0m
  &amp#27;[36mThen &amp#27;[0m&amp#27;[36mCheck the error message is displayed if values given are &amp#27;[0m&amp#27;[36m&amp#27;[1m0.01&amp#27;[0m&amp#27;[36m, &amp#27;[0m&amp#27;[36m&amp#27;[1m0.09&amp#27;[0m&amp#27;[36m, &amp#27;[0m&amp#27;[36m&amp#27;[1m5.1&amp#27;[0m&amp#27;[36m and &amp#27;[0m&amp#27;[36m&amp#27;[1m9.1&amp#27;[0m&amp#27;[36m in Wireline Run time&amp#27;[0m                                       &amp#27;[90m# stepDefinitions.PrePlanningMenuPageStepDefinitions.check_the_error_message_is_displayed_if_values_given_are_and_in_wireline_run_time(java.lang.Double,java.lang.Double,java.lang.Double,java.lang.Double)&amp#27;[0m
  &amp#27;[36mThen &amp#27;[0m&amp#27;[36mCheck the error message is displayed if values given are &amp#27;[0m&amp#27;[36m&amp#27;[1m0.01&amp#27;[0m&amp#27;[36m, &amp#27;[0m&amp#27;[36m&amp#27;[1m0.09&amp#27;[0m&amp#27;[36m, &amp#27;[0m&amp#27;[36m&amp#27;[1m5.1&amp#27;[0m&amp#27;[36m and &amp#27;[0m&amp#27;[36m&amp#27;[1m9.1&amp#27;[0m&amp#27;[36m in Wireline Run time&amp#27;[0m                                       &amp#27;[90m# stepDefinitions.PrePlanningMenuPageStepDefinitions.check_the_error_message_is_displayed_if_values_given_are_and_in_wireline_run_time(java.lang.Double,java.lang.Double,java.lang.Double,java.lang.Double)&amp#27;[0m
  &amp#27;[36mAnd &amp#27;[0m&amp#27;[36mUser clicks on Frac Sequence Planning in menu tab&amp#27;[0m                                                                                            &amp#27;[90m# stepDefinitions.PrePlanningStepDefinitions.user_clicks_on_frac_sequence_planning_in_menu_tab()&amp#27;[0m
  &amp#27;[36mThen &amp#27;[0m&amp#27;[36mCheck the error message is displayed if values given are &amp#27;[0m&amp#27;[36m&amp#27;[1m0.01&amp#27;[0m&amp#27;[36m, &amp#27;[0m&amp#27;[36m&amp#27;[1m0.09&amp#27;[0m&amp#27;[36m, &amp#27;[0m&amp#27;[36m&amp#27;[1m5.1&amp#27;[0m&amp#27;[36m and &amp#27;[0m&amp#27;[36m&amp#27;[1m9.1&amp#27;[0m&amp#27;[36m in Wireline Run time&amp#27;[0m                                       &amp#27;[90m# stepDefinitions.PrePlanningMenuPageStepDefinitions.check_the_error_message_is_displayed_if_values_given_are_and_in_wireline_run_time(java.lang.Double,java.lang.Double,java.lang.Double,java.lang.Double)&amp#27;[0m
]]></system-out>
    <system-err><![CDATA[javassist.CannotCompileException: [source error] newPageImpl() not found in com.microsoft.playwright.impl.BrowserContextImpl
	at javassist.CtBehavior.a(Unknown Source)
	at javassist.CtBehavior.insertBefore(Unknown Source)
	at com.browserstack.DriverServiceTransformer.e(Unknown Source)
	at com.browserstack.DriverServiceTransformer.transform(Unknown Source)
	at java.instrument/java.lang.instrument.ClassFileTransformer.transform(ClassFileTransformer.java:246)
	at java.instrument/sun.instrument.TransformerManager.transform(TransformerManager.java:188)
	at java.instrument/sun.instrument.InstrumentationImpl.transform(InstrumentationImpl.java:563)
	at java.base/java.lang.ClassLoader.defineClass1(Native Method)
	at java.base/java.lang.ClassLoader.defineClass(ClassLoader.java:1016)
	at java.base/java.security.SecureClassLoader.defineClass(SecureClassLoader.java:174)
	at java.base/jdk.internal.loader.BuiltinClassLoader.defineClass(BuiltinClassLoader.java:800)
	at java.base/jdk.internal.loader.BuiltinClassLoader.findClassOnClassPathOrNull(BuiltinClassLoader.java:698)
	at java.base/jdk.internal.loader.BuiltinClassLoader.loadClassOrNull(BuiltinClassLoader.java:621)
	at java.base/jdk.internal.loader.BuiltinClassLoader.loadClass(BuiltinClassLoader.java:579)
	at java.base/jdk.internal.loader.ClassLoaders$AppClassLoader.loadClass(ClassLoaders.java:178)
	at java.base/java.lang.ClassLoader.loadClass(ClassLoader.java:521)
	at a.a.a.g.create(Unknown Source)
	at com.google.gson.Gson.getAdapter(Unknown Source)
	at com.google.gson.Gson.toJson(Unknown Source)
	at com.google.gson.Gson.toJson(Unknown Source)
	at com.google.gson.Gson.toJson(Unknown Source)
	at com.google.gson.Gson.toJson(Unknown Source)
	at com.browserstack.utils.ObservabilityUtilityMethods.getDestructuredDPParameters(Unknown Source)
	at com.browserstack.utils.ObservabilityUtilityMethods.populateTestDataForBSTestOps(Unknown Source)
	at com.browserstack.testNgListeners.TmpSuiteListener.onTestStart(Unknown Source)
	at org.testng.internal.TestListenerHelper.runTestListeners(Unknown Source)
	at org.testng.internal.invokers.TestInvoker.runTestResultListener(Unknown Source)
	at org.testng.internal.invokers.TestInvoker.a(Unknown Source)
	at org.testng.internal.invokers.TestInvoker.invokeTestMethod(Unknown Source)
	at org.testng.internal.invokers.MethodRunner.runInSequence(Unknown Source)
	at org.testng.internal.invokers.TestInvoker$MethodInvocationAgent.a(Unknown Source)
	at org.testng.internal.invokers.TestInvoker.invokeTestMethods(Unknown Source)
	at org.testng.internal.invokers.TestMethodWorker.invokeTestMethods(Unknown Source)
	at org.testng.internal.invokers.TestMethodWorker.run(Unknown Source)
	at java.base/java.util.ArrayList.forEach(ArrayList.java:1541)
	at org.testng.TestRunner.a(Unknown Source)
	at org.testng.TestRunner.run(Unknown Source)
	at org.testng.SuiteRunner.a(Unknown Source)
	at org.testng.SuiteRunner.a(Unknown Source)
	at org.testng.SuiteRunner$SuiteWorker.run(Unknown Source)
	at org.testng.internal.thread.ThreadUtil.a(Unknown Source)
	at java.base/java.util.concurrent.FutureTask.run(FutureTask.java:264)
	at java.base/java.util.concurrent.ThreadPoolExecutor.runWorker(ThreadPoolExecutor.java:1128)
	at java.base/java.util.concurrent.ThreadPoolExecutor$Worker.run(ThreadPoolExecutor.java:628)
	at java.base/java.lang.Thread.run(Thread.java:834)
Caused by: compile error: newPageImpl() not found in com.microsoft.playwright.impl.BrowserContextImpl
	at javassist.compiler.TypeChecker.atMethodCallCore(Unknown Source)
	at javassist.compiler.TypeChecker.atCallExpr(Unknown Source)
	at javassist.compiler.JvstTypeChecker.atCallExpr(Unknown Source)
	at javassist.compiler.ast.CallExpr.accept(Unknown Source)
	at javassist.compiler.TypeChecker.atCastExpr(Unknown Source)
	at javassist.compiler.JvstTypeChecker.atCastExpr(Unknown Source)
	at javassist.compiler.ast.CastExpr.accept(Unknown Source)
	at javassist.compiler.CodeGen.doTypeCheck(Unknown Source)
	at javassist.compiler.CodeGen.atDeclarator(Unknown Source)
	at javassist.compiler.ast.Declarator.accept(Unknown Source)
	at javassist.compiler.CodeGen.atStmnt(Unknown Source)
	at javassist.compiler.ast.Stmnt.accept(Unknown Source)
	at javassist.compiler.Javac.compileStmnt(Unknown Source)
	... 45 more
javassist.CannotCompileException: [source error] no such field: wsEndpoint
	at javassist.CtBehavior.a(Unknown Source)
	at javassist.CtBehavior.insertBefore(Unknown Source)
	at com.browserstack.DriverServiceTransformer.e(Unknown Source)
	at com.browserstack.DriverServiceTransformer.transform(Unknown Source)
	at java.instrument/java.lang.instrument.ClassFileTransformer.transform(ClassFileTransformer.java:246)
	at java.instrument/sun.instrument.TransformerManager.transform(TransformerManager.java:188)
	at java.instrument/sun.instrument.InstrumentationImpl.transform(InstrumentationImpl.java:563)
	at java.base/java.lang.ClassLoader.defineClass1(Native Method)
	at java.base/java.lang.ClassLoader.defineClass(ClassLoader.java:1016)
	at java.base/java.security.SecureClassLoader.defineClass(SecureClassLoader.java:174)
	at java.base/jdk.internal.loader.BuiltinClassLoader.defineClass(BuiltinClassLoader.java:800)
	at java.base/jdk.internal.loader.BuiltinClassLoader.findClassOnClassPathOrNull(BuiltinClassLoader.java:698)
	at java.base/jdk.internal.loader.BuiltinClassLoader.loadClassOrNull(BuiltinClassLoader.java:621)
	at java.base/jdk.internal.loader.BuiltinClassLoader.loadClass(BuiltinClassLoader.java:579)
	at java.base/jdk.internal.loader.ClassLoaders$AppClassLoader.loadClass(ClassLoaders.java:178)
	at java.base/java.lang.ClassLoader.loadClass(ClassLoader.java:521)
	at a.a.a.g.create(Unknown Source)
	at com.google.gson.Gson.getAdapter(Unknown Source)
	at com.google.gson.Gson.toJson(Unknown Source)
	at com.google.gson.Gson.toJson(Unknown Source)
	at com.google.gson.Gson.toJson(Unknown Source)
	at com.google.gson.Gson.toJson(Unknown Source)
	at com.browserstack.utils.ObservabilityUtilityMethods.getDestructuredDPParameters(Unknown Source)
	at com.browserstack.utils.ObservabilityUtilityMethods.populateTestDataForBSTestOps(Unknown Source)
	at com.browserstack.testNgListeners.TmpSuiteListener.onTestStart(Unknown Source)
	at org.testng.internal.TestListenerHelper.runTestListeners(Unknown Source)
	at org.testng.internal.invokers.TestInvoker.runTestResultListener(Unknown Source)
	at org.testng.internal.invokers.TestInvoker.a(Unknown Source)
	at org.testng.internal.invokers.TestInvoker.invokeTestMethod(Unknown Source)
	at org.testng.internal.invokers.MethodRunner.runInSequence(Unknown Source)
	at org.testng.internal.invokers.TestInvoker$MethodInvocationAgent.a(Unknown Source)
	at org.testng.internal.invokers.TestInvoker.invokeTestMethods(Unknown Source)
	at org.testng.internal.invokers.TestMethodWorker.invokeTestMethods(Unknown Source)
	at org.testng.internal.invokers.TestMethodWorker.run(Unknown Source)
	at java.base/java.util.ArrayList.forEach(ArrayList.java:1541)
	at org.testng.TestRunner.a(Unknown Source)
	at org.testng.TestRunner.run(Unknown Source)
	at org.testng.SuiteRunner.a(Unknown Source)
	at org.testng.SuiteRunner.a(Unknown Source)
	at org.testng.SuiteRunner$SuiteWorker.run(Unknown Source)
	at org.testng.internal.thread.ThreadUtil.a(Unknown Source)
	at java.base/java.util.concurrent.FutureTask.run(FutureTask.java:264)
	at java.base/java.util.concurrent.ThreadPoolExecutor.runWorker(ThreadPoolExecutor.java:1128)
	at java.base/java.util.concurrent.ThreadPoolExecutor$Worker.run(ThreadPoolExecutor.java:628)
	at java.base/java.lang.Thread.run(Thread.java:834)
Caused by: compile error: no such field: wsEndpoint
	at javassist.compiler.TypeChecker.fieldAccess(Unknown Source)
	at javassist.compiler.TypeChecker.atFieldAssign(Unknown Source)
	at javassist.compiler.JvstTypeChecker.atFieldAssign(Unknown Source)
	at javassist.compiler.TypeChecker.atAssignExpr(Unknown Source)
	at javassist.compiler.ast.AssignExpr.accept(Unknown Source)
	at javassist.compiler.CodeGen.doTypeCheck(Unknown Source)
	at javassist.compiler.CodeGen.atStmnt(Unknown Source)
	at javassist.compiler.ast.Stmnt.accept(Unknown Source)
	at javassist.compiler.Javac.compileStmnt(Unknown Source)
	... 45 more
]]></system-err>
  </testcase>
  <testcase name="runScenario" classname="cucumberOptions.TestNGTestRunner" time="0.281">
    <failure message="Multiple entries with same key: appium:app=bs://sample.app and appium:app=bs://c0f7fb58da2572be3153c560f9e6e13efa1dfc2d" type="java.lang.IllegalArgumentException">java.lang.IllegalArgumentException: Multiple entries with same key: appium:app=bs://sample.app and appium:app=bs://c0f7fb58da2572be3153c560f9e6e13efa1dfc2d
</failure>
  </testcase>
  <testcase name="runScenario" classname="cucumberOptions.TestNGTestRunner" time="0.001">
    <failure message="Multiple entries with same key: appium:app=bs://sample.app and appium:app=bs://c0f7fb58da2572be3153c560f9e6e13efa1dfc2d" type="java.lang.IllegalArgumentException">java.lang.IllegalArgumentException: Multiple entries with same key: appium:app=bs://sample.app and appium:app=bs://c0f7fb58da2572be3153c560f9e6e13efa1dfc2d
</failure>
  </testcase>
  <testcase name="runScenario" classname="cucumberOptions.TestNGTestRunner" time="7.782">
    <failure message="Multiple entries with same key: appium:app=bs://sample.app and appium:app=bs://c0f7fb58da2572be3153c560f9e6e13efa1dfc2d" type="java.lang.IllegalArgumentException">java.lang.IllegalArgumentException: Multiple entries with same key: appium:app=bs://sample.app and appium:app=bs://c0f7fb58da2572be3153c560f9e6e13efa1dfc2d
</failure>
    <system-out><![CDATA[
@US121942
Scenario: TC122297 Verify for  API Units (dec) – Range-->(MIN 0.1--> MAX 5.0) for Default value – 2.0(Wireline Run time, Stack Frac portion only Tab) &amp#27;[90m# src/test/java/features/US121942.feature:13&amp#27;[0m
  &amp#27;[31mGiven &amp#27;[0m&amp#27;[31mUser launches the mobile application&amp#27;[0m                                                                                                          &amp#27;[90m# stepDefinitions.LoginPageStepDefinitions.user_launches_the_mobile_application()&amp#27;[0m
      &amp#27;[31mjava.lang.IllegalArgumentException: Multiple entries with same key: appium:app=bs://sample.app and appium:app=bs://c0f7fb58da2572be3153c560f9e6e13efa1dfc2d
	at com.google.common.collect.ImmutableMap.a(Unknown Source)
	at com.google.common.collect.ImmutableMap.a(Unknown Source)
	at com.google.common.collect.RegularImmutableMap.a(Unknown Source)
	at com.google.common.collect.RegularImmutableMap.b(Unknown Source)
	at com.google.common.collect.RegularImmutableMap.a(Unknown Source)
	at com.google.common.collect.ImmutableMap$Builder.a(Unknown Source)
	at com.google.common.collect.ImmutableMap$Builder.buildOrThrow(Unknown Source)
	at com.google.common.collect.ImmutableMap$Builder.build(Unknown Source)
	at java.base/java.util.stream.ReferencePipeline.collect(ReferencePipeline.java:582)
	at io.appium.java_client.remote.AppiumNewSessionCommandPayload.makeW3CSafe(AppiumNewSessionCommandPayload.java:40)
	at io.appium.java_client.remote.AppiumNewSessionCommandPayload.<init>(AppiumNewSessionCommandPayload.java:54)
	at io.appium.java_client.AppiumDriver.startSession(AppiumDriver.java:274)
	at org.openqa.selenium.remote.RemoteWebDriver.<init>(RemoteWebDriver.java:163)
	at io.appium.java_client.AppiumDriver.<init>(AppiumDriver.java:89)
	at io.appium.java_client.AppiumDriver.<init>(AppiumDriver.java:101)
	at io.appium.java_client.ios.IOSDriver.<init>(IOSDriver.java:104)
	at utils.TestBase.setup(TestBase.java:40)
	at utils.TestContextSetup.<init>(TestContextSetup.java:19)
	at java.base/jdk.internal.reflect.NativeConstructorAccessorImpl.newInstance0(Native Method)
	at java.base/jdk.internal.reflect.NativeConstructorAccessorImpl.newInstance(NativeConstructorAccessorImpl.java:62)
	at java.base/jdk.internal.reflect.DelegatingConstructorAccessorImpl.newInstance(DelegatingConstructorAccessorImpl.java:45)
	at java.base/java.lang.reflect.Constructor.newInstance(Constructor.java:490)
	at org.picocontainer.injectors.AbstractInjector.newInstance(AbstractInjector.java:145)
	at org.picocontainer.injectors.ConstructorInjector$1.run(ConstructorInjector.java:342)
	at org.picocontainer.injectors.AbstractInjector$ThreadLocalCyclicDependencyGuard.observe(AbstractInjector.java:270)
	at org.picocontainer.injectors.ConstructorInjector.getComponentInstance(ConstructorInjector.java:364)
	at org.picocontainer.injectors.AbstractInjectionFactory$LifecycleAdapter.getComponentInstance(AbstractInjectionFactory.java:56)
	at org.picocontainer.behaviors.AbstractBehavior.getComponentInstance(AbstractBehavior.java:64)
	at org.picocontainer.behaviors.Stored.getComponentInstance(Stored.java:91)
	at org.picocontainer.DefaultPicoContainer.getInstance(DefaultPicoContainer.java:699)
	at org.picocontainer.DefaultPicoContainer.getComponent(DefaultPicoContainer.java:647)
	at org.picocontainer.DefaultPicoContainer.getComponent(DefaultPicoContainer.java:632)
	at org.picocontainer.parameters.BasicComponentParameter$1.resolveInstance(BasicComponentParameter.java:118)
	at org.picocontainer.parameters.ComponentParameter$1.resolveInstance(ComponentParameter.java:136)
	at org.picocontainer.injectors.SingleMemberInjector.getParameter(SingleMemberInjector.java:78)
	at org.picocontainer.injectors.ConstructorInjector$CtorAndAdapters.getParameterArguments(ConstructorInjector.java:309)
	at org.picocontainer.injectors.ConstructorInjector$1.run(ConstructorInjector.java:335)
	at org.picocontainer.injectors.AbstractInjector$ThreadLocalCyclicDependencyGuard.observe(AbstractInjector.java:270)
	at org.picocontainer.injectors.ConstructorInjector.getComponentInstance(ConstructorInjector.java:364)
	at org.picocontainer.injectors.AbstractInjectionFactory$LifecycleAdapter.getComponentInstance(AbstractInjectionFactory.java:56)
	at org.picocontainer.behaviors.AbstractBehavior.getComponentInstance(AbstractBehavior.java:64)
	at org.picocontainer.behaviors.Stored.getComponentInstance(Stored.java:91)
	at org.picocontainer.DefaultPicoContainer.getInstance(DefaultPicoContainer.java:699)
	at org.picocontainer.DefaultPicoContainer.getComponent(DefaultPicoContainer.java:647)
	at org.picocontainer.DefaultPicoContainer.getComponent(DefaultPicoContainer.java:678)
	at io.cucumber.picocontainer.PicoFactory.getInstance(PicoFactory.java:64)
	at io.cucumber.java.AbstractGlueDefinition.invokeMethod(AbstractGlueDefinition.java:47)
	at io.cucumber.java.JavaStepDefinition.execute(JavaStepDefinition.java:29)
	at io.cucumber.core.runner.CoreStepDefinition.execute(CoreStepDefinition.java:66)
	at io.cucumber.core.runner.PickleStepDefinitionMatch.runStep(PickleStepDefinitionMatch.java:63)
	at io.cucumber.core.runner.ExecutionMode$1.execute(ExecutionMode.java:10)
	at io.cucumber.core.runner.TestStep.executeStep(TestStep.java:84)
	at io.cucumber.core.runner.TestStep.run(TestStep.java:56)
	at io.cucumber.core.runner.PickleStepTestStep.run(PickleStepTestStep.java:51)
	at io.cucumber.core.runner.TestCase.run(TestCase.java:84)
	at io.cucumber.core.runner.Runner.runPickle(Runner.java:75)
	at io.cucumber.testng.TestNGCucumberRunner.lambda$runScenario$1(TestNGCucumberRunner.java:132)
	at io.cucumber.core.runtime.CucumberExecutionContext.lambda$runTestCase$5(CucumberExecutionContext.java:137)
	at io.cucumber.core.runtime.RethrowingThrowableCollector.executeAndThrow(RethrowingThrowableCollector.java:23)
	at io.cucumber.core.runtime.CucumberExecutionContext.runTestCase(CucumberExecutionContext.java:137)
	at io.cucumber.testng.TestNGCucumberRunner.runScenario(TestNGCucumberRunner.java:129)
	at io.cucumber.testng.AbstractTestNGCucumberTests.runScenario(AbstractTestNGCucumberTests.java:35)
	at java.base/jdk.internal.reflect.NativeMethodAccessorImpl.invoke0(Native Method)
	at java.base/jdk.internal.reflect.NativeMethodAccessorImpl.invoke(NativeMethodAccessorImpl.java:62)
	at java.base/jdk.internal.reflect.DelegatingMethodAccessorImpl.invoke(DelegatingMethodAccessorImpl.java:43)
	at java.base/java.lang.reflect.Method.invoke(Method.java:566)
	at org.testng.internal.invokers.MethodInvocationHelper.invokeMethod(Unknown Source)
	at org.testng.internal.invokers.TestInvoker.a(Unknown Source)
	at org.testng.internal.invokers.TestInvoker.invokeTestMethod(Unknown Source)
	at org.testng.internal.invokers.MethodRunner.runInSequence(Unknown Source)
	at org.testng.internal.invokers.TestInvoker$MethodInvocationAgent.a(Unknown Source)
	at org.testng.internal.invokers.TestInvoker.invokeTestMethods(Unknown Source)
	at org.testng.internal.invokers.TestMethodWorker.invokeTestMethods(Unknown Source)
	at org.testng.internal.invokers.TestMethodWorker.run(Unknown Source)
	at java.base/java.util.ArrayList.forEach(ArrayList.java:1541)
	at org.testng.TestRunner.a(Unknown Source)
	at org.testng.TestRunner.run(Unknown Source)
	at org.testng.SuiteRunner.a(Unknown Source)
	at org.testng.SuiteRunner.a(Unknown Source)
	at org.testng.SuiteRunner$SuiteWorker.run(Unknown Source)
	at org.testng.internal.thread.ThreadUtil.a(Unknown Source)
	at java.base/java.util.concurrent.FutureTask.run(FutureTask.java:264)
	at java.base/java.util.concurrent.ThreadPoolExecutor.runWorker(ThreadPoolExecutor.java:1128)
	at java.base/java.util.concurrent.ThreadPoolExecutor$Worker.run(ThreadPoolExecutor.java:628)
	at java.base/java.lang.Thread.run(Thread.java:834)
&amp#27;[0m
      &amp#27;[31mjava.lang.IllegalArgumentException: Multiple entries with same key: appium:app=bs://sample.app and appium:app=bs://c0f7fb58da2572be3153c560f9e6e13efa1dfc2d
	at com.google.common.collect.ImmutableMap.a(Unknown Source)
	at com.google.common.collect.ImmutableMap.a(Unknown Source)
	at com.google.common.collect.RegularImmutableMap.a(Unknown Source)
	at com.google.common.collect.RegularImmutableMap.b(Unknown Source)
	at com.google.common.collect.RegularImmutableMap.a(Unknown Source)
	at com.google.common.collect.ImmutableMap$Builder.a(Unknown Source)
	at com.google.common.collect.ImmutableMap$Builder.buildOrThrow(Unknown Source)
	at com.google.common.collect.ImmutableMap$Builder.build(Unknown Source)
	at java.base/java.util.stream.ReferencePipeline.collect(ReferencePipeline.java:582)
	at io.appium.java_client.remote.AppiumNewSessionCommandPayload.makeW3CSafe(AppiumNewSessionCommandPayload.java:40)
	at io.appium.java_client.remote.AppiumNewSessionCommandPayload.<init>(AppiumNewSessionCommandPayload.java:54)
	at io.appium.java_client.AppiumDriver.startSession(AppiumDriver.java:274)
	at org.openqa.selenium.remote.RemoteWebDriver.<init>(RemoteWebDriver.java:163)
	at io.appium.java_client.AppiumDriver.<init>(AppiumDriver.java:89)
	at io.appium.java_client.AppiumDriver.<init>(AppiumDriver.java:101)
	at io.appium.java_client.ios.IOSDriver.<init>(IOSDriver.java:104)
	at utils.TestBase.setup(TestBase.java:40)
	at utils.TestContextSetup.<init>(TestContextSetup.java:19)
	at java.base/jdk.internal.reflect.NativeConstructorAccessorImpl.newInstance0(Native Method)
	at java.base/jdk.internal.reflect.NativeConstructorAccessorImpl.newInstance(NativeConstructorAccessorImpl.java:62)
	at java.base/jdk.internal.reflect.DelegatingConstructorAccessorImpl.newInstance(DelegatingConstructorAccessorImpl.java:45)
	at java.base/java.lang.reflect.Constructor.newInstance(Constructor.java:490)
	at org.picocontainer.injectors.AbstractInjector.newInstance(AbstractInjector.java:145)
	at org.picocontainer.injectors.ConstructorInjector$1.run(ConstructorInjector.java:342)
	at org.picocontainer.injectors.AbstractInjector$ThreadLocalCyclicDependencyGuard.observe(AbstractInjector.java:270)
	at org.picocontainer.injectors.ConstructorInjector.getComponentInstance(ConstructorInjector.java:364)
	at org.picocontainer.injectors.AbstractInjectionFactory$LifecycleAdapter.getComponentInstance(AbstractInjectionFactory.java:56)
	at org.picocontainer.behaviors.AbstractBehavior.getComponentInstance(AbstractBehavior.java:64)
	at org.picocontainer.behaviors.Stored.getComponentInstance(Stored.java:91)
	at org.picocontainer.DefaultPicoContainer.getInstance(DefaultPicoContainer.java:699)
	at org.picocontainer.DefaultPicoContainer.getComponent(DefaultPicoContainer.java:647)
	at org.picocontainer.DefaultPicoContainer.getComponent(DefaultPicoContainer.java:632)
	at org.picocontainer.parameters.BasicComponentParameter$1.resolveInstance(BasicComponentParameter.java:118)
	at org.picocontainer.parameters.ComponentParameter$1.resolveInstance(ComponentParameter.java:136)
	at org.picocontainer.injectors.SingleMemberInjector.getParameter(SingleMemberInjector.java:78)
	at org.picocontainer.injectors.ConstructorInjector$CtorAndAdapters.getParameterArguments(ConstructorInjector.java:309)
	at org.picocontainer.injectors.ConstructorInjector$1.run(ConstructorInjector.java:335)
	at org.picocontainer.injectors.AbstractInjector$ThreadLocalCyclicDependencyGuard.observe(AbstractInjector.java:270)
	at org.picocontainer.injectors.ConstructorInjector.getComponentInstance(ConstructorInjector.java:364)
	at org.picocontainer.injectors.AbstractInjectionFactory$LifecycleAdapter.getComponentInstance(AbstractInjectionFactory.java:56)
	at org.picocontainer.behaviors.AbstractBehavior.getComponentInstance(AbstractBehavior.java:64)
	at org.picocontainer.behaviors.Stored.getComponentInstance(Stored.java:91)
	at org.picocontainer.DefaultPicoContainer.getInstance(DefaultPicoContainer.java:699)
	at org.picocontainer.DefaultPicoContainer.getComponent(DefaultPicoContainer.java:647)
	at org.picocontainer.DefaultPicoContainer.getComponent(DefaultPicoContainer.java:678)
	at io.cucumber.picocontainer.PicoFactory.getInstance(PicoFactory.java:64)
	at io.cucumber.java.AbstractGlueDefinition.invokeMethod(AbstractGlueDefinition.java:47)
	at io.cucumber.java.JavaHookDefinition.execute(JavaHookDefinition.java:64)
	at io.cucumber.core.runner.CoreHookDefinition.execute(CoreHookDefinition.java:46)
	at io.cucumber.core.runner.HookDefinitionMatch.runStep(HookDefinitionMatch.java:21)
	at io.cucumber.core.runner.ExecutionMode$1.execute(ExecutionMode.java:10)
	at io.cucumber.core.runner.TestStep.executeStep(TestStep.java:84)
	at io.cucumber.core.runner.TestStep.run(TestStep.java:56)
	at io.cucumber.core.runner.PickleStepTestStep.run(PickleStepTestStep.java:56)
	at io.cucumber.core.runner.TestCase.run(TestCase.java:84)
	at io.cucumber.core.runner.Runner.runPickle(Runner.java:75)
	at io.cucumber.testng.TestNGCucumberRunner.lambda$runScenario$1(TestNGCucumberRunner.java:132)
	at io.cucumber.core.runtime.CucumberExecutionContext.lambda$runTestCase$5(CucumberExecutionContext.java:137)
	at io.cucumber.core.runtime.RethrowingThrowableCollector.executeAndThrow(RethrowingThrowableCollector.java:23)
	at io.cucumber.core.runtime.CucumberExecutionContext.runTestCase(CucumberExecutionContext.java:137)
	at io.cucumber.testng.TestNGCucumberRunner.runScenario(TestNGCucumberRunner.java:129)
	at io.cucumber.testng.AbstractTestNGCucumberTests.runScenario(AbstractTestNGCucumberTests.java:35)
	at java.base/jdk.internal.reflect.NativeMethodAccessorImpl.invoke0(Native Method)
	at java.base/jdk.internal.reflect.NativeMethodAccessorImpl.invoke(NativeMethodAccessorImpl.java:62)
	at java.base/jdk.internal.reflect.DelegatingMethodAccessorImpl.invoke(DelegatingMethodAccessorImpl.java:43)
	at java.base/java.lang.reflect.Method.invoke(Method.java:566)
	at org.testng.internal.invokers.MethodInvocationHelper.invokeMethod(Unknown Source)
	at org.testng.internal.invokers.TestInvoker.a(Unknown Source)
	at org.testng.internal.invokers.TestInvoker.invokeTestMethod(Unknown Source)
	at org.testng.internal.invokers.MethodRunner.runInSequence(Unknown Source)
	at org.testng.internal.invokers.TestInvoker$MethodInvocationAgent.a(Unknown Source)
	at org.testng.internal.invokers.TestInvoker.invokeTestMethods(Unknown Source)
	at org.testng.internal.invokers.TestMethodWorker.invokeTestMethods(Unknown Source)
	at org.testng.internal.invokers.TestMethodWorker.run(Unknown Source)
	at java.base/java.util.ArrayList.forEach(ArrayList.java:1541)
	at org.testng.TestRunner.a(Unknown Source)
	at org.testng.TestRunner.run(Unknown Source)
	at org.testng.SuiteRunner.a(Unknown Source)
	at org.testng.SuiteRunner.a(Unknown Source)
	at org.testng.SuiteRunner$SuiteWorker.run(Unknown Source)
	at org.testng.internal.thread.ThreadUtil.a(Unknown Source)
	at java.base/java.util.concurrent.FutureTask.run(FutureTask.java:264)
	at java.base/java.util.concurrent.ThreadPoolExecutor.runWorker(ThreadPoolExecutor.java:1128)
	at java.base/java.util.concurrent.ThreadPoolExecutor$Worker.run(ThreadPoolExecutor.java:628)
	at java.base/java.lang.Thread.run(Thread.java:834)
&amp#27;[0m
  &amp#27;[36mWhen &amp#27;[0m&amp#27;[36mUser logs in with username &amp#27;[0m&amp#27;[36m&amp#27;[1m"rajyalakshmi724@gmail.com"&amp#27;[0m&amp#27;[36m and password &amp#27;[0m&amp#27;[36m&amp#27;[1m"Amma@31348286"&amp#27;[0m                                                            &amp#27;[90m# stepDefinitions.LoginPageStepDefinitions.user_logs_in_with_username_and_password(java.lang.String,java.lang.String)&amp#27;[0m
  &amp#27;[36mThen &amp#27;[0m&amp#27;[36mUser should be able to login&amp#27;[0m                                                                                                                   &amp#27;[90m# stepDefinitions.LoginPageStepDefinitions.user_should_be_able_to_login()&amp#27;[0m
  &amp#27;[36mThen &amp#27;[0m&amp#27;[36mUser clicks on the pre-planning icon in homepage&amp#27;[0m                                                                                               &amp#27;[90m# stepDefinitions.HomePageStepDefinitions.user_clicks_on_the_pre_planning_icon_in_homepage()&amp#27;[0m
  &amp#27;[36mAnd &amp#27;[0m&amp#27;[36mUser clicks on Frac Sequence Planning in menu tab&amp#27;[0m                                                                                               &amp#27;[90m# stepDefinitions.PrePlanningStepDefinitions.user_clicks_on_frac_sequence_planning_in_menu_tab()&amp#27;[0m
  &amp#27;[36mThen &amp#27;[0m&amp#27;[36mCheck whether the default value is &amp#27;[0m&amp#27;[36m&amp#27;[1m2.0&amp#27;[0m&amp#27;[36m in Wireline Run time for API units&amp#27;[0m                                                                      &amp#27;[90m# stepDefinitions.PrePlanningMenuPageStepDefinitions.check_whether_the_default_value_is_in_wireline_run_time_for_api_units(java.lang.Double)&amp#27;[0m
  &amp#27;[36mThen &amp#27;[0m&amp#27;[36mSelect units as API and Give values  &amp#27;[0m&amp#27;[36m&amp#27;[1m0.11&amp#27;[0m&amp#27;[36m, &amp#27;[0m&amp#27;[36m&amp#27;[1m0.1&amp#27;[0m&amp#27;[36m, &amp#27;[0m&amp#27;[36m&amp#27;[1m5.0&amp#27;[0m&amp#27;[36m and &amp#27;[0m&amp#27;[36m&amp#27;[1m4.9&amp#27;[0m&amp#27;[36m in Wireline Run time Tab and the values should be accepted&amp#27;[0m                         &amp#27;[90m# stepDefinitions.PrePlanningMenuPageStepDefinitions.select_units_as_api_and_give_values_and_in_wireline_run_time_tab_and_the_values_should_be_accepted(java.lang.Double,java.lang.Double,java.lang.Double,java.lang.Double)&amp#27;[0m

@US121942
Scenario: TC122297 Verify for  API Units (dec) – Range-->(MIN 0.1--> MAX 5.0) for Default value – 2.0(Wireline Run time, Stack Frac portion only Tab) &amp#27;[90m# src/test/java/features/US121942.feature:13&amp#27;[0m

@US121942
Scenario: TC122297 Verify for  API Units (dec) – Range-->(MIN 0.1--> MAX 5.0) for Default value – 2.0(Wireline Run time, Stack Frac portion only Tab) &amp#27;[90m# src/test/java/features/US121942.feature:13&amp#27;[0m
  &amp#27;[31mGiven &amp#27;[0m&amp#27;[31mUser launches the mobile application&amp#27;[0m                                                                                                          &amp#27;[90m# stepDefinitions.LoginPageStepDefinitions.user_launches_the_mobile_application()&amp#27;[0m
      &amp#27;[31mjava.lang.IllegalArgumentException: Multiple entries with same key: appium:app=bs://sample.app and appium:app=bs://c0f7fb58da2572be3153c560f9e6e13efa1dfc2d
	at com.google.common.collect.ImmutableMap.a(Unknown Source)
	at com.google.common.collect.ImmutableMap.a(Unknown Source)
	at com.google.common.collect.RegularImmutableMap.a(Unknown Source)
	at com.google.common.collect.RegularImmutableMap.b(Unknown Source)
	at com.google.common.collect.RegularImmutableMap.a(Unknown Source)
	at com.google.common.collect.ImmutableMap$Builder.a(Unknown Source)
	at com.google.common.collect.ImmutableMap$Builder.buildOrThrow(Unknown Source)
	at com.google.common.collect.ImmutableMap$Builder.build(Unknown Source)
	at java.base/java.util.stream.ReferencePipeline.collect(ReferencePipeline.java:582)
	at io.appium.java_client.remote.AppiumNewSessionCommandPayload.makeW3CSafe(AppiumNewSessionCommandPayload.java:40)
	at io.appium.java_client.remote.AppiumNewSessionCommandPayload.<init>(AppiumNewSessionCommandPayload.java:54)
	at io.appium.java_client.AppiumDriver.startSession(AppiumDriver.java:274)
	at org.openqa.selenium.remote.RemoteWebDriver.<init>(RemoteWebDriver.java:163)
	at io.appium.java_client.AppiumDriver.<init>(AppiumDriver.java:89)
	at io.appium.java_client.AppiumDriver.<init>(AppiumDriver.java:101)
	at io.appium.java_client.ios.IOSDriver.<init>(IOSDriver.java:104)
	at utils.TestBase.setup(TestBase.java:40)
	at utils.TestContextSetup.<init>(TestContextSetup.java:19)
	at java.base/jdk.internal.reflect.NativeConstructorAccessorImpl.newInstance0(Native Method)
	at java.base/jdk.internal.reflect.NativeConstructorAccessorImpl.newInstance(NativeConstructorAccessorImpl.java:62)
	at java.base/jdk.internal.reflect.DelegatingConstructorAccessorImpl.newInstance(DelegatingConstructorAccessorImpl.java:45)
	at java.base/java.lang.reflect.Constructor.newInstance(Constructor.java:490)
	at org.picocontainer.injectors.AbstractInjector.newInstance(AbstractInjector.java:145)
	at org.picocontainer.injectors.ConstructorInjector$1.run(ConstructorInjector.java:342)
	at org.picocontainer.injectors.AbstractInjector$ThreadLocalCyclicDependencyGuard.observe(AbstractInjector.java:270)
	at org.picocontainer.injectors.ConstructorInjector.getComponentInstance(ConstructorInjector.java:364)
	at org.picocontainer.injectors.AbstractInjectionFactory$LifecycleAdapter.getComponentInstance(AbstractInjectionFactory.java:56)
	at org.picocontainer.behaviors.AbstractBehavior.getComponentInstance(AbstractBehavior.java:64)
	at org.picocontainer.behaviors.Stored.getComponentInstance(Stored.java:91)
	at org.picocontainer.DefaultPicoContainer.getInstance(DefaultPicoContainer.java:699)
	at org.picocontainer.DefaultPicoContainer.getComponent(DefaultPicoContainer.java:647)
	at org.picocontainer.DefaultPicoContainer.getComponent(DefaultPicoContainer.java:632)
	at org.picocontainer.parameters.BasicComponentParameter$1.resolveInstance(BasicComponentParameter.java:118)
	at org.picocontainer.parameters.ComponentParameter$1.resolveInstance(ComponentParameter.java:136)
	at org.picocontainer.injectors.SingleMemberInjector.getParameter(SingleMemberInjector.java:78)
	at org.picocontainer.injectors.ConstructorInjector$CtorAndAdapters.getParameterArguments(ConstructorInjector.java:309)
	at org.picocontainer.injectors.ConstructorInjector$1.run(ConstructorInjector.java:335)
	at org.picocontainer.injectors.AbstractInjector$ThreadLocalCyclicDependencyGuard.observe(AbstractInjector.java:270)
	at org.picocontainer.injectors.ConstructorInjector.getComponentInstance(ConstructorInjector.java:364)
	at org.picocontainer.injectors.AbstractInjectionFactory$LifecycleAdapter.getComponentInstance(AbstractInjectionFactory.java:56)
	at org.picocontainer.behaviors.AbstractBehavior.getComponentInstance(AbstractBehavior.java:64)
	at org.picocontainer.behaviors.Stored.getComponentInstance(Stored.java:91)
	at org.picocontainer.DefaultPicoContainer.getInstance(DefaultPicoContainer.java:699)
	at org.picocontainer.DefaultPicoContainer.getComponent(DefaultPicoContainer.java:647)
	at org.picocontainer.DefaultPicoContainer.getComponent(DefaultPicoContainer.java:678)
	at io.cucumber.picocontainer.PicoFactory.getInstance(PicoFactory.java:64)
	at io.cucumber.java.AbstractGlueDefinition.invokeMethod(AbstractGlueDefinition.java:47)
	at io.cucumber.java.JavaStepDefinition.execute(JavaStepDefinition.java:29)
	at io.cucumber.core.runner.CoreStepDefinition.execute(CoreStepDefinition.java:66)
	at io.cucumber.core.runner.PickleStepDefinitionMatch.runStep(PickleStepDefinitionMatch.java:63)
	at io.cucumber.core.runner.ExecutionMode$1.execute(ExecutionMode.java:10)
	at io.cucumber.core.runner.TestStep.executeStep(TestStep.java:84)
	at io.cucumber.core.runner.TestStep.run(TestStep.java:56)
	at io.cucumber.core.runner.PickleStepTestStep.run(PickleStepTestStep.java:51)
	at io.cucumber.core.runner.TestCase.run(TestCase.java:84)
	at io.cucumber.core.runner.Runner.runPickle(Runner.java:75)
	at io.cucumber.testng.TestNGCucumberRunner.lambda$runScenario$1(TestNGCucumberRunner.java:132)
	at io.cucumber.core.runtime.CucumberExecutionContext.lambda$runTestCase$5(CucumberExecutionContext.java:137)
	at io.cucumber.core.runtime.RethrowingThrowableCollector.executeAndThrow(RethrowingThrowableCollector.java:23)
	at io.cucumber.core.runtime.CucumberExecutionContext.runTestCase(CucumberExecutionContext.java:137)
	at io.cucumber.testng.TestNGCucumberRunner.runScenario(TestNGCucumberRunner.java:129)
	at io.cucumber.testng.AbstractTestNGCucumberTests.runScenario(AbstractTestNGCucumberTests.java:35)
	at java.base/jdk.internal.reflect.NativeMethodAccessorImpl.invoke0(Native Method)
	at java.base/jdk.internal.reflect.NativeMethodAccessorImpl.invoke(NativeMethodAccessorImpl.java:62)
	at java.base/jdk.internal.reflect.DelegatingMethodAccessorImpl.invoke(DelegatingMethodAccessorImpl.java:43)
	at java.base/java.lang.reflect.Method.invoke(Method.java:566)
	at org.testng.internal.invokers.MethodInvocationHelper.invokeMethod(Unknown Source)
	at org.testng.internal.invokers.TestInvoker.a(Unknown Source)
	at org.testng.internal.invokers.TestInvoker.invokeTestMethod(Unknown Source)
	at org.testng.internal.invokers.MethodRunner.runInSequence(Unknown Source)
	at org.testng.internal.invokers.TestInvoker$MethodInvocationAgent.a(Unknown Source)
	at org.testng.internal.invokers.TestInvoker.invokeTestMethods(Unknown Source)
	at org.testng.internal.invokers.TestMethodWorker.invokeTestMethods(Unknown Source)
	at org.testng.internal.invokers.TestMethodWorker.run(Unknown Source)
	at java.base/java.util.ArrayList.forEach(ArrayList.java:1541)
	at org.testng.TestRunner.a(Unknown Source)
	at org.testng.TestRunner.run(Unknown Source)
	at org.testng.SuiteRunner.a(Unknown Source)
	at org.testng.SuiteRunner.a(Unknown Source)
	at org.testng.SuiteRunner$SuiteWorker.run(Unknown Source)
	at org.testng.internal.thread.ThreadUtil.a(Unknown Source)
	at java.base/java.util.concurrent.FutureTask.run(FutureTask.java:264)
	at java.base/java.util.concurrent.ThreadPoolExecutor.runWorker(ThreadPoolExecutor.java:1128)
	at java.base/java.util.concurrent.ThreadPoolExecutor$Worker.run(ThreadPoolExecutor.java:628)
	at java.base/java.lang.Thread.run(Thread.java:834)
&amp#27;[0m
      &amp#27;[31mjava.lang.IllegalArgumentException: Multiple entries with same key: appium:app=bs://sample.app and appium:app=bs://c0f7fb58da2572be3153c560f9e6e13efa1dfc2d
	at com.google.common.collect.ImmutableMap.a(Unknown Source)
	at com.google.common.collect.ImmutableMap.a(Unknown Source)
	at com.google.common.collect.RegularImmutableMap.a(Unknown Source)
	at com.google.common.collect.RegularImmutableMap.b(Unknown Source)
	at com.google.common.collect.RegularImmutableMap.a(Unknown Source)
	at com.google.common.collect.ImmutableMap$Builder.a(Unknown Source)
	at com.google.common.collect.ImmutableMap$Builder.buildOrThrow(Unknown Source)
	at com.google.common.collect.ImmutableMap$Builder.build(Unknown Source)
	at java.base/java.util.stream.ReferencePipeline.collect(ReferencePipeline.java:582)
	at io.appium.java_client.remote.AppiumNewSessionCommandPayload.makeW3CSafe(AppiumNewSessionCommandPayload.java:40)
	at io.appium.java_client.remote.AppiumNewSessionCommandPayload.<init>(AppiumNewSessionCommandPayload.java:54)
	at io.appium.java_client.AppiumDriver.startSession(AppiumDriver.java:274)
	at org.openqa.selenium.remote.RemoteWebDriver.<init>(RemoteWebDriver.java:163)
	at io.appium.java_client.AppiumDriver.<init>(AppiumDriver.java:89)
	at io.appium.java_client.AppiumDriver.<init>(AppiumDriver.java:101)
	at io.appium.java_client.ios.IOSDriver.<init>(IOSDriver.java:104)
	at utils.TestBase.setup(TestBase.java:40)
	at utils.TestContextSetup.<init>(TestContextSetup.java:19)
	at java.base/jdk.internal.reflect.NativeConstructorAccessorImpl.newInstance0(Native Method)
	at java.base/jdk.internal.reflect.NativeConstructorAccessorImpl.newInstance(NativeConstructorAccessorImpl.java:62)
	at java.base/jdk.internal.reflect.DelegatingConstructorAccessorImpl.newInstance(DelegatingConstructorAccessorImpl.java:45)
	at java.base/java.lang.reflect.Constructor.newInstance(Constructor.java:490)
	at org.picocontainer.injectors.AbstractInjector.newInstance(AbstractInjector.java:145)
	at org.picocontainer.injectors.ConstructorInjector$1.run(ConstructorInjector.java:342)
	at org.picocontainer.injectors.AbstractInjector$ThreadLocalCyclicDependencyGuard.observe(AbstractInjector.java:270)
	at org.picocontainer.injectors.ConstructorInjector.getComponentInstance(ConstructorInjector.java:364)
	at org.picocontainer.injectors.AbstractInjectionFactory$LifecycleAdapter.getComponentInstance(AbstractInjectionFactory.java:56)
	at org.picocontainer.behaviors.AbstractBehavior.getComponentInstance(AbstractBehavior.java:64)
	at org.picocontainer.behaviors.Stored.getComponentInstance(Stored.java:91)
	at org.picocontainer.DefaultPicoContainer.getInstance(DefaultPicoContainer.java:699)
	at org.picocontainer.DefaultPicoContainer.getComponent(DefaultPicoContainer.java:647)
	at org.picocontainer.DefaultPicoContainer.getComponent(DefaultPicoContainer.java:632)
	at org.picocontainer.parameters.BasicComponentParameter$1.resolveInstance(BasicComponentParameter.java:118)
	at org.picocontainer.parameters.ComponentParameter$1.resolveInstance(ComponentParameter.java:136)
	at org.picocontainer.injectors.SingleMemberInjector.getParameter(SingleMemberInjector.java:78)
	at org.picocontainer.injectors.ConstructorInjector$CtorAndAdapters.getParameterArguments(ConstructorInjector.java:309)
	at org.picocontainer.injectors.ConstructorInjector$1.run(ConstructorInjector.java:335)
	at org.picocontainer.injectors.AbstractInjector$ThreadLocalCyclicDependencyGuard.observe(AbstractInjector.java:270)
	at org.picocontainer.injectors.ConstructorInjector.getComponentInstance(ConstructorInjector.java:364)
	at org.picocontainer.injectors.AbstractInjectionFactory$LifecycleAdapter.getComponentInstance(AbstractInjectionFactory.java:56)
	at org.picocontainer.behaviors.AbstractBehavior.getComponentInstance(AbstractBehavior.java:64)
	at org.picocontainer.behaviors.Stored.getComponentInstance(Stored.java:91)
	at org.picocontainer.DefaultPicoContainer.getInstance(DefaultPicoContainer.java:699)
	at org.picocontainer.DefaultPicoContainer.getComponent(DefaultPicoContainer.java:647)
	at org.picocontainer.DefaultPicoContainer.getComponent(DefaultPicoContainer.java:678)
	at io.cucumber.picocontainer.PicoFactory.getInstance(PicoFactory.java:64)
	at io.cucumber.java.AbstractGlueDefinition.invokeMethod(AbstractGlueDefinition.java:47)
	at io.cucumber.java.JavaHookDefinition.execute(JavaHookDefinition.java:64)
	at io.cucumber.core.runner.CoreHookDefinition.execute(CoreHookDefinition.java:46)
	at io.cucumber.core.runner.HookDefinitionMatch.runStep(HookDefinitionMatch.java:21)
	at io.cucumber.core.runner.ExecutionMode$1.execute(ExecutionMode.java:10)
	at io.cucumber.core.runner.TestStep.executeStep(TestStep.java:84)
	at io.cucumber.core.runner.TestStep.run(TestStep.java:56)
	at io.cucumber.core.runner.PickleStepTestStep.run(PickleStepTestStep.java:56)
	at io.cucumber.core.runner.TestCase.run(TestCase.java:84)
	at io.cucumber.core.runner.Runner.runPickle(Runner.java:75)
	at io.cucumber.testng.TestNGCucumberRunner.lambda$runScenario$1(TestNGCucumberRunner.java:132)
	at io.cucumber.core.runtime.CucumberExecutionContext.lambda$runTestCase$5(CucumberExecutionContext.java:137)
	at io.cucumber.core.runtime.RethrowingThrowableCollector.executeAndThrow(RethrowingThrowableCollector.java:23)
	at io.cucumber.core.runtime.CucumberExecutionContext.runTestCase(CucumberExecutionContext.java:137)
	at io.cucumber.testng.TestNGCucumberRunner.runScenario(TestNGCucumberRunner.java:129)
	at io.cucumber.testng.AbstractTestNGCucumberTests.runScenario(AbstractTestNGCucumberTests.java:35)
	at java.base/jdk.internal.reflect.NativeMethodAccessorImpl.invoke0(Native Method)
	at java.base/jdk.internal.reflect.NativeMethodAccessorImpl.invoke(NativeMethodAccessorImpl.java:62)
	at java.base/jdk.internal.reflect.DelegatingMethodAccessorImpl.invoke(DelegatingMethodAccessorImpl.java:43)
	at java.base/java.lang.reflect.Method.invoke(Method.java:566)
	at org.testng.internal.invokers.MethodInvocationHelper.invokeMethod(Unknown Source)
	at org.testng.internal.invokers.TestInvoker.a(Unknown Source)
	at org.testng.internal.invokers.TestInvoker.invokeTestMethod(Unknown Source)
	at org.testng.internal.invokers.MethodRunner.runInSequence(Unknown Source)
	at org.testng.internal.invokers.TestInvoker$MethodInvocationAgent.a(Unknown Source)
	at org.testng.internal.invokers.TestInvoker.invokeTestMethods(Unknown Source)
	at org.testng.internal.invokers.TestMethodWorker.invokeTestMethods(Unknown Source)
	at org.testng.internal.invokers.TestMethodWorker.run(Unknown Source)
	at java.base/java.util.ArrayList.forEach(ArrayList.java:1541)
	at org.testng.TestRunner.a(Unknown Source)
	at org.testng.TestRunner.run(Unknown Source)
	at org.testng.SuiteRunner.a(Unknown Source)
	at org.testng.SuiteRunner.a(Unknown Source)
	at org.testng.SuiteRunner$SuiteWorker.run(Unknown Source)
	at org.testng.internal.thread.ThreadUtil.a(Unknown Source)
	at java.base/java.util.concurrent.FutureTask.run(FutureTask.java:264)
	at java.base/java.util.concurrent.ThreadPoolExecutor.runWorker(ThreadPoolExecutor.java:1128)
	at java.base/java.util.concurrent.ThreadPoolExecutor$Worker.run(ThreadPoolExecutor.java:628)
	at java.base/java.lang.Thread.run(Thread.java:834)
&amp#27;[0m
  &amp#27;[36mWhen &amp#27;[0m&amp#27;[36mUser logs in with username &amp#27;[0m&amp#27;[36m&amp#27;[1m"rajyalakshmi724@gmail.com"&amp#27;[0m&amp#27;[36m and password &amp#27;[0m&amp#27;[36m&amp#27;[1m"Amma@31348286"&amp#27;[0m                                                            &amp#27;[90m# stepDefinitions.LoginPageStepDefinitions.user_logs_in_with_username_and_password(java.lang.String,java.lang.String)&amp#27;[0m
  &amp#27;[31mGiven &amp#27;[0m&amp#27;[31mUser launches the mobile application&amp#27;[0m                                                                                                          &amp#27;[90m# stepDefinitions.LoginPageStepDefinitions.user_launches_the_mobile_application()&amp#27;[0m
      &amp#27;[31mjava.lang.IllegalArgumentException: Multiple entries with same key: appium:app=bs://sample.app and appium:app=bs://c0f7fb58da2572be3153c560f9e6e13efa1dfc2d
	at com.google.common.collect.ImmutableMap.a(Unknown Source)
	at com.google.common.collect.ImmutableMap.a(Unknown Source)
	at com.google.common.collect.RegularImmutableMap.a(Unknown Source)
	at com.google.common.collect.RegularImmutableMap.b(Unknown Source)
	at com.google.common.collect.RegularImmutableMap.a(Unknown Source)
	at com.google.common.collect.ImmutableMap$Builder.a(Unknown Source)
	at com.google.common.collect.ImmutableMap$Builder.buildOrThrow(Unknown Source)
	at com.google.common.collect.ImmutableMap$Builder.build(Unknown Source)
	at java.base/java.util.stream.ReferencePipeline.collect(ReferencePipeline.java:582)
	at io.appium.java_client.remote.AppiumNewSessionCommandPayload.makeW3CSafe(AppiumNewSessionCommandPayload.java:40)
	at io.appium.java_client.remote.AppiumNewSessionCommandPayload.<init>(AppiumNewSessionCommandPayload.java:54)
	at io.appium.java_client.AppiumDriver.startSession(AppiumDriver.java:274)
	at org.openqa.selenium.remote.RemoteWebDriver.<init>(RemoteWebDriver.java:163)
	at io.appium.java_client.AppiumDriver.<init>(AppiumDriver.java:89)
	at io.appium.java_client.AppiumDriver.<init>(AppiumDriver.java:101)
	at io.appium.java_client.ios.IOSDriver.<init>(IOSDriver.java:104)
	at utils.TestBase.setup(TestBase.java:40)
	at utils.TestContextSetup.<init>(TestContextSetup.java:19)
	at java.base/jdk.internal.reflect.NativeConstructorAccessorImpl.newInstance0(Native Method)
	at java.base/jdk.internal.reflect.NativeConstructorAccessorImpl.newInstance(NativeConstructorAccessorImpl.java:62)
	at java.base/jdk.internal.reflect.DelegatingConstructorAccessorImpl.newInstance(DelegatingConstructorAccessorImpl.java:45)
	at java.base/java.lang.reflect.Constructor.newInstance(Constructor.java:490)
	at org.picocontainer.injectors.AbstractInjector.newInstance(AbstractInjector.java:145)
	at org.picocontainer.injectors.ConstructorInjector$1.run(ConstructorInjector.java:342)
	at org.picocontainer.injectors.AbstractInjector$ThreadLocalCyclicDependencyGuard.observe(AbstractInjector.java:270)
	at org.picocontainer.injectors.ConstructorInjector.getComponentInstance(ConstructorInjector.java:364)
	at org.picocontainer.injectors.AbstractInjectionFactory$LifecycleAdapter.getComponentInstance(AbstractInjectionFactory.java:56)
	at org.picocontainer.behaviors.AbstractBehavior.getComponentInstance(AbstractBehavior.java:64)
	at org.picocontainer.behaviors.Stored.getComponentInstance(Stored.java:91)
	at org.picocontainer.DefaultPicoContainer.getInstance(DefaultPicoContainer.java:699)
	at org.picocontainer.DefaultPicoContainer.getComponent(DefaultPicoContainer.java:647)
	at org.picocontainer.DefaultPicoContainer.getComponent(DefaultPicoContainer.java:632)
	at org.picocontainer.parameters.BasicComponentParameter$1.resolveInstance(BasicComponentParameter.java:118)
	at org.picocontainer.parameters.ComponentParameter$1.resolveInstance(ComponentParameter.java:136)
	at org.picocontainer.injectors.SingleMemberInjector.getParameter(SingleMemberInjector.java:78)
	at org.picocontainer.injectors.ConstructorInjector$CtorAndAdapters.getParameterArguments(ConstructorInjector.java:309)
	at org.picocontainer.injectors.ConstructorInjector$1.run(ConstructorInjector.java:335)
	at org.picocontainer.injectors.AbstractInjector$ThreadLocalCyclicDependencyGuard.observe(AbstractInjector.java:270)
	at org.picocontainer.injectors.ConstructorInjector.getComponentInstance(ConstructorInjector.java:364)
	at org.picocontainer.injectors.AbstractInjectionFactory$LifecycleAdapter.getComponentInstance(AbstractInjectionFactory.java:56)
	at org.picocontainer.behaviors.AbstractBehavior.getComponentInstance(AbstractBehavior.java:64)
	at org.picocontainer.behaviors.Stored.getComponentInstance(Stored.java:91)
	at org.picocontainer.DefaultPicoContainer.getInstance(DefaultPicoContainer.java:699)
	at org.picocontainer.DefaultPicoContainer.getComponent(DefaultPicoContainer.java:647)
	at org.picocontainer.DefaultPicoContainer.getComponent(DefaultPicoContainer.java:678)
	at io.cucumber.picocontainer.PicoFactory.getInstance(PicoFactory.java:64)
	at io.cucumber.java.AbstractGlueDefinition.invokeMethod(AbstractGlueDefinition.java:47)
	at io.cucumber.java.JavaStepDefinition.execute(JavaStepDefinition.java:29)
	at io.cucumber.core.runner.CoreStepDefinition.execute(CoreStepDefinition.java:66)
	at io.cucumber.core.runner.PickleStepDefinitionMatch.runStep(PickleStepDefinitionMatch.java:63)
	at io.cucumber.core.runner.ExecutionMode$1.execute(ExecutionMode.java:10)
	at io.cucumber.core.runner.TestStep.executeStep(TestStep.java:84)
	at io.cucumber.core.runner.TestStep.run(TestStep.java:56)
	at io.cucumber.core.runner.PickleStepTestStep.run(PickleStepTestStep.java:51)
	at io.cucumber.core.runner.TestCase.run(TestCase.java:84)
	at io.cucumber.core.runner.Runner.runPickle(Runner.java:75)
	at io.cucumber.testng.TestNGCucumberRunner.lambda$runScenario$1(TestNGCucumberRunner.java:132)
	at io.cucumber.core.runtime.CucumberExecutionContext.lambda$runTestCase$5(CucumberExecutionContext.java:137)
	at io.cucumber.core.runtime.RethrowingThrowableCollector.executeAndThrow(RethrowingThrowableCollector.java:23)
	at io.cucumber.core.runtime.CucumberExecutionContext.runTestCase(CucumberExecutionContext.java:137)
	at io.cucumber.testng.TestNGCucumberRunner.runScenario(TestNGCucumberRunner.java:129)
	at io.cucumber.testng.AbstractTestNGCucumberTests.runScenario(AbstractTestNGCucumberTests.java:35)
	at java.base/jdk.internal.reflect.NativeMethodAccessorImpl.invoke0(Native Method)
	at java.base/jdk.internal.reflect.NativeMethodAccessorImpl.invoke(NativeMethodAccessorImpl.java:62)
	at java.base/jdk.internal.reflect.DelegatingMethodAccessorImpl.invoke(DelegatingMethodAccessorImpl.java:43)
	at java.base/java.lang.reflect.Method.invoke(Method.java:566)
	at org.testng.internal.invokers.MethodInvocationHelper.invokeMethod(Unknown Source)
	at org.testng.internal.invokers.TestInvoker.a(Unknown Source)
	at org.testng.internal.invokers.TestInvoker.invokeTestMethod(Unknown Source)
	at org.testng.internal.invokers.MethodRunner.runInSequence(Unknown Source)
	at org.testng.internal.invokers.TestInvoker$MethodInvocationAgent.a(Unknown Source)
	at org.testng.internal.invokers.TestInvoker.invokeTestMethods(Unknown Source)
	at org.testng.internal.invokers.TestMethodWorker.invokeTestMethods(Unknown Source)
	at org.testng.internal.invokers.TestMethodWorker.run(Unknown Source)
	at java.base/java.util.ArrayList.forEach(ArrayList.java:1541)
	at org.testng.TestRunner.a(Unknown Source)
	at org.testng.TestRunner.run(Unknown Source)
	at org.testng.SuiteRunner.a(Unknown Source)
	at org.testng.SuiteRunner.a(Unknown Source)
	at org.testng.SuiteRunner$SuiteWorker.run(Unknown Source)
	at org.testng.internal.thread.ThreadUtil.a(Unknown Source)
	at java.base/java.util.concurrent.FutureTask.run(FutureTask.java:264)
	at java.base/java.util.concurrent.ThreadPoolExecutor.runWorker(ThreadPoolExecutor.java:1128)
	at java.base/java.util.concurrent.ThreadPoolExecutor$Worker.run(ThreadPoolExecutor.java:628)
	at java.base/java.lang.Thread.run(Thread.java:834)
&amp#27;[0m
  &amp#27;[36mThen &amp#27;[0m&amp#27;[36mUser should be able to login&amp#27;[0m                                                                                                                   &amp#27;[90m# stepDefinitions.LoginPageStepDefinitions.user_should_be_able_to_login()&amp#27;[0m
  &amp#27;[36mThen &amp#27;[0m&amp#27;[36mUser clicks on the pre-planning icon in homepage&amp#27;[0m                                                                                               &amp#27;[90m# stepDefinitions.HomePageStepDefinitions.user_clicks_on_the_pre_planning_icon_in_homepage()&amp#27;[0m
  &amp#27;[36mAnd &amp#27;[0m&amp#27;[36mUser clicks on Frac Sequence Planning in menu tab&amp#27;[0m                                                                                               &amp#27;[90m# stepDefinitions.PrePlanningStepDefinitions.user_clicks_on_frac_sequence_planning_in_menu_tab()&amp#27;[0m
  &amp#27;[36mThen &amp#27;[0m&amp#27;[36mCheck whether the default value is &amp#27;[0m&amp#27;[36m&amp#27;[1m2.0&amp#27;[0m&amp#27;[36m in Wireline Run time for API units&amp#27;[0m                                                                      &amp#27;[90m# stepDefinitions.PrePlanningMenuPageStepDefinitions.check_whether_the_default_value_is_in_wireline_run_time_for_api_units(java.lang.Double)&amp#27;[0m
  &amp#27;[36mThen &amp#27;[0m&amp#27;[36mSelect units as API and Give values  &amp#27;[0m&amp#27;[36m&amp#27;[1m0.11&amp#27;[0m&amp#27;[36m, &amp#27;[0m&amp#27;[36m&amp#27;[1m0.1&amp#27;[0m&amp#27;[36m, &amp#27;[0m&amp#27;[36m&amp#27;[1m5.0&amp#27;[0m&amp#27;[36m and &amp#27;[0m&amp#27;[36m&amp#27;[1m4.9&amp#27;[0m&amp#27;[36m in Wireline Run time Tab and the values should be accepted&amp#27;[0m                         &amp#27;[90m# stepDefinitions.PrePlanningMenuPageStepDefinitions.select_units_as_api_and_give_values_and_in_wireline_run_time_tab_and_the_values_should_be_accepted(java.lang.Double,java.lang.Double,java.lang.Double,java.lang.Double)&amp#27;[0m
      &amp#27;[31mjava.lang.IllegalArgumentException: Multiple entries with same key: appium:app=bs://sample.app and appium:app=bs://c0f7fb58da2572be3153c560f9e6e13efa1dfc2d
	at com.google.common.collect.ImmutableMap.a(Unknown Source)
	at com.google.common.collect.ImmutableMap.a(Unknown Source)
	at com.google.common.collect.RegularImmutableMap.a(Unknown Source)
	at com.google.common.collect.RegularImmutableMap.b(Unknown Source)
	at com.google.common.collect.RegularImmutableMap.a(Unknown Source)
	at com.google.common.collect.ImmutableMap$Builder.a(Unknown Source)
	at com.google.common.collect.ImmutableMap$Builder.buildOrThrow(Unknown Source)
	at com.google.common.collect.ImmutableMap$Builder.build(Unknown Source)
	at java.base/java.util.stream.ReferencePipeline.collect(ReferencePipeline.java:582)
	at io.appium.java_client.remote.AppiumNewSessionCommandPayload.makeW3CSafe(AppiumNewSessionCommandPayload.java:40)
	at io.appium.java_client.remote.AppiumNewSessionCommandPayload.<init>(AppiumNewSessionCommandPayload.java:54)
	at io.appium.java_client.AppiumDriver.startSession(AppiumDriver.java:274)
	at org.openqa.selenium.remote.RemoteWebDriver.<init>(RemoteWebDriver.java:163)
	at io.appium.java_client.AppiumDriver.<init>(AppiumDriver.java:89)
	at io.appium.java_client.AppiumDriver.<init>(AppiumDriver.java:101)
	at io.appium.java_client.ios.IOSDriver.<init>(IOSDriver.java:104)
	at utils.TestBase.setup(TestBase.java:40)
	at utils.TestContextSetup.<init>(TestContextSetup.java:19)
	at java.base/jdk.internal.reflect.NativeConstructorAccessorImpl.newInstance0(Native Method)
	at java.base/jdk.internal.reflect.NativeConstructorAccessorImpl.newInstance(NativeConstructorAccessorImpl.java:62)
	at java.base/jdk.internal.reflect.DelegatingConstructorAccessorImpl.newInstance(DelegatingConstructorAccessorImpl.java:45)
	at java.base/java.lang.reflect.Constructor.newInstance(Constructor.java:490)
	at org.picocontainer.injectors.AbstractInjector.newInstance(AbstractInjector.java:145)
	at org.picocontainer.injectors.ConstructorInjector$1.run(ConstructorInjector.java:342)
	at org.picocontainer.injectors.AbstractInjector$ThreadLocalCyclicDependencyGuard.observe(AbstractInjector.java:270)
	at org.picocontainer.injectors.ConstructorInjector.getComponentInstance(ConstructorInjector.java:364)
	at org.picocontainer.injectors.AbstractInjectionFactory$LifecycleAdapter.getComponentInstance(AbstractInjectionFactory.java:56)
	at org.picocontainer.behaviors.AbstractBehavior.getComponentInstance(AbstractBehavior.java:64)
	at org.picocontainer.behaviors.Stored.getComponentInstance(Stored.java:91)
	at org.picocontainer.DefaultPicoContainer.getInstance(DefaultPicoContainer.java:699)
	at org.picocontainer.DefaultPicoContainer.getComponent(DefaultPicoContainer.java:647)
	at org.picocontainer.DefaultPicoContainer.getComponent(DefaultPicoContainer.java:632)
	at org.picocontainer.parameters.BasicComponentParameter$1.resolveInstance(BasicComponentParameter.java:118)
	at org.picocontainer.parameters.ComponentParameter$1.resolveInstance(ComponentParameter.java:136)
	at org.picocontainer.injectors.SingleMemberInjector.getParameter(SingleMemberInjector.java:78)
	at org.picocontainer.injectors.ConstructorInjector$CtorAndAdapters.getParameterArguments(ConstructorInjector.java:309)
	at org.picocontainer.injectors.ConstructorInjector$1.run(ConstructorInjector.java:335)
	at org.picocontainer.injectors.AbstractInjector$ThreadLocalCyclicDependencyGuard.observe(AbstractInjector.java:270)
	at org.picocontainer.injectors.ConstructorInjector.getComponentInstance(ConstructorInjector.java:364)
	at org.picocontainer.injectors.AbstractInjectionFactory$LifecycleAdapter.getComponentInstance(AbstractInjectionFactory.java:56)
	at org.picocontainer.behaviors.AbstractBehavior.getComponentInstance(AbstractBehavior.java:64)
	at org.picocontainer.behaviors.Stored.getComponentInstance(Stored.java:91)
	at org.picocontainer.DefaultPicoContainer.getInstance(DefaultPicoContainer.java:699)
	at org.picocontainer.DefaultPicoContainer.getComponent(DefaultPicoContainer.java:647)
	at org.picocontainer.DefaultPicoContainer.getComponent(DefaultPicoContainer.java:678)
	at io.cucumber.picocontainer.PicoFactory.getInstance(PicoFactory.java:64)
	at io.cucumber.java.AbstractGlueDefinition.invokeMethod(AbstractGlueDefinition.java:47)
	at io.cucumber.java.JavaHookDefinition.execute(JavaHookDefinition.java:64)
	at io.cucumber.core.runner.CoreHookDefinition.execute(CoreHookDefinition.java:46)
	at io.cucumber.core.runner.HookDefinitionMatch.runStep(HookDefinitionMatch.java:21)
	at io.cucumber.core.runner.ExecutionMode$1.execute(ExecutionMode.java:10)
	at io.cucumber.core.runner.TestStep.executeStep(TestStep.java:84)
	at io.cucumber.core.runner.TestStep.run(TestStep.java:56)
	at io.cucumber.core.runner.PickleStepTestStep.run(PickleStepTestStep.java:56)
	at io.cucumber.core.runner.TestCase.run(TestCase.java:84)
	at io.cucumber.core.runner.Runner.runPickle(Runner.java:75)
	at io.cucumber.testng.TestNGCucumberRunner.lambda$runScenario$1(TestNGCucumberRunner.java:132)
	at io.cucumber.core.runtime.CucumberExecutionContext.lambda$runTestCase$5(CucumberExecutionContext.java:137)
	at io.cucumber.core.runtime.RethrowingThrowableCollector.executeAndThrow(RethrowingThrowableCollector.java:23)
	at io.cucumber.core.runtime.CucumberExecutionContext.runTestCase(CucumberExecutionContext.java:137)
	at io.cucumber.testng.TestNGCucumberRunner.runScenario(TestNGCucumberRunner.java:129)
	at io.cucumber.testng.AbstractTestNGCucumberTests.runScenario(AbstractTestNGCucumberTests.java:35)
	at java.base/jdk.internal.reflect.NativeMethodAccessorImpl.invoke0(Native Method)
	at java.base/jdk.internal.reflect.NativeMethodAccessorImpl.invoke(NativeMethodAccessorImpl.java:62)
	at java.base/jdk.internal.reflect.DelegatingMethodAccessorImpl.invoke(DelegatingMethodAccessorImpl.java:43)
	at java.base/java.lang.reflect.Method.invoke(Method.java:566)
	at org.testng.internal.invokers.MethodInvocationHelper.invokeMethod(Unknown Source)
	at org.testng.internal.invokers.TestInvoker.a(Unknown Source)
	at org.testng.internal.invokers.TestInvoker.invokeTestMethod(Unknown Source)
	at org.testng.internal.invokers.MethodRunner.runInSequence(Unknown Source)
	at org.testng.internal.invokers.TestInvoker$MethodInvocationAgent.a(Unknown Source)
	at org.testng.internal.invokers.TestInvoker.invokeTestMethods(Unknown Source)
	at org.testng.internal.invokers.TestMethodWorker.invokeTestMethods(Unknown Source)
	at org.testng.internal.invokers.TestMethodWorker.run(Unknown Source)
	at java.base/java.util.ArrayList.forEach(ArrayList.java:1541)
	at org.testng.TestRunner.a(Unknown Source)
	at org.testng.TestRunner.run(Unknown Source)
	at org.testng.SuiteRunner.a(Unknown Source)
	at org.testng.SuiteRunner.a(Unknown Source)
	at org.testng.SuiteRunner$SuiteWorker.run(Unknown Source)
	at org.testng.internal.thread.ThreadUtil.a(Unknown Source)
	at java.base/java.util.concurrent.FutureTask.run(FutureTask.java:264)
	at java.base/java.util.concurrent.ThreadPoolExecutor.runWorker(ThreadPoolExecutor.java:1128)
	at java.base/java.util.concurrent.ThreadPoolExecutor$Worker.run(ThreadPoolExecutor.java:628)
	at java.base/java.lang.Thread.run(Thread.java:834)
&amp#27;[0m
  &amp#27;[36mWhen &amp#27;[0m&amp#27;[36mUser logs in with username &amp#27;[0m&amp#27;[36m&amp#27;[1m"rajyalakshmi724@gmail.com"&amp#27;[0m&amp#27;[36m and password &amp#27;[0m&amp#27;[36m&amp#27;[1m"Amma@31348286"&amp#27;[0m                                                            &amp#27;[90m# stepDefinitions.LoginPageStepDefinitions.user_logs_in_with_username_and_password(java.lang.String,java.lang.String)&amp#27;[0m
  &amp#27;[36mThen &amp#27;[0m&amp#27;[36mUser should be able to login&amp#27;[0m                                                                                                                   &amp#27;[90m# stepDefinitions.LoginPageStepDefinitions.user_should_be_able_to_login()&amp#27;[0m
  &amp#27;[36mThen &amp#27;[0m&amp#27;[36mUser clicks on the pre-planning icon in homepage&amp#27;[0m                                                                                               &amp#27;[90m# stepDefinitions.HomePageStepDefinitions.user_clicks_on_the_pre_planning_icon_in_homepage()&amp#27;[0m
  &amp#27;[36mAnd &amp#27;[0m&amp#27;[36mUser clicks on Frac Sequence Planning in menu tab&amp#27;[0m                                                                                               &amp#27;[90m# stepDefinitions.PrePlanningStepDefinitions.user_clicks_on_frac_sequence_planning_in_menu_tab()&amp#27;[0m
  &amp#27;[36mThen &amp#27;[0m&amp#27;[36mCheck whether the default value is &amp#27;[0m&amp#27;[36m&amp#27;[1m2.0&amp#27;[0m&amp#27;[36m in Wireline Run time for API units&amp#27;[0m                                                                      &amp#27;[90m# stepDefinitions.PrePlanningMenuPageStepDefinitions.check_whether_the_default_value_is_in_wireline_run_time_for_api_units(java.lang.Double)&amp#27;[0m
  &amp#27;[36mThen &amp#27;[0m&amp#27;[36mSelect units as API and Give values  &amp#27;[0m&amp#27;[36m&amp#27;[1m0.11&amp#27;[0m&amp#27;[36m, &amp#27;[0m&amp#27;[36m&amp#27;[1m0.1&amp#27;[0m&amp#27;[36m, &amp#27;[0m&amp#27;[36m&amp#27;[1m5.0&amp#27;[0m&amp#27;[36m and &amp#27;[0m&amp#27;[36m&amp#27;[1m4.9&amp#27;[0m&amp#27;[36m in Wireline Run time Tab and the values should be accepted&amp#27;[0m                         &amp#27;[90m# stepDefinitions.PrePlanningMenuPageStepDefinitions.select_units_as_api_and_give_values_and_in_wireline_run_time_tab_and_the_values_should_be_accepted(java.lang.Double,java.lang.Double,java.lang.Double,java.lang.Double)&amp#27;[0m
]]></system-out>
  </testcase>
  <testcase name="runScenario" classname="cucumberOptions.TestNGTestRunner" time="0.409">
    <failure message="Multiple entries with same key: appium:app=bs://sample.app and appium:app=bs://c0f7fb58da2572be3153c560f9e6e13efa1dfc2d" type="java.lang.IllegalArgumentException">java.lang.IllegalArgumentException: Multiple entries with same key: appium:app=bs://sample.app and appium:app=bs://c0f7fb58da2572be3153c560f9e6e13efa1dfc2d
</failure>
  </testcase>
  <testcase name="runScenario" classname="cucumberOptions.TestNGTestRunner" time="0.09">
    <failure message="Multiple entries with same key: appium:app=bs://sample.app and appium:app=bs://c0f7fb58da2572be3153c560f9e6e13efa1dfc2d" type="java.lang.IllegalArgumentException">java.lang.IllegalArgumentException: Multiple entries with same key: appium:app=bs://sample.app and appium:app=bs://c0f7fb58da2572be3153c560f9e6e13efa1dfc2d
</failure>
  </testcase>
  <testcase name="runScenario" classname="cucumberOptions.TestNGTestRunner" time="6.994">
    <failure message="Multiple entries with same key: appium:app=bs://sample.app and appium:app=bs://c0f7fb58da2572be3153c560f9e6e13efa1dfc2d" type="java.lang.IllegalArgumentException">java.lang.IllegalArgumentException: Multiple entries with same key: appium:app=bs://sample.app and appium:app=bs://c0f7fb58da2572be3153c560f9e6e13efa1dfc2d
</failure>
    <system-out><![CDATA[
@US121942
Scenario: TC122296 Verify for SI Units(dec) – Range-->  MIN 0.1 -->MAX 5.0 for Default value – 2.0(Wireline Run time, Stack Frac portion only) &amp#27;[90m# src/test/java/features/US121942.feature:23&amp#27;[0m
  &amp#27;[31mGiven &amp#27;[0m&amp#27;[31mUser launches the mobile application&amp#27;[0m                                                                                                   &amp#27;[90m# stepDefinitions.LoginPageStepDefinitions.user_launches_the_mobile_application()&amp#27;[0m
      &amp#27;[31mjava.lang.IllegalArgumentException: Multiple entries with same key: appium:app=bs://sample.app and appium:app=bs://c0f7fb58da2572be3153c560f9e6e13efa1dfc2d
	at com.google.common.collect.ImmutableMap.a(Unknown Source)
	at com.google.common.collect.ImmutableMap.a(Unknown Source)
	at com.google.common.collect.RegularImmutableMap.a(Unknown Source)
	at com.google.common.collect.RegularImmutableMap.b(Unknown Source)
	at com.google.common.collect.RegularImmutableMap.a(Unknown Source)
	at com.google.common.collect.ImmutableMap$Builder.a(Unknown Source)
	at com.google.common.collect.ImmutableMap$Builder.buildOrThrow(Unknown Source)
	at com.google.common.collect.ImmutableMap$Builder.build(Unknown Source)
	at java.base/java.util.stream.ReferencePipeline.collect(ReferencePipeline.java:582)
	at io.appium.java_client.remote.AppiumNewSessionCommandPayload.makeW3CSafe(AppiumNewSessionCommandPayload.java:40)
	at io.appium.java_client.remote.AppiumNewSessionCommandPayload.<init>(AppiumNewSessionCommandPayload.java:54)
	at io.appium.java_client.AppiumDriver.startSession(AppiumDriver.java:274)
	at org.openqa.selenium.remote.RemoteWebDriver.<init>(RemoteWebDriver.java:163)
	at io.appium.java_client.AppiumDriver.<init>(AppiumDriver.java:89)
	at io.appium.java_client.AppiumDriver.<init>(AppiumDriver.java:101)
	at io.appium.java_client.ios.IOSDriver.<init>(IOSDriver.java:104)
	at utils.TestBase.setup(TestBase.java:40)
	at utils.TestContextSetup.<init>(TestContextSetup.java:19)
	at java.base/jdk.internal.reflect.NativeConstructorAccessorImpl.newInstance0(Native Method)
	at java.base/jdk.internal.reflect.NativeConstructorAccessorImpl.newInstance(NativeConstructorAccessorImpl.java:62)
	at java.base/jdk.internal.reflect.DelegatingConstructorAccessorImpl.newInstance(DelegatingConstructorAccessorImpl.java:45)
	at java.base/java.lang.reflect.Constructor.newInstance(Constructor.java:490)
	at org.picocontainer.injectors.AbstractInjector.newInstance(AbstractInjector.java:145)
	at org.picocontainer.injectors.ConstructorInjector$1.run(ConstructorInjector.java:342)
	at org.picocontainer.injectors.AbstractInjector$ThreadLocalCyclicDependencyGuard.observe(AbstractInjector.java:270)
	at org.picocontainer.injectors.ConstructorInjector.getComponentInstance(ConstructorInjector.java:364)
	at org.picocontainer.injectors.AbstractInjectionFactory$LifecycleAdapter.getComponentInstance(AbstractInjectionFactory.java:56)
	at org.picocontainer.behaviors.AbstractBehavior.getComponentInstance(AbstractBehavior.java:64)
	at org.picocontainer.behaviors.Stored.getComponentInstance(Stored.java:91)
	at org.picocontainer.DefaultPicoContainer.getInstance(DefaultPicoContainer.java:699)
	at org.picocontainer.DefaultPicoContainer.getComponent(DefaultPicoContainer.java:647)
	at org.picocontainer.DefaultPicoContainer.getComponent(DefaultPicoContainer.java:632)
	at org.picocontainer.parameters.BasicComponentParameter$1.resolveInstance(BasicComponentParameter.java:118)
	at org.picocontainer.parameters.ComponentParameter$1.resolveInstance(ComponentParameter.java:136)
	at org.picocontainer.injectors.SingleMemberInjector.getParameter(SingleMemberInjector.java:78)
	at org.picocontainer.injectors.ConstructorInjector$CtorAndAdapters.getParameterArguments(ConstructorInjector.java:309)
	at org.picocontainer.injectors.ConstructorInjector$1.run(ConstructorInjector.java:335)
	at org.picocontainer.injectors.AbstractInjector$ThreadLocalCyclicDependencyGuard.observe(AbstractInjector.java:270)
	at org.picocontainer.injectors.ConstructorInjector.getComponentInstance(ConstructorInjector.java:364)
	at org.picocontainer.injectors.AbstractInjectionFactory$LifecycleAdapter.getComponentInstance(AbstractInjectionFactory.java:56)
	at org.picocontainer.behaviors.AbstractBehavior.getComponentInstance(AbstractBehavior.java:64)
	at org.picocontainer.behaviors.Stored.getComponentInstance(Stored.java:91)
	at org.picocontainer.DefaultPicoContainer.getInstance(DefaultPicoContainer.java:699)
	at org.picocontainer.DefaultPicoContainer.getComponent(DefaultPicoContainer.java:647)
	at org.picocontainer.DefaultPicoContainer.getComponent(DefaultPicoContainer.java:678)
	at io.cucumber.picocontainer.PicoFactory.getInstance(PicoFactory.java:64)
	at io.cucumber.java.AbstractGlueDefinition.invokeMethod(AbstractGlueDefinition.java:47)
	at io.cucumber.java.JavaStepDefinition.execute(JavaStepDefinition.java:29)
	at io.cucumber.core.runner.CoreStepDefinition.execute(CoreStepDefinition.java:66)
	at io.cucumber.core.runner.PickleStepDefinitionMatch.runStep(PickleStepDefinitionMatch.java:63)
	at io.cucumber.core.runner.ExecutionMode$1.execute(ExecutionMode.java:10)
	at io.cucumber.core.runner.TestStep.executeStep(TestStep.java:84)
	at io.cucumber.core.runner.TestStep.run(TestStep.java:56)
	at io.cucumber.core.runner.PickleStepTestStep.run(PickleStepTestStep.java:51)
	at io.cucumber.core.runner.TestCase.run(TestCase.java:84)
	at io.cucumber.core.runner.Runner.runPickle(Runner.java:75)
	at io.cucumber.testng.TestNGCucumberRunner.lambda$runScenario$1(TestNGCucumberRunner.java:132)
	at io.cucumber.core.runtime.CucumberExecutionContext.lambda$runTestCase$5(CucumberExecutionContext.java:137)
	at io.cucumber.core.runtime.RethrowingThrowableCollector.executeAndThrow(RethrowingThrowableCollector.java:23)
	at io.cucumber.core.runtime.CucumberExecutionContext.runTestCase(CucumberExecutionContext.java:137)
	at io.cucumber.testng.TestNGCucumberRunner.runScenario(TestNGCucumberRunner.java:129)
	at io.cucumber.testng.AbstractTestNGCucumberTests.runScenario(AbstractTestNGCucumberTests.java:35)
	at java.base/jdk.internal.reflect.NativeMethodAccessorImpl.invoke0(Native Method)
	at java.base/jdk.internal.reflect.NativeMethodAccessorImpl.invoke(NativeMethodAccessorImpl.java:62)
	at java.base/jdk.internal.reflect.DelegatingMethodAccessorImpl.invoke(DelegatingMethodAccessorImpl.java:43)
	at java.base/java.lang.reflect.Method.invoke(Method.java:566)
	at org.testng.internal.invokers.MethodInvocationHelper.invokeMethod(Unknown Source)
	at org.testng.internal.invokers.TestInvoker.a(Unknown Source)
	at org.testng.internal.invokers.TestInvoker.invokeTestMethod(Unknown Source)
	at org.testng.internal.invokers.MethodRunner.runInSequence(Unknown Source)
	at org.testng.internal.invokers.TestInvoker$MethodInvocationAgent.a(Unknown Source)
	at org.testng.internal.invokers.TestInvoker.invokeTestMethods(Unknown Source)
	at org.testng.internal.invokers.TestMethodWorker.invokeTestMethods(Unknown Source)
	at org.testng.internal.invokers.TestMethodWorker.run(Unknown Source)
	at java.base/java.util.ArrayList.forEach(ArrayList.java:1541)
	at org.testng.TestRunner.a(Unknown Source)
	at org.testng.TestRunner.run(Unknown Source)
	at org.testng.SuiteRunner.a(Unknown Source)
	at org.testng.SuiteRunner.a(Unknown Source)
	at org.testng.SuiteRunner$SuiteWorker.run(Unknown Source)
	at org.testng.internal.thread.ThreadUtil.a(Unknown Source)
	at java.base/java.util.concurrent.FutureTask.run(FutureTask.java:264)
	at java.base/java.util.concurrent.ThreadPoolExecutor.runWorker(ThreadPoolExecutor.java:1128)
	at java.base/java.util.concurrent.ThreadPoolExecutor$Worker.run(ThreadPoolExecutor.java:628)
	at java.base/java.lang.Thread.run(Thread.java:834)
&amp#27;[0m
      &amp#27;[31mjava.lang.IllegalArgumentException: Multiple entries with same key: appium:app=bs://sample.app and appium:app=bs://c0f7fb58da2572be3153c560f9e6e13efa1dfc2d
	at com.google.common.collect.ImmutableMap.a(Unknown Source)
	at com.google.common.collect.ImmutableMap.a(Unknown Source)
	at com.google.common.collect.RegularImmutableMap.a(Unknown Source)
	at com.google.common.collect.RegularImmutableMap.b(Unknown Source)
	at com.google.common.collect.RegularImmutableMap.a(Unknown Source)
	at com.google.common.collect.ImmutableMap$Builder.a(Unknown Source)
	at com.google.common.collect.ImmutableMap$Builder.buildOrThrow(Unknown Source)
	at com.google.common.collect.ImmutableMap$Builder.build(Unknown Source)
	at java.base/java.util.stream.ReferencePipeline.collect(ReferencePipeline.java:582)
	at io.appium.java_client.remote.AppiumNewSessionCommandPayload.makeW3CSafe(AppiumNewSessionCommandPayload.java:40)
	at io.appium.java_client.remote.AppiumNewSessionCommandPayload.<init>(AppiumNewSessionCommandPayload.java:54)
	at io.appium.java_client.AppiumDriver.startSession(AppiumDriver.java:274)
	at org.openqa.selenium.remote.RemoteWebDriver.<init>(RemoteWebDriver.java:163)
	at io.appium.java_client.AppiumDriver.<init>(AppiumDriver.java:89)
	at io.appium.java_client.AppiumDriver.<init>(AppiumDriver.java:101)
	at io.appium.java_client.ios.IOSDriver.<init>(IOSDriver.java:104)
	at utils.TestBase.setup(TestBase.java:40)
	at utils.TestContextSetup.<init>(TestContextSetup.java:19)
	at java.base/jdk.internal.reflect.NativeConstructorAccessorImpl.newInstance0(Native Method)
	at java.base/jdk.internal.reflect.NativeConstructorAccessorImpl.newInstance(NativeConstructorAccessorImpl.java:62)
	at java.base/jdk.internal.reflect.DelegatingConstructorAccessorImpl.newInstance(DelegatingConstructorAccessorImpl.java:45)
	at java.base/java.lang.reflect.Constructor.newInstance(Constructor.java:490)
	at org.picocontainer.injectors.AbstractInjector.newInstance(AbstractInjector.java:145)
	at org.picocontainer.injectors.ConstructorInjector$1.run(ConstructorInjector.java:342)
	at org.picocontainer.injectors.AbstractInjector$ThreadLocalCyclicDependencyGuard.observe(AbstractInjector.java:270)
	at org.picocontainer.injectors.ConstructorInjector.getComponentInstance(ConstructorInjector.java:364)
	at org.picocontainer.injectors.AbstractInjectionFactory$LifecycleAdapter.getComponentInstance(AbstractInjectionFactory.java:56)
	at org.picocontainer.behaviors.AbstractBehavior.getComponentInstance(AbstractBehavior.java:64)
	at org.picocontainer.behaviors.Stored.getComponentInstance(Stored.java:91)
	at org.picocontainer.DefaultPicoContainer.getInstance(DefaultPicoContainer.java:699)
	at org.picocontainer.DefaultPicoContainer.getComponent(DefaultPicoContainer.java:647)
	at org.picocontainer.DefaultPicoContainer.getComponent(DefaultPicoContainer.java:632)
	at org.picocontainer.parameters.BasicComponentParameter$1.resolveInstance(BasicComponentParameter.java:118)
	at org.picocontainer.parameters.ComponentParameter$1.resolveInstance(ComponentParameter.java:136)
	at org.picocontainer.injectors.SingleMemberInjector.getParameter(SingleMemberInjector.java:78)
	at org.picocontainer.injectors.ConstructorInjector$CtorAndAdapters.getParameterArguments(ConstructorInjector.java:309)
	at org.picocontainer.injectors.ConstructorInjector$1.run(ConstructorInjector.java:335)
	at org.picocontainer.injectors.AbstractInjector$ThreadLocalCyclicDependencyGuard.observe(AbstractInjector.java:270)
	at org.picocontainer.injectors.ConstructorInjector.getComponentInstance(ConstructorInjector.java:364)
	at org.picocontainer.injectors.AbstractInjectionFactory$LifecycleAdapter.getComponentInstance(AbstractInjectionFactory.java:56)
	at org.picocontainer.behaviors.AbstractBehavior.getComponentInstance(AbstractBehavior.java:64)
	at org.picocontainer.behaviors.Stored.getComponentInstance(Stored.java:91)
	at org.picocontainer.DefaultPicoContainer.getInstance(DefaultPicoContainer.java:699)
	at org.picocontainer.DefaultPicoContainer.getComponent(DefaultPicoContainer.java:647)
	at org.picocontainer.DefaultPicoContainer.getComponent(DefaultPicoContainer.java:678)
	at io.cucumber.picocontainer.PicoFactory.getInstance(PicoFactory.java:64)
	at io.cucumber.java.AbstractGlueDefinition.invokeMethod(AbstractGlueDefinition.java:47)
	at io.cucumber.java.JavaHookDefinition.execute(JavaHookDefinition.java:64)
	at io.cucumber.core.runner.CoreHookDefinition.execute(CoreHookDefinition.java:46)
	at io.cucumber.core.runner.HookDefinitionMatch.runStep(HookDefinitionMatch.java:21)
	at io.cucumber.core.runner.ExecutionMode$1.execute(ExecutionMode.java:10)
	at io.cucumber.core.runner.TestStep.executeStep(TestStep.java:84)
	at io.cucumber.core.runner.TestStep.run(TestStep.java:56)
	at io.cucumber.core.runner.PickleStepTestStep.run(PickleStepTestStep.java:56)
	at io.cucumber.core.runner.TestCase.run(TestCase.java:84)
	at io.cucumber.core.runner.Runner.runPickle(Runner.java:75)
	at io.cucumber.testng.TestNGCucumberRunner.lambda$runScenario$1(TestNGCucumberRunner.java:132)
	at io.cucumber.core.runtime.CucumberExecutionContext.lambda$runTestCase$5(CucumberExecutionContext.java:137)
	at io.cucumber.core.runtime.RethrowingThrowableCollector.executeAndThrow(RethrowingThrowableCollector.java:23)
	at io.cucumber.core.runtime.CucumberExecutionContext.runTestCase(CucumberExecutionContext.java:137)
	at io.cucumber.testng.TestNGCucumberRunner.runScenario(TestNGCucumberRunner.java:129)
	at io.cucumber.testng.AbstractTestNGCucumberTests.runScenario(AbstractTestNGCucumberTests.java:35)
	at java.base/jdk.internal.reflect.NativeMethodAccessorImpl.invoke0(Native Method)
	at java.base/jdk.internal.reflect.NativeMethodAccessorImpl.invoke(NativeMethodAccessorImpl.java:62)
	at java.base/jdk.internal.reflect.DelegatingMethodAccessorImpl.invoke(DelegatingMethodAccessorImpl.java:43)
	at java.base/java.lang.reflect.Method.invoke(Method.java:566)
	at org.testng.internal.invokers.MethodInvocationHelper.invokeMethod(Unknown Source)
	at org.testng.internal.invokers.TestInvoker.a(Unknown Source)
	at org.testng.internal.invokers.TestInvoker.invokeTestMethod(Unknown Source)
	at org.testng.internal.invokers.MethodRunner.runInSequence(Unknown Source)
	at org.testng.internal.invokers.TestInvoker$MethodInvocationAgent.a(Unknown Source)
	at org.testng.internal.invokers.TestInvoker.invokeTestMethods(Unknown Source)
	at org.testng.internal.invokers.TestMethodWorker.invokeTestMethods(Unknown Source)
	at org.testng.internal.invokers.TestMethodWorker.run(Unknown Source)
	at java.base/java.util.ArrayList.forEach(ArrayList.java:1541)
	at org.testng.TestRunner.a(Unknown Source)
	at org.testng.TestRunner.run(Unknown Source)
	at org.testng.SuiteRunner.a(Unknown Source)
	at org.testng.SuiteRunner.a(Unknown Source)
	at org.testng.SuiteRunner$SuiteWorker.run(Unknown Source)
	at org.testng.internal.thread.ThreadUtil.a(Unknown Source)
	at java.base/java.util.concurrent.FutureTask.run(FutureTask.java:264)
	at java.base/java.util.concurrent.ThreadPoolExecutor.runWorker(ThreadPoolExecutor.java:1128)
	at java.base/java.util.concurrent.ThreadPoolExecutor$Worker.run(ThreadPoolExecutor.java:628)
	at java.base/java.lang.Thread.run(Thread.java:834)
&amp#27;[0m
  &amp#27;[36mWhen &amp#27;[0m&amp#27;[36mUser logs in with username &amp#27;[0m&amp#27;[36m&amp#27;[1m"rajyalakshmi724@gmail.com"&amp#27;[0m&amp#27;[36m and password &amp#27;[0m&amp#27;[36m&amp#27;[1m"Amma@31348286"&amp#27;[0m                                                     &amp#27;[90m# stepDefinitions.LoginPageStepDefinitions.user_logs_in_with_username_and_password(java.lang.String,java.lang.String)&amp#27;[0m
  &amp#27;[36mThen &amp#27;[0m&amp#27;[36mUser should be able to login&amp#27;[0m                                                                                                            &amp#27;[90m# stepDefinitions.LoginPageStepDefinitions.user_should_be_able_to_login()&amp#27;[0m
  &amp#27;[36mThen &amp#27;[0m&amp#27;[36mUser clicks on the pre-planning icon in homepage&amp#27;[0m                                                                                        &amp#27;[90m# stepDefinitions.HomePageStepDefinitions.user_clicks_on_the_pre_planning_icon_in_homepage()&amp#27;[0m
  &amp#27;[36mAnd &amp#27;[0m&amp#27;[36mUser clicks on Frac Sequence Planning in menu tab&amp#27;[0m                                                                                        &amp#27;[90m# stepDefinitions.PrePlanningStepDefinitions.user_clicks_on_frac_sequence_planning_in_menu_tab()&amp#27;[0m
  &amp#27;[36mThen &amp#27;[0m&amp#27;[36mCheck whether the default value is &amp#27;[0m&amp#27;[36m&amp#27;[1m2.0&amp#27;[0m&amp#27;[36m in Wireline Run time for SI units&amp#27;[0m                                                                &amp#27;[90m# stepDefinitions.PrePlanningMenuPageStepDefinitions.check_whether_the_default_value_is_in_wireline_run_time_for_si_units(java.lang.Double)&amp#27;[0m
  &amp#27;[36mThen &amp#27;[0m&amp#27;[36mSelect units as SI and Give values  &amp#27;[0m&amp#27;[36m&amp#27;[1m0.11&amp#27;[0m&amp#27;[36m, &amp#27;[0m&amp#27;[36m&amp#27;[1m0.1&amp#27;[0m&amp#27;[36m, &amp#27;[0m&amp#27;[36m&amp#27;[1m5.0&amp#27;[0m&amp#27;[36m and &amp#27;[0m&amp#27;[36m&amp#27;[1m4.9&amp#27;[0m&amp#27;[36m in Wireline Run time Tab and the values should be accepted&amp#27;[0m                   &amp#27;[90m# stepDefinitions.PrePlanningMenuPageStepDefinitions.select_units_as_si_and_give_values_and_in_wireline_run_time_tab_and_the_values_should_be_accepted(java.lang.Double,java.lang.Double,java.lang.Double,java.lang.Double)&amp#27;[0m

@US121942
Scenario: TC122296 Verify for SI Units(dec) – Range-->  MIN 0.1 -->MAX 5.0 for Default value – 2.0(Wireline Run time, Stack Frac portion only) &amp#27;[90m# src/test/java/features/US121942.feature:23&amp#27;[0m
  &amp#27;[31mGiven &amp#27;[0m&amp#27;[31mUser launches the mobile application&amp#27;[0m                                                                                                   &amp#27;[90m# stepDefinitions.LoginPageStepDefinitions.user_launches_the_mobile_application()&amp#27;[0m
      &amp#27;[31mjava.lang.IllegalArgumentException: Multiple entries with same key: appium:app=bs://sample.app and appium:app=bs://c0f7fb58da2572be3153c560f9e6e13efa1dfc2d
	at com.google.common.collect.ImmutableMap.a(Unknown Source)
	at com.google.common.collect.ImmutableMap.a(Unknown Source)
	at com.google.common.collect.RegularImmutableMap.a(Unknown Source)
	at com.google.common.collect.RegularImmutableMap.b(Unknown Source)
	at com.google.common.collect.RegularImmutableMap.a(Unknown Source)
	at com.google.common.collect.ImmutableMap$Builder.a(Unknown Source)
	at com.google.common.collect.ImmutableMap$Builder.buildOrThrow(Unknown Source)
	at com.google.common.collect.ImmutableMap$Builder.build(Unknown Source)
	at java.base/java.util.stream.ReferencePipeline.collect(ReferencePipeline.java:582)
	at io.appium.java_client.remote.AppiumNewSessionCommandPayload.makeW3CSafe(AppiumNewSessionCommandPayload.java:40)
	at io.appium.java_client.remote.AppiumNewSessionCommandPayload.<init>(AppiumNewSessionCommandPayload.java:54)
	at io.appium.java_client.AppiumDriver.startSession(AppiumDriver.java:274)
	at org.openqa.selenium.remote.RemoteWebDriver.<init>(RemoteWebDriver.java:163)
	at io.appium.java_client.AppiumDriver.<init>(AppiumDriver.java:89)
	at io.appium.java_client.AppiumDriver.<init>(AppiumDriver.java:101)
	at io.appium.java_client.ios.IOSDriver.<init>(IOSDriver.java:104)
	at utils.TestBase.setup(TestBase.java:40)
	at utils.TestContextSetup.<init>(TestContextSetup.java:19)
	at java.base/jdk.internal.reflect.NativeConstructorAccessorImpl.newInstance0(Native Method)
	at java.base/jdk.internal.reflect.NativeConstructorAccessorImpl.newInstance(NativeConstructorAccessorImpl.java:62)
	at java.base/jdk.internal.reflect.DelegatingConstructorAccessorImpl.newInstance(DelegatingConstructorAccessorImpl.java:45)
	at java.base/java.lang.reflect.Constructor.newInstance(Constructor.java:490)
	at org.picocontainer.injectors.AbstractInjector.newInstance(AbstractInjector.java:145)
	at org.picocontainer.injectors.ConstructorInjector$1.run(ConstructorInjector.java:342)
	at org.picocontainer.injectors.AbstractInjector$ThreadLocalCyclicDependencyGuard.observe(AbstractInjector.java:270)
	at org.picocontainer.injectors.ConstructorInjector.getComponentInstance(ConstructorInjector.java:364)
	at org.picocontainer.injectors.AbstractInjectionFactory$LifecycleAdapter.getComponentInstance(AbstractInjectionFactory.java:56)
	at org.picocontainer.behaviors.AbstractBehavior.getComponentInstance(AbstractBehavior.java:64)
	at org.picocontainer.behaviors.Stored.getComponentInstance(Stored.java:91)
	at org.picocontainer.DefaultPicoContainer.getInstance(DefaultPicoContainer.java:699)
	at org.picocontainer.DefaultPicoContainer.getComponent(DefaultPicoContainer.java:647)
	at org.picocontainer.DefaultPicoContainer.getComponent(DefaultPicoContainer.java:632)
	at org.picocontainer.parameters.BasicComponentParameter$1.resolveInstance(BasicComponentParameter.java:118)
	at org.picocontainer.parameters.ComponentParameter$1.resolveInstance(ComponentParameter.java:136)
	at org.picocontainer.injectors.SingleMemberInjector.getParameter(SingleMemberInjector.java:78)
	at org.picocontainer.injectors.ConstructorInjector$CtorAndAdapters.getParameterArguments(ConstructorInjector.java:309)
	at org.picocontainer.injectors.ConstructorInjector$1.run(ConstructorInjector.java:335)
	at org.picocontainer.injectors.AbstractInjector$ThreadLocalCyclicDependencyGuard.observe(AbstractInjector.java:270)
	at org.picocontainer.injectors.ConstructorInjector.getComponentInstance(ConstructorInjector.java:364)
	at org.picocontainer.injectors.AbstractInjectionFactory$LifecycleAdapter.getComponentInstance(AbstractInjectionFactory.java:56)
	at org.picocontainer.behaviors.AbstractBehavior.getComponentInstance(AbstractBehavior.java:64)
	at org.picocontainer.behaviors.Stored.getComponentInstance(Stored.java:91)
	at org.picocontainer.DefaultPicoContainer.getInstance(DefaultPicoContainer.java:699)
	at org.picocontainer.DefaultPicoContainer.getComponent(DefaultPicoContainer.java:647)
	at org.picocontainer.DefaultPicoContainer.getComponent(DefaultPicoContainer.java:678)
	at io.cucumber.picocontainer.PicoFactory.getInstance(PicoFactory.java:64)
	at io.cucumber.java.AbstractGlueDefinition.invokeMethod(AbstractGlueDefinition.java:47)
	at io.cucumber.java.JavaStepDefinition.execute(JavaStepDefinition.java:29)
	at io.cucumber.core.runner.CoreStepDefinition.execute(CoreStepDefinition.java:66)
	at io.cucumber.core.runner.PickleStepDefinitionMatch.runStep(PickleStepDefinitionMatch.java:63)
	at io.cucumber.core.runner.ExecutionMode$1.execute(ExecutionMode.java:10)
	at io.cucumber.core.runner.TestStep.executeStep(TestStep.java:84)
	at io.cucumber.core.runner.TestStep.run(TestStep.java:56)
	at io.cucumber.core.runner.PickleStepTestStep.run(PickleStepTestStep.java:51)
	at io.cucumber.core.runner.TestCase.run(TestCase.java:84)
	at io.cucumber.core.runner.Runner.runPickle(Runner.java:75)
	at io.cucumber.testng.TestNGCucumberRunner.lambda$runScenario$1(TestNGCucumberRunner.java:132)
	at io.cucumber.core.runtime.CucumberExecutionContext.lambda$runTestCase$5(CucumberExecutionContext.java:137)
	at io.cucumber.core.runtime.RethrowingThrowableCollector.executeAndThrow(RethrowingThrowableCollector.java:23)
	at io.cucumber.core.runtime.CucumberExecutionContext.runTestCase(CucumberExecutionContext.java:137)
	at io.cucumber.testng.TestNGCucumberRunner.runScenario(TestNGCucumberRunner.java:129)
	at io.cucumber.testng.AbstractTestNGCucumberTests.runScenario(AbstractTestNGCucumberTests.java:35)
	at java.base/jdk.internal.reflect.NativeMethodAccessorImpl.invoke0(Native Method)
	at java.base/jdk.internal.reflect.NativeMethodAccessorImpl.invoke(NativeMethodAccessorImpl.java:62)
	at java.base/jdk.internal.reflect.DelegatingMethodAccessorImpl.invoke(DelegatingMethodAccessorImpl.java:43)
	at java.base/java.lang.reflect.Method.invoke(Method.java:566)
	at org.testng.internal.invokers.MethodInvocationHelper.invokeMethod(Unknown Source)
	at org.testng.internal.invokers.TestInvoker.a(Unknown Source)
	at org.testng.internal.invokers.TestInvoker.invokeTestMethod(Unknown Source)
	at org.testng.internal.invokers.MethodRunner.runInSequence(Unknown Source)
	at org.testng.internal.invokers.TestInvoker$MethodInvocationAgent.a(Unknown Source)
	at org.testng.internal.invokers.TestInvoker.invokeTestMethods(Unknown Source)
	at org.testng.internal.invokers.TestMethodWorker.invokeTestMethods(Unknown Source)
	at org.testng.internal.invokers.TestMethodWorker.run(Unknown Source)
	at java.base/java.util.ArrayList.forEach(ArrayList.java:1541)
	at org.testng.TestRunner.a(Unknown Source)
	at org.testng.TestRunner.run(Unknown Source)
	at org.testng.SuiteRunner.a(Unknown Source)
	at org.testng.SuiteRunner.a(Unknown Source)
	at org.testng.SuiteRunner$SuiteWorker.run(Unknown Source)
	at org.testng.internal.thread.ThreadUtil.a(Unknown Source)
	at java.base/java.util.concurrent.FutureTask.run(FutureTask.java:264)
	at java.base/java.util.concurrent.ThreadPoolExecutor.runWorker(ThreadPoolExecutor.java:1128)
	at java.base/java.util.concurrent.ThreadPoolExecutor$Worker.run(ThreadPoolExecutor.java:628)
	at java.base/java.lang.Thread.run(Thread.java:834)
&amp#27;[0m
      &amp#27;[31mjava.lang.IllegalArgumentException: Multiple entries with same key: appium:app=bs://sample.app and appium:app=bs://c0f7fb58da2572be3153c560f9e6e13efa1dfc2d
	at com.google.common.collect.ImmutableMap.a(Unknown Source)
	at com.google.common.collect.ImmutableMap.a(Unknown Source)
	at com.google.common.collect.RegularImmutableMap.a(Unknown Source)
	at com.google.common.collect.RegularImmutableMap.b(Unknown Source)
	at com.google.common.collect.RegularImmutableMap.a(Unknown Source)
	at com.google.common.collect.ImmutableMap$Builder.a(Unknown Source)
	at com.google.common.collect.ImmutableMap$Builder.buildOrThrow(Unknown Source)
	at com.google.common.collect.ImmutableMap$Builder.build(Unknown Source)
	at java.base/java.util.stream.ReferencePipeline.collect(ReferencePipeline.java:582)
	at io.appium.java_client.remote.AppiumNewSessionCommandPayload.makeW3CSafe(AppiumNewSessionCommandPayload.java:40)
	at io.appium.java_client.remote.AppiumNewSessionCommandPayload.<init>(AppiumNewSessionCommandPayload.java:54)
	at io.appium.java_client.AppiumDriver.startSession(AppiumDriver.java:274)
	at org.openqa.selenium.remote.RemoteWebDriver.<init>(RemoteWebDriver.java:163)
	at io.appium.java_client.AppiumDriver.<init>(AppiumDriver.java:89)
	at io.appium.java_client.AppiumDriver.<init>(AppiumDriver.java:101)
	at io.appium.java_client.ios.IOSDriver.<init>(IOSDriver.java:104)
	at utils.TestBase.setup(TestBase.java:40)
	at utils.TestContextSetup.<init>(TestContextSetup.java:19)
	at java.base/jdk.internal.reflect.NativeConstructorAccessorImpl.newInstance0(Native Method)
	at java.base/jdk.internal.reflect.NativeConstructorAccessorImpl.newInstance(NativeConstructorAccessorImpl.java:62)
	at java.base/jdk.internal.reflect.DelegatingConstructorAccessorImpl.newInstance(DelegatingConstructorAccessorImpl.java:45)
	at java.base/java.lang.reflect.Constructor.newInstance(Constructor.java:490)
	at org.picocontainer.injectors.AbstractInjector.newInstance(AbstractInjector.java:145)
	at org.picocontainer.injectors.ConstructorInjector$1.run(ConstructorInjector.java:342)
	at org.picocontainer.injectors.AbstractInjector$ThreadLocalCyclicDependencyGuard.observe(AbstractInjector.java:270)
	at org.picocontainer.injectors.ConstructorInjector.getComponentInstance(ConstructorInjector.java:364)
	at org.picocontainer.injectors.AbstractInjectionFactory$LifecycleAdapter.getComponentInstance(AbstractInjectionFactory.java:56)
	at org.picocontainer.behaviors.AbstractBehavior.getComponentInstance(AbstractBehavior.java:64)
	at org.picocontainer.behaviors.Stored.getComponentInstance(Stored.java:91)
	at org.picocontainer.DefaultPicoContainer.getInstance(DefaultPicoContainer.java:699)
	at org.picocontainer.DefaultPicoContainer.getComponent(DefaultPicoContainer.java:647)
	at org.picocontainer.DefaultPicoContainer.getComponent(DefaultPicoContainer.java:632)
	at org.picocontainer.parameters.BasicComponentParameter$1.resolveInstance(BasicComponentParameter.java:118)
	at org.picocontainer.parameters.ComponentParameter$1.resolveInstance(ComponentParameter.java:136)
	at org.picocontainer.injectors.SingleMemberInjector.getParameter(SingleMemberInjector.java:78)
	at org.picocontainer.injectors.ConstructorInjector$CtorAndAdapters.getParameterArguments(ConstructorInjector.java:309)
	at org.picocontainer.injectors.ConstructorInjector$1.run(ConstructorInjector.java:335)
	at org.picocontainer.injectors.AbstractInjector$ThreadLocalCyclicDependencyGuard.observe(AbstractInjector.java:270)
	at org.picocontainer.injectors.ConstructorInjector.getComponentInstance(ConstructorInjector.java:364)
	at org.picocontainer.injectors.AbstractInjectionFactory$LifecycleAdapter.getComponentInstance(AbstractInjectionFactory.java:56)
	at org.picocontainer.behaviors.AbstractBehavior.getComponentInstance(AbstractBehavior.java:64)
	at org.picocontainer.behaviors.Stored.getComponentInstance(Stored.java:91)
	at org.picocontainer.DefaultPicoContainer.getInstance(DefaultPicoContainer.java:699)
	at org.picocontainer.DefaultPicoContainer.getComponent(DefaultPicoContainer.java:647)
	at org.picocontainer.DefaultPicoContainer.getComponent(DefaultPicoContainer.java:678)
	at io.cucumber.picocontainer.PicoFactory.getInstance(PicoFactory.java:64)
	at io.cucumber.java.AbstractGlueDefinition.invokeMethod(AbstractGlueDefinition.java:47)
	at io.cucumber.java.JavaHookDefinition.execute(JavaHookDefinition.java:64)
	at io.cucumber.core.runner.CoreHookDefinition.execute(CoreHookDefinition.java:46)
	at io.cucumber.core.runner.HookDefinitionMatch.runStep(HookDefinitionMatch.java:21)
	at io.cucumber.core.runner.ExecutionMode$1.execute(ExecutionMode.java:10)
	at io.cucumber.core.runner.TestStep.executeStep(TestStep.java:84)
	at io.cucumber.core.runner.TestStep.run(TestStep.java:56)
	at io.cucumber.core.runner.PickleStepTestStep.run(PickleStepTestStep.java:56)
	at io.cucumber.core.runner.TestCase.run(TestCase.java:84)
	at io.cucumber.core.runner.Runner.runPickle(Runner.java:75)
	at io.cucumber.testng.TestNGCucumberRunner.lambda$runScenario$1(TestNGCucumberRunner.java:132)
	at io.cucumber.core.runtime.CucumberExecutionContext.lambda$runTestCase$5(CucumberExecutionContext.java:137)
	at io.cucumber.core.runtime.RethrowingThrowableCollector.executeAndThrow(RethrowingThrowableCollector.java:23)
	at io.cucumber.core.runtime.CucumberExecutionContext.runTestCase(CucumberExecutionContext.java:137)
	at io.cucumber.testng.TestNGCucumberRunner.runScenario(TestNGCucumberRunner.java:129)
	at io.cucumber.testng.AbstractTestNGCucumberTests.runScenario(AbstractTestNGCucumberTests.java:35)
	at java.base/jdk.internal.reflect.NativeMethodAccessorImpl.invoke0(Native Method)
	at java.base/jdk.internal.reflect.NativeMethodAccessorImpl.invoke(NativeMethodAccessorImpl.java:62)
	at java.base/jdk.internal.reflect.DelegatingMethodAccessorImpl.invoke(DelegatingMethodAccessorImpl.java:43)
	at java.base/java.lang.reflect.Method.invoke(Method.java:566)
	at org.testng.internal.invokers.MethodInvocationHelper.invokeMethod(Unknown Source)
	at org.testng.internal.invokers.TestInvoker.a(Unknown Source)
	at org.testng.internal.invokers.TestInvoker.invokeTestMethod(Unknown Source)
	at org.testng.internal.invokers.MethodRunner.runInSequence(Unknown Source)
	at org.testng.internal.invokers.TestInvoker$MethodInvocationAgent.a(Unknown Source)
	at org.testng.internal.invokers.TestInvoker.invokeTestMethods(Unknown Source)
	at org.testng.internal.invokers.TestMethodWorker.invokeTestMethods(Unknown Source)
	at org.testng.internal.invokers.TestMethodWorker.run(Unknown Source)
	at java.base/java.util.ArrayList.forEach(ArrayList.java:1541)
	at org.testng.TestRunner.a(Unknown Source)
	at org.testng.TestRunner.run(Unknown Source)
	at org.testng.SuiteRunner.a(Unknown Source)
	at org.testng.SuiteRunner.a(Unknown Source)
	at org.testng.SuiteRunner$SuiteWorker.run(Unknown Source)
	at org.testng.internal.thread.ThreadUtil.a(Unknown Source)
	at java.base/java.util.concurrent.FutureTask.run(FutureTask.java:264)
	at java.base/java.util.concurrent.ThreadPoolExecutor.runWorker(ThreadPoolExecutor.java:1128)
	at java.base/java.util.concurrent.ThreadPoolExecutor$Worker.run(ThreadPoolExecutor.java:628)
	at java.base/java.lang.Thread.run(Thread.java:834)
&amp#27;[0m
  &amp#27;[36mWhen &amp#27;[0m&amp#27;[36mUser logs in with username &amp#27;[0m&amp#27;[36m&amp#27;[1m"rajyalakshmi724@gmail.com"&amp#27;[0m&amp#27;[36m and password &amp#27;[0m&amp#27;[36m&amp#27;[1m"Amma@31348286"&amp#27;[0m                                                     &amp#27;[90m# stepDefinitions.LoginPageStepDefinitions.user_logs_in_with_username_and_password(java.lang.String,java.lang.String)&amp#27;[0m
  &amp#27;[36mThen &amp#27;[0m&amp#27;[36mUser should be able to login&amp#27;[0m                                                                                                            &amp#27;[90m# stepDefinitions.LoginPageStepDefinitions.user_should_be_able_to_login()&amp#27;[0m
  &amp#27;[36mThen &amp#27;[0m&amp#27;[36mUser clicks on the pre-planning icon in homepage&amp#27;[0m                                                                                        &amp#27;[90m# stepDefinitions.HomePageStepDefinitions.user_clicks_on_the_pre_planning_icon_in_homepage()&amp#27;[0m
  &amp#27;[36mAnd &amp#27;[0m&amp#27;[36mUser clicks on Frac Sequence Planning in menu tab&amp#27;[0m                                                                                        &amp#27;[90m# stepDefinitions.PrePlanningStepDefinitions.user_clicks_on_frac_sequence_planning_in_menu_tab()&amp#27;[0m
  &amp#27;[36mThen &amp#27;[0m&amp#27;[36mCheck whether the default value is &amp#27;[0m&amp#27;[36m&amp#27;[1m2.0&amp#27;[0m&amp#27;[36m in Wireline Run time for SI units&amp#27;[0m                                                                &amp#27;[90m# stepDefinitions.PrePlanningMenuPageStepDefinitions.check_whether_the_default_value_is_in_wireline_run_time_for_si_units(java.lang.Double)&amp#27;[0m
  &amp#27;[36mThen &amp#27;[0m&amp#27;[36mSelect units as SI and Give values  &amp#27;[0m&amp#27;[36m&amp#27;[1m0.11&amp#27;[0m&amp#27;[36m, &amp#27;[0m&amp#27;[36m&amp#27;[1m0.1&amp#27;[0m&amp#27;[36m, &amp#27;[0m&amp#27;[36m&amp#27;[1m5.0&amp#27;[0m&amp#27;[36m and &amp#27;[0m&amp#27;[36m&amp#27;[1m4.9&amp#27;[0m&amp#27;[36m in Wireline Run time Tab and the values should be accepted&amp#27;[0m                   &amp#27;[90m# stepDefinitions.PrePlanningMenuPageStepDefinitions.select_units_as_si_and_give_values_and_in_wireline_run_time_tab_and_the_values_should_be_accepted(java.lang.Double,java.lang.Double,java.lang.Double,java.lang.Double)&amp#27;[0m

@US121942
Scenario: TC122296 Verify for SI Units(dec) – Range-->  MIN 0.1 -->MAX 5.0 for Default value – 2.0(Wireline Run time, Stack Frac portion only) &amp#27;[90m# src/test/java/features/US121942.feature:23&amp#27;[0m
  &amp#27;[31mGiven &amp#27;[0m&amp#27;[31mUser launches the mobile application&amp#27;[0m                                                                                                   &amp#27;[90m# stepDefinitions.LoginPageStepDefinitions.user_launches_the_mobile_application()&amp#27;[0m
      &amp#27;[31mjava.lang.IllegalArgumentException: Multiple entries with same key: appium:app=bs://sample.app and appium:app=bs://c0f7fb58da2572be3153c560f9e6e13efa1dfc2d
	at com.google.common.collect.ImmutableMap.a(Unknown Source)
	at com.google.common.collect.ImmutableMap.a(Unknown Source)
	at com.google.common.collect.RegularImmutableMap.a(Unknown Source)
	at com.google.common.collect.RegularImmutableMap.b(Unknown Source)
	at com.google.common.collect.RegularImmutableMap.a(Unknown Source)
	at com.google.common.collect.ImmutableMap$Builder.a(Unknown Source)
	at com.google.common.collect.ImmutableMap$Builder.buildOrThrow(Unknown Source)
	at com.google.common.collect.ImmutableMap$Builder.build(Unknown Source)
	at java.base/java.util.stream.ReferencePipeline.collect(ReferencePipeline.java:582)
	at io.appium.java_client.remote.AppiumNewSessionCommandPayload.makeW3CSafe(AppiumNewSessionCommandPayload.java:40)
	at io.appium.java_client.remote.AppiumNewSessionCommandPayload.<init>(AppiumNewSessionCommandPayload.java:54)
	at io.appium.java_client.AppiumDriver.startSession(AppiumDriver.java:274)
	at org.openqa.selenium.remote.RemoteWebDriver.<init>(RemoteWebDriver.java:163)
	at io.appium.java_client.AppiumDriver.<init>(AppiumDriver.java:89)
	at io.appium.java_client.AppiumDriver.<init>(AppiumDriver.java:101)
	at io.appium.java_client.ios.IOSDriver.<init>(IOSDriver.java:104)
	at utils.TestBase.setup(TestBase.java:40)
	at utils.TestContextSetup.<init>(TestContextSetup.java:19)
	at java.base/jdk.internal.reflect.NativeConstructorAccessorImpl.newInstance0(Native Method)
	at java.base/jdk.internal.reflect.NativeConstructorAccessorImpl.newInstance(NativeConstructorAccessorImpl.java:62)
	at java.base/jdk.internal.reflect.DelegatingConstructorAccessorImpl.newInstance(DelegatingConstructorAccessorImpl.java:45)
	at java.base/java.lang.reflect.Constructor.newInstance(Constructor.java:490)
	at org.picocontainer.injectors.AbstractInjector.newInstance(AbstractInjector.java:145)
	at org.picocontainer.injectors.ConstructorInjector$1.run(ConstructorInjector.java:342)
	at org.picocontainer.injectors.AbstractInjector$ThreadLocalCyclicDependencyGuard.observe(AbstractInjector.java:270)
	at org.picocontainer.injectors.ConstructorInjector.getComponentInstance(ConstructorInjector.java:364)
	at org.picocontainer.injectors.AbstractInjectionFactory$LifecycleAdapter.getComponentInstance(AbstractInjectionFactory.java:56)
	at org.picocontainer.behaviors.AbstractBehavior.getComponentInstance(AbstractBehavior.java:64)
	at org.picocontainer.behaviors.Stored.getComponentInstance(Stored.java:91)
	at org.picocontainer.DefaultPicoContainer.getInstance(DefaultPicoContainer.java:699)
	at org.picocontainer.DefaultPicoContainer.getComponent(DefaultPicoContainer.java:647)
	at org.picocontainer.DefaultPicoContainer.getComponent(DefaultPicoContainer.java:632)
	at org.picocontainer.parameters.BasicComponentParameter$1.resolveInstance(BasicComponentParameter.java:118)
	at org.picocontainer.parameters.ComponentParameter$1.resolveInstance(ComponentParameter.java:136)
	at org.picocontainer.injectors.SingleMemberInjector.getParameter(SingleMemberInjector.java:78)
	at org.picocontainer.injectors.ConstructorInjector$CtorAndAdapters.getParameterArguments(ConstructorInjector.java:309)
	at org.picocontainer.injectors.ConstructorInjector$1.run(ConstructorInjector.java:335)
	at org.picocontainer.injectors.AbstractInjector$ThreadLocalCyclicDependencyGuard.observe(AbstractInjector.java:270)
	at org.picocontainer.injectors.ConstructorInjector.getComponentInstance(ConstructorInjector.java:364)
	at org.picocontainer.injectors.AbstractInjectionFactory$LifecycleAdapter.getComponentInstance(AbstractInjectionFactory.java:56)
	at org.picocontainer.behaviors.AbstractBehavior.getComponentInstance(AbstractBehavior.java:64)
	at org.picocontainer.behaviors.Stored.getComponentInstance(Stored.java:91)
	at org.picocontainer.DefaultPicoContainer.getInstance(DefaultPicoContainer.java:699)
	at org.picocontainer.DefaultPicoContainer.getComponent(DefaultPicoContainer.java:647)
	at org.picocontainer.DefaultPicoContainer.getComponent(DefaultPicoContainer.java:678)
	at io.cucumber.picocontainer.PicoFactory.getInstance(PicoFactory.java:64)
	at io.cucumber.java.AbstractGlueDefinition.invokeMethod(AbstractGlueDefinition.java:47)
	at io.cucumber.java.JavaStepDefinition.execute(JavaStepDefinition.java:29)
	at io.cucumber.core.runner.CoreStepDefinition.execute(CoreStepDefinition.java:66)
	at io.cucumber.core.runner.PickleStepDefinitionMatch.runStep(PickleStepDefinitionMatch.java:63)
	at io.cucumber.core.runner.ExecutionMode$1.execute(ExecutionMode.java:10)
	at io.cucumber.core.runner.TestStep.executeStep(TestStep.java:84)
	at io.cucumber.core.runner.TestStep.run(TestStep.java:56)
	at io.cucumber.core.runner.PickleStepTestStep.run(PickleStepTestStep.java:51)
	at io.cucumber.core.runner.TestCase.run(TestCase.java:84)
	at io.cucumber.core.runner.Runner.runPickle(Runner.java:75)
	at io.cucumber.testng.TestNGCucumberRunner.lambda$runScenario$1(TestNGCucumberRunner.java:132)
	at io.cucumber.core.runtime.CucumberExecutionContext.lambda$runTestCase$5(CucumberExecutionContext.java:137)
	at io.cucumber.core.runtime.RethrowingThrowableCollector.executeAndThrow(RethrowingThrowableCollector.java:23)
	at io.cucumber.core.runtime.CucumberExecutionContext.runTestCase(CucumberExecutionContext.java:137)
	at io.cucumber.testng.TestNGCucumberRunner.runScenario(TestNGCucumberRunner.java:129)
	at io.cucumber.testng.AbstractTestNGCucumberTests.runScenario(AbstractTestNGCucumberTests.java:35)
	at java.base/jdk.internal.reflect.NativeMethodAccessorImpl.invoke0(Native Method)
	at java.base/jdk.internal.reflect.NativeMethodAccessorImpl.invoke(NativeMethodAccessorImpl.java:62)
	at java.base/jdk.internal.reflect.DelegatingMethodAccessorImpl.invoke(DelegatingMethodAccessorImpl.java:43)
	at java.base/java.lang.reflect.Method.invoke(Method.java:566)
	at org.testng.internal.invokers.MethodInvocationHelper.invokeMethod(Unknown Source)
	at org.testng.internal.invokers.TestInvoker.a(Unknown Source)
	at org.testng.internal.invokers.TestInvoker.invokeTestMethod(Unknown Source)
	at org.testng.internal.invokers.MethodRunner.runInSequence(Unknown Source)
	at org.testng.internal.invokers.TestInvoker$MethodInvocationAgent.a(Unknown Source)
	at org.testng.internal.invokers.TestInvoker.invokeTestMethods(Unknown Source)
	at org.testng.internal.invokers.TestMethodWorker.invokeTestMethods(Unknown Source)
	at org.testng.internal.invokers.TestMethodWorker.run(Unknown Source)
	at java.base/java.util.ArrayList.forEach(ArrayList.java:1541)
	at org.testng.TestRunner.a(Unknown Source)
	at org.testng.TestRunner.run(Unknown Source)
	at org.testng.SuiteRunner.a(Unknown Source)
	at org.testng.SuiteRunner.a(Unknown Source)
	at org.testng.SuiteRunner$SuiteWorker.run(Unknown Source)
	at org.testng.internal.thread.ThreadUtil.a(Unknown Source)
	at java.base/java.util.concurrent.FutureTask.run(FutureTask.java:264)
	at java.base/java.util.concurrent.ThreadPoolExecutor.runWorker(ThreadPoolExecutor.java:1128)
	at java.base/java.util.concurrent.ThreadPoolExecutor$Worker.run(ThreadPoolExecutor.java:628)
	at java.base/java.lang.Thread.run(Thread.java:834)
&amp#27;[0m
      &amp#27;[31mjava.lang.IllegalArgumentException: Multiple entries with same key: appium:app=bs://sample.app and appium:app=bs://c0f7fb58da2572be3153c560f9e6e13efa1dfc2d
	at com.google.common.collect.ImmutableMap.a(Unknown Source)
	at com.google.common.collect.ImmutableMap.a(Unknown Source)
	at com.google.common.collect.RegularImmutableMap.a(Unknown Source)
	at com.google.common.collect.RegularImmutableMap.b(Unknown Source)
	at com.google.common.collect.RegularImmutableMap.a(Unknown Source)
	at com.google.common.collect.ImmutableMap$Builder.a(Unknown Source)
	at com.google.common.collect.ImmutableMap$Builder.buildOrThrow(Unknown Source)
	at com.google.common.collect.ImmutableMap$Builder.build(Unknown Source)
	at java.base/java.util.stream.ReferencePipeline.collect(ReferencePipeline.java:582)
	at io.appium.java_client.remote.AppiumNewSessionCommandPayload.makeW3CSafe(AppiumNewSessionCommandPayload.java:40)
	at io.appium.java_client.remote.AppiumNewSessionCommandPayload.<init>(AppiumNewSessionCommandPayload.java:54)
	at io.appium.java_client.AppiumDriver.startSession(AppiumDriver.java:274)
	at org.openqa.selenium.remote.RemoteWebDriver.<init>(RemoteWebDriver.java:163)
	at io.appium.java_client.AppiumDriver.<init>(AppiumDriver.java:89)
	at io.appium.java_client.AppiumDriver.<init>(AppiumDriver.java:101)
	at io.appium.java_client.ios.IOSDriver.<init>(IOSDriver.java:104)
	at utils.TestBase.setup(TestBase.java:40)
	at utils.TestContextSetup.<init>(TestContextSetup.java:19)
	at java.base/jdk.internal.reflect.NativeConstructorAccessorImpl.newInstance0(Native Method)
	at java.base/jdk.internal.reflect.NativeConstructorAccessorImpl.newInstance(NativeConstructorAccessorImpl.java:62)
	at java.base/jdk.internal.reflect.DelegatingConstructorAccessorImpl.newInstance(DelegatingConstructorAccessorImpl.java:45)
	at java.base/java.lang.reflect.Constructor.newInstance(Constructor.java:490)
	at org.picocontainer.injectors.AbstractInjector.newInstance(AbstractInjector.java:145)
	at org.picocontainer.injectors.ConstructorInjector$1.run(ConstructorInjector.java:342)
	at org.picocontainer.injectors.AbstractInjector$ThreadLocalCyclicDependencyGuard.observe(AbstractInjector.java:270)
	at org.picocontainer.injectors.ConstructorInjector.getComponentInstance(ConstructorInjector.java:364)
	at org.picocontainer.injectors.AbstractInjectionFactory$LifecycleAdapter.getComponentInstance(AbstractInjectionFactory.java:56)
	at org.picocontainer.behaviors.AbstractBehavior.getComponentInstance(AbstractBehavior.java:64)
	at org.picocontainer.behaviors.Stored.getComponentInstance(Stored.java:91)
	at org.picocontainer.DefaultPicoContainer.getInstance(DefaultPicoContainer.java:699)
	at org.picocontainer.DefaultPicoContainer.getComponent(DefaultPicoContainer.java:647)
	at org.picocontainer.DefaultPicoContainer.getComponent(DefaultPicoContainer.java:632)
	at org.picocontainer.parameters.BasicComponentParameter$1.resolveInstance(BasicComponentParameter.java:118)
	at org.picocontainer.parameters.ComponentParameter$1.resolveInstance(ComponentParameter.java:136)
	at org.picocontainer.injectors.SingleMemberInjector.getParameter(SingleMemberInjector.java:78)
	at org.picocontainer.injectors.ConstructorInjector$CtorAndAdapters.getParameterArguments(ConstructorInjector.java:309)
	at org.picocontainer.injectors.ConstructorInjector$1.run(ConstructorInjector.java:335)
	at org.picocontainer.injectors.AbstractInjector$ThreadLocalCyclicDependencyGuard.observe(AbstractInjector.java:270)
	at org.picocontainer.injectors.ConstructorInjector.getComponentInstance(ConstructorInjector.java:364)
	at org.picocontainer.injectors.AbstractInjectionFactory$LifecycleAdapter.getComponentInstance(AbstractInjectionFactory.java:56)
	at org.picocontainer.behaviors.AbstractBehavior.getComponentInstance(AbstractBehavior.java:64)
	at org.picocontainer.behaviors.Stored.getComponentInstance(Stored.java:91)
	at org.picocontainer.DefaultPicoContainer.getInstance(DefaultPicoContainer.java:699)
	at org.picocontainer.DefaultPicoContainer.getComponent(DefaultPicoContainer.java:647)
	at org.picocontainer.DefaultPicoContainer.getComponent(DefaultPicoContainer.java:678)
	at io.cucumber.picocontainer.PicoFactory.getInstance(PicoFactory.java:64)
	at io.cucumber.java.AbstractGlueDefinition.invokeMethod(AbstractGlueDefinition.java:47)
	at io.cucumber.java.JavaHookDefinition.execute(JavaHookDefinition.java:64)
	at io.cucumber.core.runner.CoreHookDefinition.execute(CoreHookDefinition.java:46)
	at io.cucumber.core.runner.HookDefinitionMatch.runStep(HookDefinitionMatch.java:21)
	at io.cucumber.core.runner.ExecutionMode$1.execute(ExecutionMode.java:10)
	at io.cucumber.core.runner.TestStep.executeStep(TestStep.java:84)
	at io.cucumber.core.runner.TestStep.run(TestStep.java:56)
	at io.cucumber.core.runner.PickleStepTestStep.run(PickleStepTestStep.java:56)
	at io.cucumber.core.runner.TestCase.run(TestCase.java:84)
	at io.cucumber.core.runner.Runner.runPickle(Runner.java:75)
	at io.cucumber.testng.TestNGCucumberRunner.lambda$runScenario$1(TestNGCucumberRunner.java:132)
	at io.cucumber.core.runtime.CucumberExecutionContext.lambda$runTestCase$5(CucumberExecutionContext.java:137)
	at io.cucumber.core.runtime.RethrowingThrowableCollector.executeAndThrow(RethrowingThrowableCollector.java:23)
	at io.cucumber.core.runtime.CucumberExecutionContext.runTestCase(CucumberExecutionContext.java:137)
	at io.cucumber.testng.TestNGCucumberRunner.runScenario(TestNGCucumberRunner.java:129)
	at io.cucumber.testng.AbstractTestNGCucumberTests.runScenario(AbstractTestNGCucumberTests.java:35)
	at java.base/jdk.internal.reflect.NativeMethodAccessorImpl.invoke0(Native Method)
	at java.base/jdk.internal.reflect.NativeMethodAccessorImpl.invoke(NativeMethodAccessorImpl.java:62)
	at java.base/jdk.internal.reflect.DelegatingMethodAccessorImpl.invoke(DelegatingMethodAccessorImpl.java:43)
	at java.base/java.lang.reflect.Method.invoke(Method.java:566)
	at org.testng.internal.invokers.MethodInvocationHelper.invokeMethod(Unknown Source)
	at org.testng.internal.invokers.TestInvoker.a(Unknown Source)
	at org.testng.internal.invokers.TestInvoker.invokeTestMethod(Unknown Source)
	at org.testng.internal.invokers.MethodRunner.runInSequence(Unknown Source)
	at org.testng.internal.invokers.TestInvoker$MethodInvocationAgent.a(Unknown Source)
	at org.testng.internal.invokers.TestInvoker.invokeTestMethods(Unknown Source)
	at org.testng.internal.invokers.TestMethodWorker.invokeTestMethods(Unknown Source)
	at org.testng.internal.invokers.TestMethodWorker.run(Unknown Source)
	at java.base/java.util.ArrayList.forEach(ArrayList.java:1541)
	at org.testng.TestRunner.a(Unknown Source)
	at org.testng.TestRunner.run(Unknown Source)
	at org.testng.SuiteRunner.a(Unknown Source)
	at org.testng.SuiteRunner.a(Unknown Source)
	at org.testng.SuiteRunner$SuiteWorker.run(Unknown Source)
	at org.testng.internal.thread.ThreadUtil.a(Unknown Source)
	at java.base/java.util.concurrent.FutureTask.run(FutureTask.java:264)
	at java.base/java.util.concurrent.ThreadPoolExecutor.runWorker(ThreadPoolExecutor.java:1128)
	at java.base/java.util.concurrent.ThreadPoolExecutor$Worker.run(ThreadPoolExecutor.java:628)
	at java.base/java.lang.Thread.run(Thread.java:834)
&amp#27;[0m
  &amp#27;[36mWhen &amp#27;[0m&amp#27;[36mUser logs in with username &amp#27;[0m&amp#27;[36m&amp#27;[1m"rajyalakshmi724@gmail.com"&amp#27;[0m&amp#27;[36m and password &amp#27;[0m&amp#27;[36m&amp#27;[1m"Amma@31348286"&amp#27;[0m                                                     &amp#27;[90m# stepDefinitions.LoginPageStepDefinitions.user_logs_in_with_username_and_password(java.lang.String,java.lang.String)&amp#27;[0m
  &amp#27;[36mThen &amp#27;[0m&amp#27;[36mUser should be able to login&amp#27;[0m                                                                                                            &amp#27;[90m# stepDefinitions.LoginPageStepDefinitions.user_should_be_able_to_login()&amp#27;[0m
  &amp#27;[36mThen &amp#27;[0m&amp#27;[36mUser clicks on the pre-planning icon in homepage&amp#27;[0m                                                                                        &amp#27;[90m# stepDefinitions.HomePageStepDefinitions.user_clicks_on_the_pre_planning_icon_in_homepage()&amp#27;[0m
  &amp#27;[36mAnd &amp#27;[0m&amp#27;[36mUser clicks on Frac Sequence Planning in menu tab&amp#27;[0m                                                                                        &amp#27;[90m# stepDefinitions.PrePlanningStepDefinitions.user_clicks_on_frac_sequence_planning_in_menu_tab()&amp#27;[0m
  &amp#27;[36mThen &amp#27;[0m&amp#27;[36mCheck whether the default value is &amp#27;[0m&amp#27;[36m&amp#27;[1m2.0&amp#27;[0m&amp#27;[36m in Wireline Run time for SI units&amp#27;[0m                                                                &amp#27;[90m# stepDefinitions.PrePlanningMenuPageStepDefinitions.check_whether_the_default_value_is_in_wireline_run_time_for_si_units(java.lang.Double)&amp#27;[0m
  &amp#27;[36mThen &amp#27;[0m&amp#27;[36mSelect units as SI and Give values  &amp#27;[0m&amp#27;[36m&amp#27;[1m0.11&amp#27;[0m&amp#27;[36m, &amp#27;[0m&amp#27;[36m&amp#27;[1m0.1&amp#27;[0m&amp#27;[36m, &amp#27;[0m&amp#27;[36m&amp#27;[1m5.0&amp#27;[0m&amp#27;[36m and &amp#27;[0m&amp#27;[36m&amp#27;[1m4.9&amp#27;[0m&amp#27;[36m in Wireline Run time Tab and the values should be accepted&amp#27;[0m                   &amp#27;[90m# stepDefinitions.PrePlanningMenuPageStepDefinitions.select_units_as_si_and_give_values_and_in_wireline_run_time_tab_and_the_values_should_be_accepted(java.lang.Double,java.lang.Double,java.lang.Double,java.lang.Double)&amp#27;[0m
]]></system-out>
  </testcase>
  <testcase name="runScenario" classname="cucumberOptions.TestNGTestRunner" time="0.13">
    <failure message="Multiple entries with same key: appium:app=bs://sample.app and appium:app=bs://c0f7fb58da2572be3153c560f9e6e13efa1dfc2d" type="java.lang.IllegalArgumentException">java.lang.IllegalArgumentException: Multiple entries with same key: appium:app=bs://sample.app and appium:app=bs://c0f7fb58da2572be3153c560f9e6e13efa1dfc2d
</failure>
  </testcase>
  <testcase name="runScenario" classname="cucumberOptions.TestNGTestRunner" time="0.171">
    <failure message="Multiple entries with same key: appium:app=bs://sample.app and appium:app=bs://c0f7fb58da2572be3153c560f9e6e13efa1dfc2d" type="java.lang.IllegalArgumentException">java.lang.IllegalArgumentException: Multiple entries with same key: appium:app=bs://sample.app and appium:app=bs://c0f7fb58da2572be3153c560f9e6e13efa1dfc2d
</failure>
  </testcase>
  <testcase name="runScenario" classname="cucumberOptions.TestNGTestRunner" time="6.975">
    <failure message="Multiple entries with same key: appium:app=bs://sample.app and appium:app=bs://c0f7fb58da2572be3153c560f9e6e13efa1dfc2d" type="java.lang.IllegalArgumentException">java.lang.IllegalArgumentException: Multiple entries with same key: appium:app=bs://sample.app and appium:app=bs://c0f7fb58da2572be3153c560f9e6e13efa1dfc2d
</failure>
    <system-out><![CDATA[
@US121942
Scenario: TC122295 Verify only decimal values are allowed  in Wireline Run time, Stack Frac portion only. &amp#27;[90m# src/test/java/features/US121942.feature:33&amp#27;[0m
  &amp#27;[31mGiven &amp#27;[0m&amp#27;[31mUser launches the mobile application&amp#27;[0m                                                              &amp#27;[90m# stepDefinitions.LoginPageStepDefinitions.user_launches_the_mobile_application()&amp#27;[0m
      &amp#27;[31mjava.lang.IllegalArgumentException: Multiple entries with same key: appium:app=bs://sample.app and appium:app=bs://c0f7fb58da2572be3153c560f9e6e13efa1dfc2d
	at com.google.common.collect.ImmutableMap.a(Unknown Source)
	at com.google.common.collect.ImmutableMap.a(Unknown Source)
	at com.google.common.collect.RegularImmutableMap.a(Unknown Source)
	at com.google.common.collect.RegularImmutableMap.b(Unknown Source)
	at com.google.common.collect.RegularImmutableMap.a(Unknown Source)
	at com.google.common.collect.ImmutableMap$Builder.a(Unknown Source)
	at com.google.common.collect.ImmutableMap$Builder.buildOrThrow(Unknown Source)
	at com.google.common.collect.ImmutableMap$Builder.build(Unknown Source)
	at java.base/java.util.stream.ReferencePipeline.collect(ReferencePipeline.java:582)
	at io.appium.java_client.remote.AppiumNewSessionCommandPayload.makeW3CSafe(AppiumNewSessionCommandPayload.java:40)
	at io.appium.java_client.remote.AppiumNewSessionCommandPayload.<init>(AppiumNewSessionCommandPayload.java:54)
	at io.appium.java_client.AppiumDriver.startSession(AppiumDriver.java:274)
	at org.openqa.selenium.remote.RemoteWebDriver.<init>(RemoteWebDriver.java:163)
	at io.appium.java_client.AppiumDriver.<init>(AppiumDriver.java:89)
	at io.appium.java_client.AppiumDriver.<init>(AppiumDriver.java:101)
	at io.appium.java_client.ios.IOSDriver.<init>(IOSDriver.java:104)
	at utils.TestBase.setup(TestBase.java:40)
	at utils.TestContextSetup.<init>(TestContextSetup.java:19)
	at java.base/jdk.internal.reflect.NativeConstructorAccessorImpl.newInstance0(Native Method)
	at java.base/jdk.internal.reflect.NativeConstructorAccessorImpl.newInstance(NativeConstructorAccessorImpl.java:62)
	at java.base/jdk.internal.reflect.DelegatingConstructorAccessorImpl.newInstance(DelegatingConstructorAccessorImpl.java:45)
	at java.base/java.lang.reflect.Constructor.newInstance(Constructor.java:490)
	at org.picocontainer.injectors.AbstractInjector.newInstance(AbstractInjector.java:145)
	at org.picocontainer.injectors.ConstructorInjector$1.run(ConstructorInjector.java:342)
	at org.picocontainer.injectors.AbstractInjector$ThreadLocalCyclicDependencyGuard.observe(AbstractInjector.java:270)
	at org.picocontainer.injectors.ConstructorInjector.getComponentInstance(ConstructorInjector.java:364)
	at org.picocontainer.injectors.AbstractInjectionFactory$LifecycleAdapter.getComponentInstance(AbstractInjectionFactory.java:56)
	at org.picocontainer.behaviors.AbstractBehavior.getComponentInstance(AbstractBehavior.java:64)
	at org.picocontainer.behaviors.Stored.getComponentInstance(Stored.java:91)
	at org.picocontainer.DefaultPicoContainer.getInstance(DefaultPicoContainer.java:699)
	at org.picocontainer.DefaultPicoContainer.getComponent(DefaultPicoContainer.java:647)
	at org.picocontainer.DefaultPicoContainer.getComponent(DefaultPicoContainer.java:632)
	at org.picocontainer.parameters.BasicComponentParameter$1.resolveInstance(BasicComponentParameter.java:118)
	at org.picocontainer.parameters.ComponentParameter$1.resolveInstance(ComponentParameter.java:136)
	at org.picocontainer.injectors.SingleMemberInjector.getParameter(SingleMemberInjector.java:78)
	at org.picocontainer.injectors.ConstructorInjector$CtorAndAdapters.getParameterArguments(ConstructorInjector.java:309)
	at org.picocontainer.injectors.ConstructorInjector$1.run(ConstructorInjector.java:335)
	at org.picocontainer.injectors.AbstractInjector$ThreadLocalCyclicDependencyGuard.observe(AbstractInjector.java:270)
	at org.picocontainer.injectors.ConstructorInjector.getComponentInstance(ConstructorInjector.java:364)
	at org.picocontainer.injectors.AbstractInjectionFactory$LifecycleAdapter.getComponentInstance(AbstractInjectionFactory.java:56)
	at org.picocontainer.behaviors.AbstractBehavior.getComponentInstance(AbstractBehavior.java:64)
	at org.picocontainer.behaviors.Stored.getComponentInstance(Stored.java:91)
	at org.picocontainer.DefaultPicoContainer.getInstance(DefaultPicoContainer.java:699)
	at org.picocontainer.DefaultPicoContainer.getComponent(DefaultPicoContainer.java:647)
	at org.picocontainer.DefaultPicoContainer.getComponent(DefaultPicoContainer.java:678)
	at io.cucumber.picocontainer.PicoFactory.getInstance(PicoFactory.java:64)
	at io.cucumber.java.AbstractGlueDefinition.invokeMethod(AbstractGlueDefinition.java:47)
	at io.cucumber.java.JavaStepDefinition.execute(JavaStepDefinition.java:29)
	at io.cucumber.core.runner.CoreStepDefinition.execute(CoreStepDefinition.java:66)
	at io.cucumber.core.runner.PickleStepDefinitionMatch.runStep(PickleStepDefinitionMatch.java:63)
	at io.cucumber.core.runner.ExecutionMode$1.execute(ExecutionMode.java:10)
	at io.cucumber.core.runner.TestStep.executeStep(TestStep.java:84)
	at io.cucumber.core.runner.TestStep.run(TestStep.java:56)
	at io.cucumber.core.runner.PickleStepTestStep.run(PickleStepTestStep.java:51)
	at io.cucumber.core.runner.TestCase.run(TestCase.java:84)
	at io.cucumber.core.runner.Runner.runPickle(Runner.java:75)
	at io.cucumber.testng.TestNGCucumberRunner.lambda$runScenario$1(TestNGCucumberRunner.java:132)
	at io.cucumber.core.runtime.CucumberExecutionContext.lambda$runTestCase$5(CucumberExecutionContext.java:137)
	at io.cucumber.core.runtime.RethrowingThrowableCollector.executeAndThrow(RethrowingThrowableCollector.java:23)
	at io.cucumber.core.runtime.CucumberExecutionContext.runTestCase(CucumberExecutionContext.java:137)
	at io.cucumber.testng.TestNGCucumberRunner.runScenario(TestNGCucumberRunner.java:129)
	at io.cucumber.testng.AbstractTestNGCucumberTests.runScenario(AbstractTestNGCucumberTests.java:35)
	at java.base/jdk.internal.reflect.NativeMethodAccessorImpl.invoke0(Native Method)
	at java.base/jdk.internal.reflect.NativeMethodAccessorImpl.invoke(NativeMethodAccessorImpl.java:62)
	at java.base/jdk.internal.reflect.DelegatingMethodAccessorImpl.invoke(DelegatingMethodAccessorImpl.java:43)
	at java.base/java.lang.reflect.Method.invoke(Method.java:566)
	at org.testng.internal.invokers.MethodInvocationHelper.invokeMethod(Unknown Source)
	at org.testng.internal.invokers.TestInvoker.a(Unknown Source)
	at org.testng.internal.invokers.TestInvoker.invokeTestMethod(Unknown Source)
	at org.testng.internal.invokers.MethodRunner.runInSequence(Unknown Source)
	at org.testng.internal.invokers.TestInvoker$MethodInvocationAgent.a(Unknown Source)
	at org.testng.internal.invokers.TestInvoker.invokeTestMethods(Unknown Source)
	at org.testng.internal.invokers.TestMethodWorker.invokeTestMethods(Unknown Source)
	at org.testng.internal.invokers.TestMethodWorker.run(Unknown Source)
	at java.base/java.util.ArrayList.forEach(ArrayList.java:1541)
	at org.testng.TestRunner.a(Unknown Source)
	at org.testng.TestRunner.run(Unknown Source)
	at org.testng.SuiteRunner.a(Unknown Source)
	at org.testng.SuiteRunner.a(Unknown Source)
	at org.testng.SuiteRunner$SuiteWorker.run(Unknown Source)
	at org.testng.internal.thread.ThreadUtil.a(Unknown Source)
	at java.base/java.util.concurrent.FutureTask.run(FutureTask.java:264)
	at java.base/java.util.concurrent.ThreadPoolExecutor.runWorker(ThreadPoolExecutor.java:1128)
	at java.base/java.util.concurrent.ThreadPoolExecutor$Worker.run(ThreadPoolExecutor.java:628)
	at java.base/java.lang.Thread.run(Thread.java:834)
&amp#27;[0m
      &amp#27;[31mjava.lang.IllegalArgumentException: Multiple entries with same key: appium:app=bs://sample.app and appium:app=bs://c0f7fb58da2572be3153c560f9e6e13efa1dfc2d
	at com.google.common.collect.ImmutableMap.a(Unknown Source)
	at com.google.common.collect.ImmutableMap.a(Unknown Source)
	at com.google.common.collect.RegularImmutableMap.a(Unknown Source)
	at com.google.common.collect.RegularImmutableMap.b(Unknown Source)
	at com.google.common.collect.RegularImmutableMap.a(Unknown Source)
	at com.google.common.collect.ImmutableMap$Builder.a(Unknown Source)
	at com.google.common.collect.ImmutableMap$Builder.buildOrThrow(Unknown Source)
	at com.google.common.collect.ImmutableMap$Builder.build(Unknown Source)
	at java.base/java.util.stream.ReferencePipeline.collect(ReferencePipeline.java:582)
	at io.appium.java_client.remote.AppiumNewSessionCommandPayload.makeW3CSafe(AppiumNewSessionCommandPayload.java:40)
	at io.appium.java_client.remote.AppiumNewSessionCommandPayload.<init>(AppiumNewSessionCommandPayload.java:54)
	at io.appium.java_client.AppiumDriver.startSession(AppiumDriver.java:274)
	at org.openqa.selenium.remote.RemoteWebDriver.<init>(RemoteWebDriver.java:163)
	at io.appium.java_client.AppiumDriver.<init>(AppiumDriver.java:89)
	at io.appium.java_client.AppiumDriver.<init>(AppiumDriver.java:101)
	at io.appium.java_client.ios.IOSDriver.<init>(IOSDriver.java:104)
	at utils.TestBase.setup(TestBase.java:40)
	at utils.TestContextSetup.<init>(TestContextSetup.java:19)
	at java.base/jdk.internal.reflect.NativeConstructorAccessorImpl.newInstance0(Native Method)
	at java.base/jdk.internal.reflect.NativeConstructorAccessorImpl.newInstance(NativeConstructorAccessorImpl.java:62)
	at java.base/jdk.internal.reflect.DelegatingConstructorAccessorImpl.newInstance(DelegatingConstructorAccessorImpl.java:45)
	at java.base/java.lang.reflect.Constructor.newInstance(Constructor.java:490)
	at org.picocontainer.injectors.AbstractInjector.newInstance(AbstractInjector.java:145)
	at org.picocontainer.injectors.ConstructorInjector$1.run(ConstructorInjector.java:342)
	at org.picocontainer.injectors.AbstractInjector$ThreadLocalCyclicDependencyGuard.observe(AbstractInjector.java:270)
	at org.picocontainer.injectors.ConstructorInjector.getComponentInstance(ConstructorInjector.java:364)
	at org.picocontainer.injectors.AbstractInjectionFactory$LifecycleAdapter.getComponentInstance(AbstractInjectionFactory.java:56)
	at org.picocontainer.behaviors.AbstractBehavior.getComponentInstance(AbstractBehavior.java:64)
	at org.picocontainer.behaviors.Stored.getComponentInstance(Stored.java:91)
	at org.picocontainer.DefaultPicoContainer.getInstance(DefaultPicoContainer.java:699)
	at org.picocontainer.DefaultPicoContainer.getComponent(DefaultPicoContainer.java:647)
	at org.picocontainer.DefaultPicoContainer.getComponent(DefaultPicoContainer.java:632)
	at org.picocontainer.parameters.BasicComponentParameter$1.resolveInstance(BasicComponentParameter.java:118)
	at org.picocontainer.parameters.ComponentParameter$1.resolveInstance(ComponentParameter.java:136)
	at org.picocontainer.injectors.SingleMemberInjector.getParameter(SingleMemberInjector.java:78)
	at org.picocontainer.injectors.ConstructorInjector$CtorAndAdapters.getParameterArguments(ConstructorInjector.java:309)
	at org.picocontainer.injectors.ConstructorInjector$1.run(ConstructorInjector.java:335)
	at org.picocontainer.injectors.AbstractInjector$ThreadLocalCyclicDependencyGuard.observe(AbstractInjector.java:270)
	at org.picocontainer.injectors.ConstructorInjector.getComponentInstance(ConstructorInjector.java:364)
	at org.picocontainer.injectors.AbstractInjectionFactory$LifecycleAdapter.getComponentInstance(AbstractInjectionFactory.java:56)
	at org.picocontainer.behaviors.AbstractBehavior.getComponentInstance(AbstractBehavior.java:64)
	at org.picocontainer.behaviors.Stored.getComponentInstance(Stored.java:91)
	at org.picocontainer.DefaultPicoContainer.getInstance(DefaultPicoContainer.java:699)
	at org.picocontainer.DefaultPicoContainer.getComponent(DefaultPicoContainer.java:647)
	at org.picocontainer.DefaultPicoContainer.getComponent(DefaultPicoContainer.java:678)
	at io.cucumber.picocontainer.PicoFactory.getInstance(PicoFactory.java:64)
	at io.cucumber.java.AbstractGlueDefinition.invokeMethod(AbstractGlueDefinition.java:47)
	at io.cucumber.java.JavaHookDefinition.execute(JavaHookDefinition.java:64)
	at io.cucumber.core.runner.CoreHookDefinition.execute(CoreHookDefinition.java:46)
	at io.cucumber.core.runner.HookDefinitionMatch.runStep(HookDefinitionMatch.java:21)
	at io.cucumber.core.runner.ExecutionMode$1.execute(ExecutionMode.java:10)
	at io.cucumber.core.runner.TestStep.executeStep(TestStep.java:84)
	at io.cucumber.core.runner.TestStep.run(TestStep.java:56)
	at io.cucumber.core.runner.PickleStepTestStep.run(PickleStepTestStep.java:56)
	at io.cucumber.core.runner.TestCase.run(TestCase.java:84)
	at io.cucumber.core.runner.Runner.runPickle(Runner.java:75)
	at io.cucumber.testng.TestNGCucumberRunner.lambda$runScenario$1(TestNGCucumberRunner.java:132)
	at io.cucumber.core.runtime.CucumberExecutionContext.lambda$runTestCase$5(CucumberExecutionContext.java:137)
	at io.cucumber.core.runtime.RethrowingThrowableCollector.executeAndThrow(RethrowingThrowableCollector.java:23)
	at io.cucumber.core.runtime.CucumberExecutionContext.runTestCase(CucumberExecutionContext.java:137)
	at io.cucumber.testng.TestNGCucumberRunner.runScenario(TestNGCucumberRunner.java:129)
	at io.cucumber.testng.AbstractTestNGCucumberTests.runScenario(AbstractTestNGCucumberTests.java:35)
	at java.base/jdk.internal.reflect.NativeMethodAccessorImpl.invoke0(Native Method)
	at java.base/jdk.internal.reflect.NativeMethodAccessorImpl.invoke(NativeMethodAccessorImpl.java:62)
	at java.base/jdk.internal.reflect.DelegatingMethodAccessorImpl.invoke(DelegatingMethodAccessorImpl.java:43)
	at java.base/java.lang.reflect.Method.invoke(Method.java:566)
	at org.testng.internal.invokers.MethodInvocationHelper.invokeMethod(Unknown Source)
	at org.testng.internal.invokers.TestInvoker.a(Unknown Source)
	at org.testng.internal.invokers.TestInvoker.invokeTestMethod(Unknown Source)
	at org.testng.internal.invokers.MethodRunner.runInSequence(Unknown Source)
	at org.testng.internal.invokers.TestInvoker$MethodInvocationAgent.a(Unknown Source)
	at org.testng.internal.invokers.TestInvoker.invokeTestMethods(Unknown Source)
	at org.testng.internal.invokers.TestMethodWorker.invokeTestMethods(Unknown Source)
	at org.testng.internal.invokers.TestMethodWorker.run(Unknown Source)
	at java.base/java.util.ArrayList.forEach(ArrayList.java:1541)
	at org.testng.TestRunner.a(Unknown Source)
	at org.testng.TestRunner.run(Unknown Source)
	at org.testng.SuiteRunner.a(Unknown Source)
	at org.testng.SuiteRunner.a(Unknown Source)
	at org.testng.SuiteRunner$SuiteWorker.run(Unknown Source)
	at org.testng.internal.thread.ThreadUtil.a(Unknown Source)
	at java.base/java.util.concurrent.FutureTask.run(FutureTask.java:264)
	at java.base/java.util.concurrent.ThreadPoolExecutor.runWorker(ThreadPoolExecutor.java:1128)
	at java.base/java.util.concurrent.ThreadPoolExecutor$Worker.run(ThreadPoolExecutor.java:628)
	at java.base/java.lang.Thread.run(Thread.java:834)
&amp#27;[0m
  &amp#27;[36mWhen &amp#27;[0m&amp#27;[36mUser logs in with username &amp#27;[0m&amp#27;[36m&amp#27;[1m"rajyalakshmi724@gmail.com"&amp#27;[0m&amp#27;[36m and password &amp#27;[0m&amp#27;[36m&amp#27;[1m"Amma@31348286"&amp#27;[0m                &amp#27;[90m# stepDefinitions.LoginPageStepDefinitions.user_logs_in_with_username_and_password(java.lang.String,java.lang.String)&amp#27;[0m
  &amp#27;[36mThen &amp#27;[0m&amp#27;[36mUser should be able to login&amp#27;[0m                                                                       &amp#27;[90m# stepDefinitions.LoginPageStepDefinitions.user_should_be_able_to_login()&amp#27;[0m
  &amp#27;[36mThen &amp#27;[0m&amp#27;[36mUser clicks on the pre-planning icon in homepage&amp#27;[0m                                                   &amp#27;[90m# stepDefinitions.HomePageStepDefinitions.user_clicks_on_the_pre_planning_icon_in_homepage()&amp#27;[0m
  &amp#27;[36mAnd &amp#27;[0m&amp#27;[36mUser clicks on Frac Sequence Planning in menu tab&amp#27;[0m                                                   &amp#27;[90m# stepDefinitions.PrePlanningStepDefinitions.user_clicks_on_frac_sequence_planning_in_menu_tab()&amp#27;[0m
  &amp#27;[36mAnd &amp#27;[0m&amp#27;[36mGive decimal values &amp#27;[0m&amp#27;[36m&amp#27;[1m1.0&amp#27;[0m&amp#27;[36m and &amp#27;[0m&amp#27;[36m&amp#27;[1m5.0&amp#27;[0m&amp#27;[36m in Wireline Run time  tab the values should be accepted&amp#27;[0m             &amp#27;[90m# stepDefinitions.PrePlanningMenuPageStepDefinitions.give_decimal_values_and_in_wireline_run_time_tab_the_values_should_be_accepted(java.lang.Double,java.lang.Double)&amp#27;[0m
  &amp#27;[36mAnd &amp#27;[0m&amp#27;[36mGive integer values &amp#27;[0m&amp#27;[36m&amp#27;[1m9&amp#27;[0m&amp#27;[36m and &amp#27;[0m&amp#27;[36m&amp#27;[1m0&amp#27;[0m&amp#27;[36m in Wireline Run time tab the values should not be accepted&amp#27;[0m              &amp#27;[90m# stepDefinitions.PrePlanningMenuPageStepDefinitions.give_integer_values_and_in_wireline_run_time_tab_the_values_should_not_be_accepted(java.lang.Integer,java.lang.Integer)&amp#27;[0m

@US121942
Scenario: TC122295 Verify only decimal values are allowed  in Wireline Run time, Stack Frac portion only. &amp#27;[90m# src/test/java/features/US121942.feature:33&amp#27;[0m

@US121942
Scenario: TC122295 Verify only decimal values are allowed  in Wireline Run time, Stack Frac portion only. &amp#27;[90m# src/test/java/features/US121942.feature:33&amp#27;[0m
  &amp#27;[31mGiven &amp#27;[0m&amp#27;[31mUser launches the mobile application&amp#27;[0m                                                              &amp#27;[90m# stepDefinitions.LoginPageStepDefinitions.user_launches_the_mobile_application()&amp#27;[0m
      &amp#27;[31mjava.lang.IllegalArgumentException: Multiple entries with same key: appium:app=bs://sample.app and appium:app=bs://c0f7fb58da2572be3153c560f9e6e13efa1dfc2d
	at com.google.common.collect.ImmutableMap.a(Unknown Source)
	at com.google.common.collect.ImmutableMap.a(Unknown Source)
	at com.google.common.collect.RegularImmutableMap.a(Unknown Source)
	at com.google.common.collect.RegularImmutableMap.b(Unknown Source)
	at com.google.common.collect.RegularImmutableMap.a(Unknown Source)
	at com.google.common.collect.ImmutableMap$Builder.a(Unknown Source)
	at com.google.common.collect.ImmutableMap$Builder.buildOrThrow(Unknown Source)
	at com.google.common.collect.ImmutableMap$Builder.build(Unknown Source)
	at java.base/java.util.stream.ReferencePipeline.collect(ReferencePipeline.java:582)
	at io.appium.java_client.remote.AppiumNewSessionCommandPayload.makeW3CSafe(AppiumNewSessionCommandPayload.java:40)
	at io.appium.java_client.remote.AppiumNewSessionCommandPayload.<init>(AppiumNewSessionCommandPayload.java:54)
	at io.appium.java_client.AppiumDriver.startSession(AppiumDriver.java:274)
	at org.openqa.selenium.remote.RemoteWebDriver.<init>(RemoteWebDriver.java:163)
	at io.appium.java_client.AppiumDriver.<init>(AppiumDriver.java:89)
	at io.appium.java_client.AppiumDriver.<init>(AppiumDriver.java:101)
	at io.appium.java_client.ios.IOSDriver.<init>(IOSDriver.java:104)
	at utils.TestBase.setup(TestBase.java:40)
	at utils.TestContextSetup.<init>(TestContextSetup.java:19)
	at java.base/jdk.internal.reflect.NativeConstructorAccessorImpl.newInstance0(Native Method)
	at java.base/jdk.internal.reflect.NativeConstructorAccessorImpl.newInstance(NativeConstructorAccessorImpl.java:62)
	at java.base/jdk.internal.reflect.DelegatingConstructorAccessorImpl.newInstance(DelegatingConstructorAccessorImpl.java:45)
	at java.base/java.lang.reflect.Constructor.newInstance(Constructor.java:490)
	at org.picocontainer.injectors.AbstractInjector.newInstance(AbstractInjector.java:145)
	at org.picocontainer.injectors.ConstructorInjector$1.run(ConstructorInjector.java:342)
	at org.picocontainer.injectors.AbstractInjector$ThreadLocalCyclicDependencyGuard.observe(AbstractInjector.java:270)
	at org.picocontainer.injectors.ConstructorInjector.getComponentInstance(ConstructorInjector.java:364)
	at org.picocontainer.injectors.AbstractInjectionFactory$LifecycleAdapter.getComponentInstance(AbstractInjectionFactory.java:56)
	at org.picocontainer.behaviors.AbstractBehavior.getComponentInstance(AbstractBehavior.java:64)
	at org.picocontainer.behaviors.Stored.getComponentInstance(Stored.java:91)
	at org.picocontainer.DefaultPicoContainer.getInstance(DefaultPicoContainer.java:699)
	at org.picocontainer.DefaultPicoContainer.getComponent(DefaultPicoContainer.java:647)
	at org.picocontainer.DefaultPicoContainer.getComponent(DefaultPicoContainer.java:632)
	at org.picocontainer.parameters.BasicComponentParameter$1.resolveInstance(BasicComponentParameter.java:118)
	at org.picocontainer.parameters.ComponentParameter$1.resolveInstance(ComponentParameter.java:136)
	at org.picocontainer.injectors.SingleMemberInjector.getParameter(SingleMemberInjector.java:78)
	at org.picocontainer.injectors.ConstructorInjector$CtorAndAdapters.getParameterArguments(ConstructorInjector.java:309)
	at org.picocontainer.injectors.ConstructorInjector$1.run(ConstructorInjector.java:335)
	at org.picocontainer.injectors.AbstractInjector$ThreadLocalCyclicDependencyGuard.observe(AbstractInjector.java:270)
	at org.picocontainer.injectors.ConstructorInjector.getComponentInstance(ConstructorInjector.java:364)
	at org.picocontainer.injectors.AbstractInjectionFactory$LifecycleAdapter.getComponentInstance(AbstractInjectionFactory.java:56)
	at org.picocontainer.behaviors.AbstractBehavior.getComponentInstance(AbstractBehavior.java:64)
	at org.picocontainer.behaviors.Stored.getComponentInstance(Stored.java:91)
	at org.picocontainer.DefaultPicoContainer.getInstance(DefaultPicoContainer.java:699)
	at org.picocontainer.DefaultPicoContainer.getComponent(DefaultPicoContainer.java:647)
	at org.picocontainer.DefaultPicoContainer.getComponent(DefaultPicoContainer.java:678)
	at io.cucumber.picocontainer.PicoFactory.getInstance(PicoFactory.java:64)
	at io.cucumber.java.AbstractGlueDefinition.invokeMethod(AbstractGlueDefinition.java:47)
	at io.cucumber.java.JavaStepDefinition.execute(JavaStepDefinition.java:29)
	at io.cucumber.core.runner.CoreStepDefinition.execute(CoreStepDefinition.java:66)
	at io.cucumber.core.runner.PickleStepDefinitionMatch.runStep(PickleStepDefinitionMatch.java:63)
	at io.cucumber.core.runner.ExecutionMode$1.execute(ExecutionMode.java:10)
	at io.cucumber.core.runner.TestStep.executeStep(TestStep.java:84)
	at io.cucumber.core.runner.TestStep.run(TestStep.java:56)
	at io.cucumber.core.runner.PickleStepTestStep.run(PickleStepTestStep.java:51)
	at io.cucumber.core.runner.TestCase.run(TestCase.java:84)
	at io.cucumber.core.runner.Runner.runPickle(Runner.java:75)
	at io.cucumber.testng.TestNGCucumberRunner.lambda$runScenario$1(TestNGCucumberRunner.java:132)
	at io.cucumber.core.runtime.CucumberExecutionContext.lambda$runTestCase$5(CucumberExecutionContext.java:137)
	at io.cucumber.core.runtime.RethrowingThrowableCollector.executeAndThrow(RethrowingThrowableCollector.java:23)
	at io.cucumber.core.runtime.CucumberExecutionContext.runTestCase(CucumberExecutionContext.java:137)
	at io.cucumber.testng.TestNGCucumberRunner.runScenario(TestNGCucumberRunner.java:129)
	at io.cucumber.testng.AbstractTestNGCucumberTests.runScenario(AbstractTestNGCucumberTests.java:35)
	at java.base/jdk.internal.reflect.NativeMethodAccessorImpl.invoke0(Native Method)
	at java.base/jdk.internal.reflect.NativeMethodAccessorImpl.invoke(NativeMethodAccessorImpl.java:62)
	at java.base/jdk.internal.reflect.DelegatingMethodAccessorImpl.invoke(DelegatingMethodAccessorImpl.java:43)
	at java.base/java.lang.reflect.Method.invoke(Method.java:566)
	at org.testng.internal.invokers.MethodInvocationHelper.invokeMethod(Unknown Source)
	at org.testng.internal.invokers.TestInvoker.a(Unknown Source)
	at org.testng.internal.invokers.TestInvoker.invokeTestMethod(Unknown Source)
	at org.testng.internal.invokers.MethodRunner.runInSequence(Unknown Source)
	at org.testng.internal.invokers.TestInvoker$MethodInvocationAgent.a(Unknown Source)
	at org.testng.internal.invokers.TestInvoker.invokeTestMethods(Unknown Source)
	at org.testng.internal.invokers.TestMethodWorker.invokeTestMethods(Unknown Source)
	at org.testng.internal.invokers.TestMethodWorker.run(Unknown Source)
	at java.base/java.util.ArrayList.forEach(ArrayList.java:1541)
	at org.testng.TestRunner.a(Unknown Source)
	at org.testng.TestRunner.run(Unknown Source)
	at org.testng.SuiteRunner.a(Unknown Source)
	at org.testng.SuiteRunner.a(Unknown Source)
	at org.testng.SuiteRunner$SuiteWorker.run(Unknown Source)
	at org.testng.internal.thread.ThreadUtil.a(Unknown Source)
	at java.base/java.util.concurrent.FutureTask.run(FutureTask.java:264)
	at java.base/java.util.concurrent.ThreadPoolExecutor.runWorker(ThreadPoolExecutor.java:1128)
	at java.base/java.util.concurrent.ThreadPoolExecutor$Worker.run(ThreadPoolExecutor.java:628)
	at java.base/java.lang.Thread.run(Thread.java:834)
&amp#27;[0m
  &amp#27;[31mGiven &amp#27;[0m&amp#27;[31mUser launches the mobile application&amp#27;[0m                                                              &amp#27;[90m# stepDefinitions.LoginPageStepDefinitions.user_launches_the_mobile_application()&amp#27;[0m
      &amp#27;[31mjava.lang.IllegalArgumentException: Multiple entries with same key: appium:app=bs://sample.app and appium:app=bs://c0f7fb58da2572be3153c560f9e6e13efa1dfc2d
	at com.google.common.collect.ImmutableMap.a(Unknown Source)
	at com.google.common.collect.ImmutableMap.a(Unknown Source)
	at com.google.common.collect.RegularImmutableMap.a(Unknown Source)
	at com.google.common.collect.RegularImmutableMap.b(Unknown Source)
	at com.google.common.collect.RegularImmutableMap.a(Unknown Source)
	at com.google.common.collect.ImmutableMap$Builder.a(Unknown Source)
	at com.google.common.collect.ImmutableMap$Builder.buildOrThrow(Unknown Source)
	at com.google.common.collect.ImmutableMap$Builder.build(Unknown Source)
	at java.base/java.util.stream.ReferencePipeline.collect(ReferencePipeline.java:582)
	at io.appium.java_client.remote.AppiumNewSessionCommandPayload.makeW3CSafe(AppiumNewSessionCommandPayload.java:40)
	at io.appium.java_client.remote.AppiumNewSessionCommandPayload.<init>(AppiumNewSessionCommandPayload.java:54)
	at io.appium.java_client.AppiumDriver.startSession(AppiumDriver.java:274)
	at org.openqa.selenium.remote.RemoteWebDriver.<init>(RemoteWebDriver.java:163)
	at io.appium.java_client.AppiumDriver.<init>(AppiumDriver.java:89)
	at io.appium.java_client.AppiumDriver.<init>(AppiumDriver.java:101)
	at io.appium.java_client.ios.IOSDriver.<init>(IOSDriver.java:104)
	at utils.TestBase.setup(TestBase.java:40)
	at utils.TestContextSetup.<init>(TestContextSetup.java:19)
	at java.base/jdk.internal.reflect.NativeConstructorAccessorImpl.newInstance0(Native Method)
	at java.base/jdk.internal.reflect.NativeConstructorAccessorImpl.newInstance(NativeConstructorAccessorImpl.java:62)
	at java.base/jdk.internal.reflect.DelegatingConstructorAccessorImpl.newInstance(DelegatingConstructorAccessorImpl.java:45)
	at java.base/java.lang.reflect.Constructor.newInstance(Constructor.java:490)
	at org.picocontainer.injectors.AbstractInjector.newInstance(AbstractInjector.java:145)
	at org.picocontainer.injectors.ConstructorInjector$1.run(ConstructorInjector.java:342)
	at org.picocontainer.injectors.AbstractInjector$ThreadLocalCyclicDependencyGuard.observe(AbstractInjector.java:270)
	at org.picocontainer.injectors.ConstructorInjector.getComponentInstance(ConstructorInjector.java:364)
	at org.picocontainer.injectors.AbstractInjectionFactory$LifecycleAdapter.getComponentInstance(AbstractInjectionFactory.java:56)
	at org.picocontainer.behaviors.AbstractBehavior.getComponentInstance(AbstractBehavior.java:64)
	at org.picocontainer.behaviors.Stored.getComponentInstance(Stored.java:91)
	at org.picocontainer.DefaultPicoContainer.getInstance(DefaultPicoContainer.java:699)
	at org.picocontainer.DefaultPicoContainer.getComponent(DefaultPicoContainer.java:647)
	at org.picocontainer.DefaultPicoContainer.getComponent(DefaultPicoContainer.java:632)
	at org.picocontainer.parameters.BasicComponentParameter$1.resolveInstance(BasicComponentParameter.java:118)
	at org.picocontainer.parameters.ComponentParameter$1.resolveInstance(ComponentParameter.java:136)
	at org.picocontainer.injectors.SingleMemberInjector.getParameter(SingleMemberInjector.java:78)
	at org.picocontainer.injectors.ConstructorInjector$CtorAndAdapters.getParameterArguments(ConstructorInjector.java:309)
	at org.picocontainer.injectors.ConstructorInjector$1.run(ConstructorInjector.java:335)
	at org.picocontainer.injectors.AbstractInjector$ThreadLocalCyclicDependencyGuard.observe(AbstractInjector.java:270)
	at org.picocontainer.injectors.ConstructorInjector.getComponentInstance(ConstructorInjector.java:364)
	at org.picocontainer.injectors.AbstractInjectionFactory$LifecycleAdapter.getComponentInstance(AbstractInjectionFactory.java:56)
	at org.picocontainer.behaviors.AbstractBehavior.getComponentInstance(AbstractBehavior.java:64)
	at org.picocontainer.behaviors.Stored.getComponentInstance(Stored.java:91)
	at org.picocontainer.DefaultPicoContainer.getInstance(DefaultPicoContainer.java:699)
	at org.picocontainer.DefaultPicoContainer.getComponent(DefaultPicoContainer.java:647)
	at org.picocontainer.DefaultPicoContainer.getComponent(DefaultPicoContainer.java:678)
	at io.cucumber.picocontainer.PicoFactory.getInstance(PicoFactory.java:64)
	at io.cucumber.java.AbstractGlueDefinition.invokeMethod(AbstractGlueDefinition.java:47)
	at io.cucumber.java.JavaStepDefinition.execute(JavaStepDefinition.java:29)
	at io.cucumber.core.runner.CoreStepDefinition.execute(CoreStepDefinition.java:66)
	at io.cucumber.core.runner.PickleStepDefinitionMatch.runStep(PickleStepDefinitionMatch.java:63)
	at io.cucumber.core.runner.ExecutionMode$1.execute(ExecutionMode.java:10)
	at io.cucumber.core.runner.TestStep.executeStep(TestStep.java:84)
	at io.cucumber.core.runner.TestStep.run(TestStep.java:56)
	at io.cucumber.core.runner.PickleStepTestStep.run(PickleStepTestStep.java:51)
	at io.cucumber.core.runner.TestCase.run(TestCase.java:84)
	at io.cucumber.core.runner.Runner.runPickle(Runner.java:75)
	at io.cucumber.testng.TestNGCucumberRunner.lambda$runScenario$1(TestNGCucumberRunner.java:132)
	at io.cucumber.core.runtime.CucumberExecutionContext.lambda$runTestCase$5(CucumberExecutionContext.java:137)
	at io.cucumber.core.runtime.RethrowingThrowableCollector.executeAndThrow(RethrowingThrowableCollector.java:23)
	at io.cucumber.core.runtime.CucumberExecutionContext.runTestCase(CucumberExecutionContext.java:137)
	at io.cucumber.testng.TestNGCucumberRunner.runScenario(TestNGCucumberRunner.java:129)
	at io.cucumber.testng.AbstractTestNGCucumberTests.runScenario(AbstractTestNGCucumberTests.java:35)
	at java.base/jdk.internal.reflect.NativeMethodAccessorImpl.invoke0(Native Method)
	at java.base/jdk.internal.reflect.NativeMethodAccessorImpl.invoke(NativeMethodAccessorImpl.java:62)
	at java.base/jdk.internal.reflect.DelegatingMethodAccessorImpl.invoke(DelegatingMethodAccessorImpl.java:43)
	at java.base/java.lang.reflect.Method.invoke(Method.java:566)
	at org.testng.internal.invokers.MethodInvocationHelper.invokeMethod(Unknown Source)
	at org.testng.internal.invokers.TestInvoker.a(Unknown Source)
	at org.testng.internal.invokers.TestInvoker.invokeTestMethod(Unknown Source)
	at org.testng.internal.invokers.MethodRunner.runInSequence(Unknown Source)
	at org.testng.internal.invokers.TestInvoker$MethodInvocationAgent.a(Unknown Source)
	at org.testng.internal.invokers.TestInvoker.invokeTestMethods(Unknown Source)
	at org.testng.internal.invokers.TestMethodWorker.invokeTestMethods(Unknown Source)
	at org.testng.internal.invokers.TestMethodWorker.run(Unknown Source)
	at java.base/java.util.ArrayList.forEach(ArrayList.java:1541)
	at org.testng.TestRunner.a(Unknown Source)
	at org.testng.TestRunner.run(Unknown Source)
	at org.testng.SuiteRunner.a(Unknown Source)
	at org.testng.SuiteRunner.a(Unknown Source)
	at org.testng.SuiteRunner$SuiteWorker.run(Unknown Source)
	at org.testng.internal.thread.ThreadUtil.a(Unknown Source)
	at java.base/java.util.concurrent.FutureTask.run(FutureTask.java:264)
	at java.base/java.util.concurrent.ThreadPoolExecutor.runWorker(ThreadPoolExecutor.java:1128)
	at java.base/java.util.concurrent.ThreadPoolExecutor$Worker.run(ThreadPoolExecutor.java:628)
	at java.base/java.lang.Thread.run(Thread.java:834)
&amp#27;[0m
      &amp#27;[31mjava.lang.IllegalArgumentException: Multiple entries with same key: appium:app=bs://sample.app and appium:app=bs://c0f7fb58da2572be3153c560f9e6e13efa1dfc2d
	at com.google.common.collect.ImmutableMap.a(Unknown Source)
	at com.google.common.collect.ImmutableMap.a(Unknown Source)
	at com.google.common.collect.RegularImmutableMap.a(Unknown Source)
	at com.google.common.collect.RegularImmutableMap.b(Unknown Source)
	at com.google.common.collect.RegularImmutableMap.a(Unknown Source)
	at com.google.common.collect.ImmutableMap$Builder.a(Unknown Source)
	at com.google.common.collect.ImmutableMap$Builder.buildOrThrow(Unknown Source)
	at com.google.common.collect.ImmutableMap$Builder.build(Unknown Source)
	at java.base/java.util.stream.ReferencePipeline.collect(ReferencePipeline.java:582)
	at io.appium.java_client.remote.AppiumNewSessionCommandPayload.makeW3CSafe(AppiumNewSessionCommandPayload.java:40)
	at io.appium.java_client.remote.AppiumNewSessionCommandPayload.<init>(AppiumNewSessionCommandPayload.java:54)
	at io.appium.java_client.AppiumDriver.startSession(AppiumDriver.java:274)
	at org.openqa.selenium.remote.RemoteWebDriver.<init>(RemoteWebDriver.java:163)
	at io.appium.java_client.AppiumDriver.<init>(AppiumDriver.java:89)
	at io.appium.java_client.AppiumDriver.<init>(AppiumDriver.java:101)
	at io.appium.java_client.ios.IOSDriver.<init>(IOSDriver.java:104)
	at utils.TestBase.setup(TestBase.java:40)
	at utils.TestContextSetup.<init>(TestContextSetup.java:19)
	at java.base/jdk.internal.reflect.NativeConstructorAccessorImpl.newInstance0(Native Method)
	at java.base/jdk.internal.reflect.NativeConstructorAccessorImpl.newInstance(NativeConstructorAccessorImpl.java:62)
	at java.base/jdk.internal.reflect.DelegatingConstructorAccessorImpl.newInstance(DelegatingConstructorAccessorImpl.java:45)
	at java.base/java.lang.reflect.Constructor.newInstance(Constructor.java:490)
	at org.picocontainer.injectors.AbstractInjector.newInstance(AbstractInjector.java:145)
	at org.picocontainer.injectors.ConstructorInjector$1.run(ConstructorInjector.java:342)
	at org.picocontainer.injectors.AbstractInjector$ThreadLocalCyclicDependencyGuard.observe(AbstractInjector.java:270)
	at org.picocontainer.injectors.ConstructorInjector.getComponentInstance(ConstructorInjector.java:364)
	at org.picocontainer.injectors.AbstractInjectionFactory$LifecycleAdapter.getComponentInstance(AbstractInjectionFactory.java:56)
	at org.picocontainer.behaviors.AbstractBehavior.getComponentInstance(AbstractBehavior.java:64)
	at org.picocontainer.behaviors.Stored.getComponentInstance(Stored.java:91)
	at org.picocontainer.DefaultPicoContainer.getInstance(DefaultPicoContainer.java:699)
	at org.picocontainer.DefaultPicoContainer.getComponent(DefaultPicoContainer.java:647)
	at org.picocontainer.DefaultPicoContainer.getComponent(DefaultPicoContainer.java:632)
	at org.picocontainer.parameters.BasicComponentParameter$1.resolveInstance(BasicComponentParameter.java:118)
	at org.picocontainer.parameters.ComponentParameter$1.resolveInstance(ComponentParameter.java:136)
	at org.picocontainer.injectors.SingleMemberInjector.getParameter(SingleMemberInjector.java:78)
	at org.picocontainer.injectors.ConstructorInjector$CtorAndAdapters.getParameterArguments(ConstructorInjector.java:309)
	at org.picocontainer.injectors.ConstructorInjector$1.run(ConstructorInjector.java:335)
	at org.picocontainer.injectors.AbstractInjector$ThreadLocalCyclicDependencyGuard.observe(AbstractInjector.java:270)
	at org.picocontainer.injectors.ConstructorInjector.getComponentInstance(ConstructorInjector.java:364)
	at org.picocontainer.injectors.AbstractInjectionFactory$LifecycleAdapter.getComponentInstance(AbstractInjectionFactory.java:56)
	at org.picocontainer.behaviors.AbstractBehavior.getComponentInstance(AbstractBehavior.java:64)
	at org.picocontainer.behaviors.Stored.getComponentInstance(Stored.java:91)
	at org.picocontainer.DefaultPicoContainer.getInstance(DefaultPicoContainer.java:699)
	at org.picocontainer.DefaultPicoContainer.getComponent(DefaultPicoContainer.java:647)
	at org.picocontainer.DefaultPicoContainer.getComponent(DefaultPicoContainer.java:678)
	at io.cucumber.picocontainer.PicoFactory.getInstance(PicoFactory.java:64)
	at io.cucumber.java.AbstractGlueDefinition.invokeMethod(AbstractGlueDefinition.java:47)
	at io.cucumber.java.JavaHookDefinition.execute(JavaHookDefinition.java:64)
	at io.cucumber.core.runner.CoreHookDefinition.execute(CoreHookDefinition.java:46)
	at io.cucumber.core.runner.HookDefinitionMatch.runStep(HookDefinitionMatch.java:21)
	at io.cucumber.core.runner.ExecutionMode$1.execute(ExecutionMode.java:10)
	at io.cucumber.core.runner.TestStep.executeStep(TestStep.java:84)
	at io.cucumber.core.runner.TestStep.run(TestStep.java:56)
	at io.cucumber.core.runner.PickleStepTestStep.run(PickleStepTestStep.java:56)
	at io.cucumber.core.runner.TestCase.run(TestCase.java:84)
	at io.cucumber.core.runner.Runner.runPickle(Runner.java:75)
	at io.cucumber.testng.TestNGCucumberRunner.lambda$runScenario$1(TestNGCucumberRunner.java:132)
	at io.cucumber.core.runtime.CucumberExecutionContext.lambda$runTestCase$5(CucumberExecutionContext.java:137)
	at io.cucumber.core.runtime.RethrowingThrowableCollector.executeAndThrow(RethrowingThrowableCollector.java:23)
	at io.cucumber.core.runtime.CucumberExecutionContext.runTestCase(CucumberExecutionContext.java:137)
	at io.cucumber.testng.TestNGCucumberRunner.runScenario(TestNGCucumberRunner.java:129)
	at io.cucumber.testng.AbstractTestNGCucumberTests.runScenario(AbstractTestNGCucumberTests.java:35)
	at java.base/jdk.internal.reflect.NativeMethodAccessorImpl.invoke0(Native Method)
	at java.base/jdk.internal.reflect.NativeMethodAccessorImpl.invoke(NativeMethodAccessorImpl.java:62)
	at java.base/jdk.internal.reflect.DelegatingMethodAccessorImpl.invoke(DelegatingMethodAccessorImpl.java:43)
	at java.base/java.lang.reflect.Method.invoke(Method.java:566)
	at org.testng.internal.invokers.MethodInvocationHelper.invokeMethod(Unknown Source)
	at org.testng.internal.invokers.TestInvoker.a(Unknown Source)
	at org.testng.internal.invokers.TestInvoker.invokeTestMethod(Unknown Source)
	at org.testng.internal.invokers.MethodRunner.runInSequence(Unknown Source)
	at org.testng.internal.invokers.TestInvoker$MethodInvocationAgent.a(Unknown Source)
	at org.testng.internal.invokers.TestInvoker.invokeTestMethods(Unknown Source)
	at org.testng.internal.invokers.TestMethodWorker.invokeTestMethods(Unknown Source)
	at org.testng.internal.invokers.TestMethodWorker.run(Unknown Source)
	at java.base/java.util.ArrayList.forEach(ArrayList.java:1541)
	at org.testng.TestRunner.a(Unknown Source)
	at org.testng.TestRunner.run(Unknown Source)
	at org.testng.SuiteRunner.a(Unknown Source)
	at org.testng.SuiteRunner.a(Unknown Source)
	at org.testng.SuiteRunner$SuiteWorker.run(Unknown Source)
	at org.testng.internal.thread.ThreadUtil.a(Unknown Source)
	at java.base/java.util.concurrent.FutureTask.run(FutureTask.java:264)
	at java.base/java.util.concurrent.ThreadPoolExecutor.runWorker(ThreadPoolExecutor.java:1128)
	at java.base/java.util.concurrent.ThreadPoolExecutor$Worker.run(ThreadPoolExecutor.java:628)
	at java.base/java.lang.Thread.run(Thread.java:834)
&amp#27;[0m
  &amp#27;[36mWhen &amp#27;[0m&amp#27;[36mUser logs in with username &amp#27;[0m&amp#27;[36m&amp#27;[1m"rajyalakshmi724@gmail.com"&amp#27;[0m&amp#27;[36m and password &amp#27;[0m&amp#27;[36m&amp#27;[1m"Amma@31348286"&amp#27;[0m                &amp#27;[90m# stepDefinitions.LoginPageStepDefinitions.user_logs_in_with_username_and_password(java.lang.String,java.lang.String)&amp#27;[0m
  &amp#27;[36mThen &amp#27;[0m&amp#27;[36mUser should be able to login&amp#27;[0m                                                                       &amp#27;[90m# stepDefinitions.LoginPageStepDefinitions.user_should_be_able_to_login()&amp#27;[0m
  &amp#27;[36mThen &amp#27;[0m&amp#27;[36mUser clicks on the pre-planning icon in homepage&amp#27;[0m                                                   &amp#27;[90m# stepDefinitions.HomePageStepDefinitions.user_clicks_on_the_pre_planning_icon_in_homepage()&amp#27;[0m
  &amp#27;[36mAnd &amp#27;[0m&amp#27;[36mUser clicks on Frac Sequence Planning in menu tab&amp#27;[0m                                                   &amp#27;[90m# stepDefinitions.PrePlanningStepDefinitions.user_clicks_on_frac_sequence_planning_in_menu_tab()&amp#27;[0m
  &amp#27;[36mAnd &amp#27;[0m&amp#27;[36mGive decimal values &amp#27;[0m&amp#27;[36m&amp#27;[1m1.0&amp#27;[0m&amp#27;[36m and &amp#27;[0m&amp#27;[36m&amp#27;[1m5.0&amp#27;[0m&amp#27;[36m in Wireline Run time  tab the values should be accepted&amp#27;[0m             &amp#27;[90m# stepDefinitions.PrePlanningMenuPageStepDefinitions.give_decimal_values_and_in_wireline_run_time_tab_the_values_should_be_accepted(java.lang.Double,java.lang.Double)&amp#27;[0m
  &amp#27;[36mAnd &amp#27;[0m&amp#27;[36mGive integer values &amp#27;[0m&amp#27;[36m&amp#27;[1m9&amp#27;[0m&amp#27;[36m and &amp#27;[0m&amp#27;[36m&amp#27;[1m0&amp#27;[0m&amp#27;[36m in Wireline Run time tab the values should not be accepted&amp#27;[0m              &amp#27;[90m# stepDefinitions.PrePlanningMenuPageStepDefinitions.give_integer_values_and_in_wireline_run_time_tab_the_values_should_not_be_accepted(java.lang.Integer,java.lang.Integer)&amp#27;[0m
      &amp#27;[31mjava.lang.IllegalArgumentException: Multiple entries with same key: appium:app=bs://sample.app and appium:app=bs://c0f7fb58da2572be3153c560f9e6e13efa1dfc2d
	at com.google.common.collect.ImmutableMap.a(Unknown Source)
	at com.google.common.collect.ImmutableMap.a(Unknown Source)
	at com.google.common.collect.RegularImmutableMap.a(Unknown Source)
	at com.google.common.collect.RegularImmutableMap.b(Unknown Source)
	at com.google.common.collect.RegularImmutableMap.a(Unknown Source)
	at com.google.common.collect.ImmutableMap$Builder.a(Unknown Source)
	at com.google.common.collect.ImmutableMap$Builder.buildOrThrow(Unknown Source)
	at com.google.common.collect.ImmutableMap$Builder.build(Unknown Source)
	at java.base/java.util.stream.ReferencePipeline.collect(ReferencePipeline.java:582)
	at io.appium.java_client.remote.AppiumNewSessionCommandPayload.makeW3CSafe(AppiumNewSessionCommandPayload.java:40)
	at io.appium.java_client.remote.AppiumNewSessionCommandPayload.<init>(AppiumNewSessionCommandPayload.java:54)
	at io.appium.java_client.AppiumDriver.startSession(AppiumDriver.java:274)
	at org.openqa.selenium.remote.RemoteWebDriver.<init>(RemoteWebDriver.java:163)
	at io.appium.java_client.AppiumDriver.<init>(AppiumDriver.java:89)
	at io.appium.java_client.AppiumDriver.<init>(AppiumDriver.java:101)
	at io.appium.java_client.ios.IOSDriver.<init>(IOSDriver.java:104)
	at utils.TestBase.setup(TestBase.java:40)
	at utils.TestContextSetup.<init>(TestContextSetup.java:19)
	at java.base/jdk.internal.reflect.NativeConstructorAccessorImpl.newInstance0(Native Method)
	at java.base/jdk.internal.reflect.NativeConstructorAccessorImpl.newInstance(NativeConstructorAccessorImpl.java:62)
	at java.base/jdk.internal.reflect.DelegatingConstructorAccessorImpl.newInstance(DelegatingConstructorAccessorImpl.java:45)
	at java.base/java.lang.reflect.Constructor.newInstance(Constructor.java:490)
	at org.picocontainer.injectors.AbstractInjector.newInstance(AbstractInjector.java:145)
	at org.picocontainer.injectors.ConstructorInjector$1.run(ConstructorInjector.java:342)
	at org.picocontainer.injectors.AbstractInjector$ThreadLocalCyclicDependencyGuard.observe(AbstractInjector.java:270)
	at org.picocontainer.injectors.ConstructorInjector.getComponentInstance(ConstructorInjector.java:364)
	at org.picocontainer.injectors.AbstractInjectionFactory$LifecycleAdapter.getComponentInstance(AbstractInjectionFactory.java:56)
	at org.picocontainer.behaviors.AbstractBehavior.getComponentInstance(AbstractBehavior.java:64)
	at org.picocontainer.behaviors.Stored.getComponentInstance(Stored.java:91)
	at org.picocontainer.DefaultPicoContainer.getInstance(DefaultPicoContainer.java:699)
	at org.picocontainer.DefaultPicoContainer.getComponent(DefaultPicoContainer.java:647)
	at org.picocontainer.DefaultPicoContainer.getComponent(DefaultPicoContainer.java:632)
	at org.picocontainer.parameters.BasicComponentParameter$1.resolveInstance(BasicComponentParameter.java:118)
	at org.picocontainer.parameters.ComponentParameter$1.resolveInstance(ComponentParameter.java:136)
	at org.picocontainer.injectors.SingleMemberInjector.getParameter(SingleMemberInjector.java:78)
	at org.picocontainer.injectors.ConstructorInjector$CtorAndAdapters.getParameterArguments(ConstructorInjector.java:309)
	at org.picocontainer.injectors.ConstructorInjector$1.run(ConstructorInjector.java:335)
	at org.picocontainer.injectors.AbstractInjector$ThreadLocalCyclicDependencyGuard.observe(AbstractInjector.java:270)
	at org.picocontainer.injectors.ConstructorInjector.getComponentInstance(ConstructorInjector.java:364)
	at org.picocontainer.injectors.AbstractInjectionFactory$LifecycleAdapter.getComponentInstance(AbstractInjectionFactory.java:56)
	at org.picocontainer.behaviors.AbstractBehavior.getComponentInstance(AbstractBehavior.java:64)
	at org.picocontainer.behaviors.Stored.getComponentInstance(Stored.java:91)
	at org.picocontainer.DefaultPicoContainer.getInstance(DefaultPicoContainer.java:699)
	at org.picocontainer.DefaultPicoContainer.getComponent(DefaultPicoContainer.java:647)
	at org.picocontainer.DefaultPicoContainer.getComponent(DefaultPicoContainer.java:678)
	at io.cucumber.picocontainer.PicoFactory.getInstance(PicoFactory.java:64)
	at io.cucumber.java.AbstractGlueDefinition.invokeMethod(AbstractGlueDefinition.java:47)
	at io.cucumber.java.JavaHookDefinition.execute(JavaHookDefinition.java:64)
	at io.cucumber.core.runner.CoreHookDefinition.execute(CoreHookDefinition.java:46)
	at io.cucumber.core.runner.HookDefinitionMatch.runStep(HookDefinitionMatch.java:21)
	at io.cucumber.core.runner.ExecutionMode$1.execute(ExecutionMode.java:10)
	at io.cucumber.core.runner.TestStep.executeStep(TestStep.java:84)
	at io.cucumber.core.runner.TestStep.run(TestStep.java:56)
	at io.cucumber.core.runner.PickleStepTestStep.run(PickleStepTestStep.java:56)
	at io.cucumber.core.runner.TestCase.run(TestCase.java:84)
	at io.cucumber.core.runner.Runner.runPickle(Runner.java:75)
	at io.cucumber.testng.TestNGCucumberRunner.lambda$runScenario$1(TestNGCucumberRunner.java:132)
	at io.cucumber.core.runtime.CucumberExecutionContext.lambda$runTestCase$5(CucumberExecutionContext.java:137)
	at io.cucumber.core.runtime.RethrowingThrowableCollector.executeAndThrow(RethrowingThrowableCollector.java:23)
	at io.cucumber.core.runtime.CucumberExecutionContext.runTestCase(CucumberExecutionContext.java:137)
	at io.cucumber.testng.TestNGCucumberRunner.runScenario(TestNGCucumberRunner.java:129)
	at io.cucumber.testng.AbstractTestNGCucumberTests.runScenario(AbstractTestNGCucumberTests.java:35)
	at java.base/jdk.internal.reflect.NativeMethodAccessorImpl.invoke0(Native Method)
	at java.base/jdk.internal.reflect.NativeMethodAccessorImpl.invoke(NativeMethodAccessorImpl.java:62)
	at java.base/jdk.internal.reflect.DelegatingMethodAccessorImpl.invoke(DelegatingMethodAccessorImpl.java:43)
	at java.base/java.lang.reflect.Method.invoke(Method.java:566)
	at org.testng.internal.invokers.MethodInvocationHelper.invokeMethod(Unknown Source)
	at org.testng.internal.invokers.TestInvoker.a(Unknown Source)
	at org.testng.internal.invokers.TestInvoker.invokeTestMethod(Unknown Source)
	at org.testng.internal.invokers.MethodRunner.runInSequence(Unknown Source)
	at org.testng.internal.invokers.TestInvoker$MethodInvocationAgent.a(Unknown Source)
	at org.testng.internal.invokers.TestInvoker.invokeTestMethods(Unknown Source)
	at org.testng.internal.invokers.TestMethodWorker.invokeTestMethods(Unknown Source)
	at org.testng.internal.invokers.TestMethodWorker.run(Unknown Source)
	at java.base/java.util.ArrayList.forEach(ArrayList.java:1541)
	at org.testng.TestRunner.a(Unknown Source)
	at org.testng.TestRunner.run(Unknown Source)
	at org.testng.SuiteRunner.a(Unknown Source)
	at org.testng.SuiteRunner.a(Unknown Source)
	at org.testng.SuiteRunner$SuiteWorker.run(Unknown Source)
	at org.testng.internal.thread.ThreadUtil.a(Unknown Source)
	at java.base/java.util.concurrent.FutureTask.run(FutureTask.java:264)
	at java.base/java.util.concurrent.ThreadPoolExecutor.runWorker(ThreadPoolExecutor.java:1128)
	at java.base/java.util.concurrent.ThreadPoolExecutor$Worker.run(ThreadPoolExecutor.java:628)
	at java.base/java.lang.Thread.run(Thread.java:834)
&amp#27;[0m
  &amp#27;[36mWhen &amp#27;[0m&amp#27;[36mUser logs in with username &amp#27;[0m&amp#27;[36m&amp#27;[1m"rajyalakshmi724@gmail.com"&amp#27;[0m&amp#27;[36m and password &amp#27;[0m&amp#27;[36m&amp#27;[1m"Amma@31348286"&amp#27;[0m                &amp#27;[90m# stepDefinitions.LoginPageStepDefinitions.user_logs_in_with_username_and_password(java.lang.String,java.lang.String)&amp#27;[0m
  &amp#27;[36mThen &amp#27;[0m&amp#27;[36mUser should be able to login&amp#27;[0m                                                                       &amp#27;[90m# stepDefinitions.LoginPageStepDefinitions.user_should_be_able_to_login()&amp#27;[0m
  &amp#27;[36mThen &amp#27;[0m&amp#27;[36mUser clicks on the pre-planning icon in homepage&amp#27;[0m                                                   &amp#27;[90m# stepDefinitions.HomePageStepDefinitions.user_clicks_on_the_pre_planning_icon_in_homepage()&amp#27;[0m
  &amp#27;[36mAnd &amp#27;[0m&amp#27;[36mUser clicks on Frac Sequence Planning in menu tab&amp#27;[0m                                                   &amp#27;[90m# stepDefinitions.PrePlanningStepDefinitions.user_clicks_on_frac_sequence_planning_in_menu_tab()&amp#27;[0m
  &amp#27;[36mAnd &amp#27;[0m&amp#27;[36mGive decimal values &amp#27;[0m&amp#27;[36m&amp#27;[1m1.0&amp#27;[0m&amp#27;[36m and &amp#27;[0m&amp#27;[36m&amp#27;[1m5.0&amp#27;[0m&amp#27;[36m in Wireline Run time  tab the values should be accepted&amp#27;[0m             &amp#27;[90m# stepDefinitions.PrePlanningMenuPageStepDefinitions.give_decimal_values_and_in_wireline_run_time_tab_the_values_should_be_accepted(java.lang.Double,java.lang.Double)&amp#27;[0m
  &amp#27;[36mAnd &amp#27;[0m&amp#27;[36mGive integer values &amp#27;[0m&amp#27;[36m&amp#27;[1m9&amp#27;[0m&amp#27;[36m and &amp#27;[0m&amp#27;[36m&amp#27;[1m0&amp#27;[0m&amp#27;[36m in Wireline Run time tab the values should not be accepted&amp#27;[0m              &amp#27;[90m# stepDefinitions.PrePlanningMenuPageStepDefinitions.give_integer_values_and_in_wireline_run_time_tab_the_values_should_not_be_accepted(java.lang.Integer,java.lang.Integer)&amp#27;[0m
]]></system-out>
  </testcase>
  <testcase name="runScenario" classname="cucumberOptions.TestNGTestRunner" time="7.5">
    <failure message="Multiple entries with same key: appium:app=bs://sample.app and appium:app=bs://c0f7fb58da2572be3153c560f9e6e13efa1dfc2d" type="java.lang.IllegalArgumentException">java.lang.IllegalArgumentException: Multiple entries with same key: appium:app=bs://sample.app and appium:app=bs://c0f7fb58da2572be3153c560f9e6e13efa1dfc2d
</failure>
  </testcase>
  <testcase name="runScenario" classname="cucumberOptions.TestNGTestRunner" time="7.516">
    <failure message="Multiple entries with same key: appium:app=bs://sample.app and appium:app=bs://c0f7fb58da2572be3153c560f9e6e13efa1dfc2d" type="java.lang.IllegalArgumentException">java.lang.IllegalArgumentException: Multiple entries with same key: appium:app=bs://sample.app and appium:app=bs://c0f7fb58da2572be3153c560f9e6e13efa1dfc2d
</failure>
  </testcase>
</testsuite>